mode: set
github.com/your-org/sso/internal/cache/lru.go:32.42,38.2 1 1
github.com/your-org/sso/internal/cache/lru.go:41.77,46.9 4 1
github.com/your-org/sso/internal/cache/lru.go:46.9,48.3 1 1
github.com/your-org/sso/internal/cache/lru.go:50.2,53.68 2 1
github.com/your-org/sso/internal/cache/lru.go:53.68,56.3 2 1
github.com/your-org/sso/internal/cache/lru.go:59.2,60.26 2 1
github.com/your-org/sso/internal/cache/lru.go:64.95,69.34 3 1
github.com/your-org/sso/internal/cache/lru.go:69.34,73.14 3 1
github.com/your-org/sso/internal/cache/lru.go:73.14,75.4 1 0
github.com/your-org/sso/internal/cache/lru.go:76.3,77.9 2 1
github.com/your-org/sso/internal/cache/lru.go:81.2,81.37 1 1
github.com/your-org/sso/internal/cache/lru.go:81.37,83.3 1 1
github.com/your-org/sso/internal/cache/lru.go:86.2,87.13 2 1
github.com/your-org/sso/internal/cache/lru.go:87.13,89.3 1 1
github.com/your-org/sso/internal/cache/lru.go:91.2,98.21 3 1
github.com/your-org/sso/internal/cache/lru.go:102.60,106.34 3 1
github.com/your-org/sso/internal/cache/lru.go:106.34,108.3 1 1
github.com/your-org/sso/internal/cache/lru.go:112.30,116.2 3 1
github.com/your-org/sso/internal/cache/lru.go:119.35,121.17 2 1
github.com/your-org/sso/internal/cache/lru.go:121.17,123.3 1 1
github.com/your-org/sso/internal/cache/lru.go:127.54,131.2 3 1
github.com/your-org/sso/internal/cache/lru.go:134.28,139.2 4 1
github.com/your-org/sso/internal/cache/redis.go:61.42,63.2 1 1
github.com/your-org/sso/internal/cache/redis.go:66.38,68.2 1 1
github.com/your-org/sso/internal/cache/redis.go:71.40,73.2 1 1
github.com/your-org/sso/internal/cache/redis.go:76.40,78.2 1 1
github.com/your-org/sso/internal/cache/redis.go:100.36,107.2 3 1
github.com/your-org/sso/internal/cache/redis.go:111.84,116.13 4 1
github.com/your-org/sso/internal/cache/redis.go:116.13,118.3 1 1
github.com/your-org/sso/internal/cache/redis.go:121.2,121.38 1 1
github.com/your-org/sso/internal/cache/redis.go:121.38,124.78 2 1
github.com/your-org/sso/internal/cache/redis.go:124.78,126.4 1 1
github.com/your-org/sso/internal/cache/redis.go:127.3,128.22 2 1
github.com/your-org/sso/internal/cache/redis.go:132.2,132.90 1 1
github.com/your-org/sso/internal/cache/redis.go:132.90,134.3 1 0
github.com/your-org/sso/internal/cache/redis.go:136.2,136.41 1 1
github.com/your-org/sso/internal/cache/redis.go:141.104,143.16 2 1
github.com/your-org/sso/internal/cache/redis.go:143.16,145.3 1 1
github.com/your-org/sso/internal/cache/redis.go:147.2,154.12 4 1
github.com/your-org/sso/internal/cache/redis.go:160.143,164.18 3 1
github.com/your-org/sso/internal/cache/redis.go:164.18,171.3 2 1
github.com/your-org/sso/internal/cache/redis.go:174.2,175.16 2 1
github.com/your-org/sso/internal/cache/redis.go:175.16,177.3 1 1
github.com/your-org/sso/internal/cache/redis.go:179.2,184.12 2 1
github.com/your-org/sso/internal/cache/redis.go:188.69,193.2 4 1
github.com/your-org/sso/internal/cache/redis.go:197.80,199.26 2 1
github.com/your-org/sso/internal/cache/redis.go:199.26,200.35 1 1
github.com/your-org/sso/internal/cache/redis.go:200.35,202.4 1 1
github.com/your-org/sso/internal/cache/redis.go:204.2,205.12 2 1
github.com/your-org/sso/internal/cache/redis.go:209.37,214.9 3 1
github.com/your-org/sso/internal/cache/redis.go:215.18,215.18 0 1
github.com/your-org/sso/internal/cache/redis.go:217.10,218.18 1 1
github.com/your-org/sso/internal/cache/redis.go:221.2,222.12 2 1
github.com/your-org/sso/internal/cache/redis.go:225.33,229.6 3 1
github.com/your-org/sso/internal/cache/redis.go:229.6,230.10 1 1
github.com/your-org/sso/internal/cache/redis.go:231.19,232.10 1 1
github.com/your-org/sso/internal/cache/redis.go:233.19,235.21 2 0
github.com/your-org/sso/internal/cache/redis.go:235.21,238.5 2 0
github.com/your-org/sso/internal/cache/redis.go:239.4,243.34 4 0
github.com/your-org/sso/internal/cache/redis.go:243.34,244.34 1 0
github.com/your-org/sso/internal/cache/redis.go:244.34,246.6 1 0
github.com/your-org/sso/internal/cache/redis.go:248.4,248.17 1 0
github.com/your-org/sso/internal/cache/redis.go:253.47,254.20 1 1
github.com/your-org/sso/internal/cache/redis.go:254.20,256.3 1 1
github.com/your-org/sso/internal/cache/redis.go:258.2,258.56 1 1
github.com/your-org/sso/internal/cache/redis.go:258.56,260.3 1 1
github.com/your-org/sso/internal/cache/redis.go:262.2,262.23 1 1
github.com/your-org/sso/internal/cache/redis.go:284.72,296.47 4 1
github.com/your-org/sso/internal/cache/redis.go:296.47,298.3 1 1
github.com/your-org/sso/internal/cache/redis.go:300.2,300.41 1 0
github.com/your-org/sso/internal/cache/redis.go:304.73,310.47 4 0
github.com/your-org/sso/internal/cache/redis.go:310.47,312.3 1 0
github.com/your-org/sso/internal/cache/redis.go:314.2,314.41 1 0
github.com/your-org/sso/internal/cache/redis.go:318.54,320.2 1 0
github.com/your-org/sso/internal/cache/redis.go:323.83,325.16 2 0
github.com/your-org/sso/internal/cache/redis.go:325.16,326.23 1 0
github.com/your-org/sso/internal/cache/redis.go:326.23,328.4 1 0
github.com/your-org/sso/internal/cache/redis.go:329.3,329.13 1 0
github.com/your-org/sso/internal/cache/redis.go:332.2,332.76 1 0
github.com/your-org/sso/internal/cache/redis.go:332.76,334.3 1 0
github.com/your-org/sso/internal/cache/redis.go:336.2,336.34 1 0
github.com/your-org/sso/internal/cache/redis.go:340.103,342.16 2 0
github.com/your-org/sso/internal/cache/redis.go:342.16,344.3 1 0
github.com/your-org/sso/internal/cache/redis.go:346.2,346.48 1 0
github.com/your-org/sso/internal/cache/redis.go:350.142,351.18 1 0
github.com/your-org/sso/internal/cache/redis.go:351.18,353.3 1 0
github.com/your-org/sso/internal/cache/redis.go:355.2,356.16 2 0
github.com/your-org/sso/internal/cache/redis.go:356.16,358.3 1 0
github.com/your-org/sso/internal/cache/redis.go:360.2,360.48 1 0
github.com/your-org/sso/internal/cache/redis.go:364.68,366.2 1 0
github.com/your-org/sso/internal/cache/redis.go:370.79,374.6 3 0
github.com/your-org/sso/internal/cache/redis.go:374.6,377.17 2 0
github.com/your-org/sso/internal/cache/redis.go:377.17,379.4 1 0
github.com/your-org/sso/internal/cache/redis.go:382.3,382.20 1 0
github.com/your-org/sso/internal/cache/redis.go:382.20,383.59 1 0
github.com/your-org/sso/internal/cache/redis.go:383.59,385.5 1 0
github.com/your-org/sso/internal/cache/redis.go:386.4,386.29 1 0
github.com/your-org/sso/internal/cache/redis.go:390.3,391.18 2 0
github.com/your-org/sso/internal/cache/redis.go:391.18,392.9 1 0
github.com/your-org/sso/internal/cache/redis.go:396.3,396.10 1 0
github.com/your-org/sso/internal/cache/redis.go:397.21,398.20 1 0
github.com/your-org/sso/internal/cache/redis.go:399.44,399.44 0 0
github.com/your-org/sso/internal/cache/redis.go:403.2,404.12 2 0
github.com/your-org/sso/internal/cache/redis.go:408.36,410.2 1 0
github.com/your-org/sso/internal/cache/redis.go:428.43,429.22 1 1
github.com/your-org/sso/internal/cache/redis.go:429.22,431.3 1 1
github.com/your-org/sso/internal/cache/redis.go:433.2,434.16 2 1
github.com/your-org/sso/internal/cache/redis.go:434.16,436.3 1 1
github.com/your-org/sso/internal/cache/redis.go:438.2,438.24 1 0
github.com/your-org/sso/internal/cache/redis.go:443.55,444.22 1 1
github.com/your-org/sso/internal/cache/redis.go:444.22,447.3 2 1
github.com/your-org/sso/internal/cache/redis.go:449.2,450.16 2 1
github.com/your-org/sso/internal/cache/redis.go:450.16,453.3 2 1
github.com/your-org/sso/internal/cache/redis.go:455.2,456.24 2 0
