mode: set
github.com/your-org/sso/internal/service/admin.go:60.55,62.2 1 1
github.com/your-org/sso/internal/service/admin.go:65.86,67.2 1 1
github.com/your-org/sso/internal/service/admin.go:70.104,72.2 1 0
github.com/your-org/sso/internal/service/admin.go:79.102,81.2 1 1
github.com/your-org/sso/internal/service/admin.go:84.89,86.20 1 1
github.com/your-org/sso/internal/service/admin.go:86.20,89.65 3 1
github.com/your-org/sso/internal/service/admin.go:89.65,91.4 1 1
github.com/your-org/sso/internal/service/admin.go:95.2,96.16 2 1
github.com/your-org/sso/internal/service/admin.go:96.16,98.3 1 1
github.com/your-org/sso/internal/service/admin.go:101.2,101.20 1 1
github.com/your-org/sso/internal/service/admin.go:101.20,103.76 2 1
github.com/your-org/sso/internal/service/admin.go:103.76,105.4 1 0
github.com/your-org/sso/internal/service/admin.go:108.2,108.18 1 1
github.com/your-org/sso/internal/service/admin.go:112.78,114.16 2 1
github.com/your-org/sso/internal/service/admin.go:114.16,116.3 1 1
github.com/your-org/sso/internal/service/admin.go:118.2,121.50 3 1
github.com/your-org/sso/internal/service/admin.go:121.50,123.3 1 0
github.com/your-org/sso/internal/service/admin.go:126.2,126.65 1 1
github.com/your-org/sso/internal/service/admin.go:126.65,128.3 1 1
github.com/your-org/sso/internal/service/admin.go:130.2,130.12 1 1
github.com/your-org/sso/internal/service/admin.go:134.77,136.16 2 1
github.com/your-org/sso/internal/service/admin.go:136.16,138.3 1 1
github.com/your-org/sso/internal/service/admin.go:140.2,145.34 5 1
github.com/your-org/sso/internal/service/admin.go:149.77,151.65 1 0
github.com/your-org/sso/internal/service/admin.go:151.65,153.3 1 0
github.com/your-org/sso/internal/service/admin.go:156.2,156.36 1 0
github.com/your-org/sso/internal/service/admin.go:160.127,162.2 1 0
github.com/your-org/sso/internal/service/admin.go:169.85,171.42 2 1
github.com/your-org/sso/internal/service/admin.go:171.42,173.3 1 1
github.com/your-org/sso/internal/service/admin.go:175.2,180.8 1 1
github.com/your-org/sso/internal/service/admin.go:184.66,186.2 1 1
github.com/your-org/sso/internal/service/audit.go:36.55,48.2 3 1
github.com/your-org/sso/internal/service/audit.go:51.39,52.40 1 1
github.com/your-org/sso/internal/service/audit.go:52.40,54.3 1 1
github.com/your-org/sso/internal/service/audit.go:58.39,62.6 3 1
github.com/your-org/sso/internal/service/audit.go:62.6,63.10 1 1
github.com/your-org/sso/internal/service/audit.go:64.21,66.10 2 1
github.com/your-org/sso/internal/service/audit.go:67.27,68.75 1 1
github.com/your-org/sso/internal/service/audit.go:68.75,70.5 1 0
github.com/your-org/sso/internal/service/audit.go:76.32,78.2 1 1
github.com/your-org/sso/internal/service/audit.go:81.70,83.18 1 1
github.com/your-org/sso/internal/service/audit.go:83.18,85.3 1 1
github.com/your-org/sso/internal/service/audit.go:88.2,88.28 1 1
github.com/your-org/sso/internal/service/audit.go:88.28,90.3 1 1
github.com/your-org/sso/internal/service/audit.go:93.2,109.9 3 1
github.com/your-org/sso/internal/service/audit.go:110.24,110.24 0 1
github.com/your-org/sso/internal/service/audit.go:112.10,114.26 1 0
github.com/your-org/sso/internal/service/audit.go:120.78,128.12 2 0
github.com/your-org/sso/internal/service/audit.go:128.12,131.57 3 0
github.com/your-org/sso/internal/service/audit.go:131.57,137.4 1 0
github.com/your-org/sso/internal/service/audit.go:142.108,151.2 2 1
github.com/your-org/sso/internal/service/audit.go:154.116,164.2 2 1
github.com/your-org/sso/internal/service/audit.go:167.96,175.2 1 1
github.com/your-org/sso/internal/service/audit.go:178.100,186.2 1 1
github.com/your-org/sso/internal/service/audit.go:189.97,197.2 1 1
github.com/your-org/sso/internal/service/audit.go:200.108,210.2 2 1
github.com/your-org/sso/internal/service/audit.go:217.31,219.16 2 1
github.com/your-org/sso/internal/service/audit.go:219.16,221.3 1 0
github.com/your-org/sso/internal/service/audit.go:222.2,222.62 1 1
github.com/your-org/sso/internal/service/audit.go:225.85,232.2 1 1
github.com/your-org/sso/internal/service/audit.go:234.97,242.2 1 1
github.com/your-org/sso/internal/service/audit.go:244.96,252.2 1 1
github.com/your-org/sso/internal/service/audit.go:255.116,265.2 2 1
github.com/your-org/sso/internal/service/audit.go:267.84,274.2 1 1
github.com/your-org/sso/internal/service/audit.go:276.104,283.2 1 1
github.com/your-org/sso/internal/service/audit.go:285.88,292.2 1 1
github.com/your-org/sso/internal/service/audit.go:294.88,301.2 1 1
github.com/your-org/sso/internal/service/audit.go:303.90,310.2 1 1
github.com/your-org/sso/internal/service/audit.go:312.83,319.2 1 1
github.com/your-org/sso/internal/service/audit.go:321.85,328.2 1 1
github.com/your-org/sso/internal/service/audit.go:330.86,337.2 1 1
github.com/your-org/sso/internal/service/audit.go:339.73,346.2 2 1
github.com/your-org/sso/internal/service/audit.go:348.73,355.2 2 1
github.com/your-org/sso/internal/service/audit.go:357.76,364.2 2 1
github.com/your-org/sso/internal/service/auth.go:43.56,44.30 1 1
github.com/your-org/sso/internal/service/auth.go:44.30,46.3 1 1
github.com/your-org/sso/internal/service/auth.go:50.62,51.30 1 0
github.com/your-org/sso/internal/service/auth.go:51.30,53.3 1 0
github.com/your-org/sso/internal/service/auth.go:57.58,58.30 1 1
github.com/your-org/sso/internal/service/auth.go:58.30,60.3 1 1
github.com/your-org/sso/internal/service/auth.go:64.65,65.30 1 0
github.com/your-org/sso/internal/service/auth.go:65.30,67.3 1 0
github.com/your-org/sso/internal/service/auth.go:94.16,96.25 2 1
github.com/your-org/sso/internal/service/auth.go:96.25,98.3 1 1
github.com/your-org/sso/internal/service/auth.go:99.2,108.3 1 1
github.com/your-org/sso/internal/service/auth.go:119.16,130.30 2 1
github.com/your-org/sso/internal/service/auth.go:130.30,132.3 1 1
github.com/your-org/sso/internal/service/auth.go:134.2,134.12 1 1
github.com/your-org/sso/internal/service/auth.go:138.52,139.25 1 1
github.com/your-org/sso/internal/service/auth.go:139.25,141.3 1 1
github.com/your-org/sso/internal/service/auth.go:153.102,155.83 1 1
github.com/your-org/sso/internal/service/auth.go:155.83,157.3 1 1
github.com/your-org/sso/internal/service/auth.go:160.2,161.57 2 1
github.com/your-org/sso/internal/service/auth.go:161.57,163.3 1 1
github.com/your-org/sso/internal/service/auth.go:164.2,164.25 1 1
github.com/your-org/sso/internal/service/auth.go:164.25,166.3 1 1
github.com/your-org/sso/internal/service/auth.go:169.2,170.16 2 1
github.com/your-org/sso/internal/service/auth.go:170.16,172.3 1 0
github.com/your-org/sso/internal/service/auth.go:175.2,185.50 3 1
github.com/your-org/sso/internal/service/auth.go:185.50,187.3 1 1
github.com/your-org/sso/internal/service/auth.go:190.2,190.59 1 1
github.com/your-org/sso/internal/service/auth.go:190.59,193.3 1 0
github.com/your-org/sso/internal/service/auth.go:196.2,198.18 2 1
github.com/your-org/sso/internal/service/auth.go:202.90,203.22 1 1
github.com/your-org/sso/internal/service/auth.go:203.22,205.3 1 1
github.com/your-org/sso/internal/service/auth.go:206.2,206.54 1 0
github.com/your-org/sso/internal/service/auth.go:224.138,225.80 1 1
github.com/your-org/sso/internal/service/auth.go:225.80,227.3 1 0
github.com/your-org/sso/internal/service/auth.go:229.2,230.16 2 1
github.com/your-org/sso/internal/service/auth.go:230.16,231.43 1 1
github.com/your-org/sso/internal/service/auth.go:231.43,233.4 1 1
github.com/your-org/sso/internal/service/auth.go:234.3,234.18 1 1
github.com/your-org/sso/internal/service/auth.go:238.2,238.25 1 1
github.com/your-org/sso/internal/service/auth.go:238.25,241.3 2 1
github.com/your-org/sso/internal/service/auth.go:243.2,243.45 1 1
github.com/your-org/sso/internal/service/auth.go:243.45,245.3 1 1
github.com/your-org/sso/internal/service/auth.go:247.2,247.43 1 1
github.com/your-org/sso/internal/service/auth.go:247.43,248.68 1 1
github.com/your-org/sso/internal/service/auth.go:248.68,250.4 1 1
github.com/your-org/sso/internal/service/auth.go:252.3,252.80 1 1
github.com/your-org/sso/internal/service/auth.go:252.80,253.51 1 0
github.com/your-org/sso/internal/service/auth.go:253.51,255.5 1 0
github.com/your-org/sso/internal/service/auth.go:260.2,260.86 1 1
github.com/your-org/sso/internal/service/auth.go:260.86,263.20 2 1
github.com/your-org/sso/internal/service/auth.go:263.20,265.4 1 0
github.com/your-org/sso/internal/service/auth.go:265.9,265.20 1 1
github.com/your-org/sso/internal/service/auth.go:265.20,267.44 2 1
github.com/your-org/sso/internal/service/auth.go:267.44,269.5 1 0
github.com/your-org/sso/internal/service/auth.go:270.4,270.95 1 1
github.com/your-org/sso/internal/service/auth.go:272.3,273.43 2 1
github.com/your-org/sso/internal/service/auth.go:273.43,275.4 1 1
github.com/your-org/sso/internal/service/auth.go:276.3,276.36 1 1
github.com/your-org/sso/internal/service/auth.go:280.2,280.65 1 1
github.com/your-org/sso/internal/service/auth.go:280.65,282.3 1 0
github.com/your-org/sso/internal/service/auth.go:284.2,286.42 2 1
github.com/your-org/sso/internal/service/auth.go:286.42,288.3 1 1
github.com/your-org/sso/internal/service/auth.go:290.2,290.110 1 1
github.com/your-org/sso/internal/service/auth.go:293.105,295.2 1 1
github.com/your-org/sso/internal/service/auth.go:308.91,310.40 2 1
github.com/your-org/sso/internal/service/auth.go:310.40,311.63 1 1
github.com/your-org/sso/internal/service/auth.go:311.63,319.12 4 1
github.com/your-org/sso/internal/service/auth.go:323.3,323.21 1 1
github.com/your-org/sso/internal/service/auth.go:323.21,325.56 2 0
github.com/your-org/sso/internal/service/auth.go:325.56,327.5 1 0
github.com/your-org/sso/internal/service/auth.go:330.3,330.13 1 1
github.com/your-org/sso/internal/service/auth.go:332.2,332.88 1 1
github.com/your-org/sso/internal/service/auth.go:336.141,339.16 3 1
github.com/your-org/sso/internal/service/auth.go:339.16,342.3 2 1
github.com/your-org/sso/internal/service/auth.go:343.2,345.34 2 1
github.com/your-org/sso/internal/service/auth.go:345.34,348.3 2 1
github.com/your-org/sso/internal/service/auth.go:350.2,351.16 2 1
github.com/your-org/sso/internal/service/auth.go:351.16,354.3 2 1
github.com/your-org/sso/internal/service/auth.go:355.2,357.89 2 1
github.com/your-org/sso/internal/service/auth.go:357.89,365.3 2 1
github.com/your-org/sso/internal/service/auth.go:366.2,370.42 3 1
github.com/your-org/sso/internal/service/auth.go:370.42,372.3 1 1
github.com/your-org/sso/internal/service/auth.go:374.2,374.107 1 1
github.com/your-org/sso/internal/service/auth.go:377.108,379.2 1 1
github.com/your-org/sso/internal/service/auth.go:386.110,388.56 2 1
github.com/your-org/sso/internal/service/auth.go:388.56,390.3 1 1
github.com/your-org/sso/internal/service/auth.go:391.2,391.65 1 1
github.com/your-org/sso/internal/service/auth.go:391.65,397.3 2 1
github.com/your-org/sso/internal/service/auth.go:398.2,399.12 2 1
github.com/your-org/sso/internal/service/auth.go:403.77,405.2 1 1
github.com/your-org/sso/internal/service/auth.go:408.108,409.65 1 1
github.com/your-org/sso/internal/service/auth.go:409.65,415.3 2 1
github.com/your-org/sso/internal/service/auth.go:418.2,418.20 1 1
github.com/your-org/sso/internal/service/auth.go:418.20,419.80 1 0
github.com/your-org/sso/internal/service/auth.go:419.80,421.4 1 0
github.com/your-org/sso/internal/service/auth.go:424.2,425.42 2 1
github.com/your-org/sso/internal/service/auth.go:425.42,427.3 1 1
github.com/your-org/sso/internal/service/auth.go:428.2,428.12 1 1
github.com/your-org/sso/internal/service/auth.go:432.75,434.2 1 1
github.com/your-org/sso/internal/service/auth.go:437.37,438.21 1 1
github.com/your-org/sso/internal/service/auth.go:438.21,440.3 1 0
github.com/your-org/sso/internal/service/auth.go:441.2,441.26 1 1
github.com/your-org/sso/internal/service/auth.go:449.113,451.16 2 1
github.com/your-org/sso/internal/service/auth.go:451.16,453.3 1 1
github.com/your-org/sso/internal/service/auth.go:456.2,456.20 1 1
github.com/your-org/sso/internal/service/auth.go:456.20,459.66 3 0
github.com/your-org/sso/internal/service/auth.go:459.66,460.36 1 0
github.com/your-org/sso/internal/service/auth.go:460.36,462.5 1 0
github.com/your-org/sso/internal/service/auth.go:463.4,463.22 1 0
github.com/your-org/sso/internal/service/auth.go:468.2,469.16 2 1
github.com/your-org/sso/internal/service/auth.go:469.16,471.3 1 1
github.com/your-org/sso/internal/service/auth.go:472.2,472.34 1 1
github.com/your-org/sso/internal/service/auth.go:472.34,474.3 1 1
github.com/your-org/sso/internal/service/auth.go:477.2,477.20 1 1
github.com/your-org/sso/internal/service/auth.go:477.20,479.81 2 0
github.com/your-org/sso/internal/service/auth.go:479.81,481.4 1 0
github.com/your-org/sso/internal/service/auth.go:484.2,484.20 1 1
github.com/your-org/sso/internal/service/auth.go:498.33,501.16 3 1
github.com/your-org/sso/internal/service/auth.go:501.16,503.3 1 1
github.com/your-org/sso/internal/service/auth.go:504.2,504.18 1 1
github.com/your-org/sso/internal/service/email.go:43.105,44.28 1 1
github.com/your-org/sso/internal/service/email.go:44.28,46.3 1 0
github.com/your-org/sso/internal/service/email.go:47.2,47.55 1 1
github.com/your-org/sso/internal/service/email.go:62.79,64.41 2 1
github.com/your-org/sso/internal/service/email.go:64.41,66.3 1 1
github.com/your-org/sso/internal/service/email.go:67.2,71.3 1 1
github.com/your-org/sso/internal/service/email.go:79.91,91.28 9 1
github.com/your-org/sso/internal/service/email.go:91.28,93.3 1 1
github.com/your-org/sso/internal/service/email.go:94.2,103.30 5 1
github.com/your-org/sso/internal/service/email.go:103.30,105.3 1 1
github.com/your-org/sso/internal/service/email.go:105.8,107.3 1 1
github.com/your-org/sso/internal/service/email.go:109.2,109.16 1 1
github.com/your-org/sso/internal/service/email.go:109.16,112.3 2 1
github.com/your-org/sso/internal/service/email.go:114.2,115.12 2 1
github.com/your-org/sso/internal/service/email.go:119.90,122.16 2 0
github.com/your-org/sso/internal/service/email.go:122.16,124.3 1 0
github.com/your-org/sso/internal/service/email.go:126.2,132.16 3 0
github.com/your-org/sso/internal/service/email.go:132.16,134.3 1 0
github.com/your-org/sso/internal/service/email.go:135.2,139.16 3 0
github.com/your-org/sso/internal/service/email.go:139.16,141.3 1 0
github.com/your-org/sso/internal/service/email.go:142.2,145.27 2 0
github.com/your-org/sso/internal/service/email.go:145.27,147.42 2 0
github.com/your-org/sso/internal/service/email.go:147.42,149.4 1 0
github.com/your-org/sso/internal/service/email.go:153.2,153.41 1 0
github.com/your-org/sso/internal/service/email.go:153.41,155.3 1 0
github.com/your-org/sso/internal/service/email.go:156.2,156.26 1 0
github.com/your-org/sso/internal/service/email.go:156.26,157.42 1 0
github.com/your-org/sso/internal/service/email.go:157.42,159.4 1 0
github.com/your-org/sso/internal/service/email.go:162.2,163.16 2 0
github.com/your-org/sso/internal/service/email.go:163.16,165.3 1 0
github.com/your-org/sso/internal/service/email.go:166.2,167.16 2 0
github.com/your-org/sso/internal/service/email.go:167.16,169.3 1 0
github.com/your-org/sso/internal/service/email.go:170.2,171.16 2 0
github.com/your-org/sso/internal/service/email.go:171.16,173.3 1 0
github.com/your-org/sso/internal/service/email.go:175.2,175.22 1 0
github.com/your-org/sso/internal/service/email.go:179.95,181.16 2 1
github.com/your-org/sso/internal/service/email.go:181.16,183.3 1 0
github.com/your-org/sso/internal/service/email.go:186.2,187.27 2 1
github.com/your-org/sso/internal/service/email.go:187.27,189.3 1 0
github.com/your-org/sso/internal/service/email.go:193.2,193.49 1 1
github.com/your-org/sso/internal/service/email.go:201.106,237.16 3 1
github.com/your-org/sso/internal/service/email.go:237.16,239.3 1 0
github.com/your-org/sso/internal/service/email.go:241.2,246.16 3 1
github.com/your-org/sso/internal/service/email.go:246.16,248.3 1 0
github.com/your-org/sso/internal/service/email.go:250.2,250.77 1 1
github.com/your-org/sso/internal/service/email.go:258.106,294.16 3 1
github.com/your-org/sso/internal/service/email.go:294.16,296.3 1 0
github.com/your-org/sso/internal/service/email.go:298.2,303.16 3 1
github.com/your-org/sso/internal/service/email.go:303.16,305.3 1 0
github.com/your-org/sso/internal/service/email.go:307.2,307.77 1 1
github.com/your-org/sso/internal/service/keyrotation.go:27.23,34.2 1 1
github.com/your-org/sso/internal/service/keyrotation.go:36.88,38.57 2 1
github.com/your-org/sso/internal/service/keyrotation.go:38.57,40.3 1 0
github.com/your-org/sso/internal/service/keyrotation.go:42.2,43.16 2 1
github.com/your-org/sso/internal/service/keyrotation.go:43.16,45.3 1 0
github.com/your-org/sso/internal/service/keyrotation.go:47.2,48.16 2 1
github.com/your-org/sso/internal/service/keyrotation.go:48.16,50.3 1 0
github.com/your-org/sso/internal/service/keyrotation.go:52.2,52.64 1 1
github.com/your-org/sso/internal/service/keyrotation.go:52.64,54.3 1 0
github.com/your-org/sso/internal/service/keyrotation.go:56.2,57.16 2 1
github.com/your-org/sso/internal/service/keyrotation.go:57.16,59.3 1 0
github.com/your-org/sso/internal/service/keyrotation.go:61.2,62.16 2 1
github.com/your-org/sso/internal/service/keyrotation.go:62.16,64.3 1 0
github.com/your-org/sso/internal/service/keyrotation.go:66.2,66.81 1 1
github.com/your-org/sso/internal/service/keyrotation.go:66.81,68.3 1 0
github.com/your-org/sso/internal/service/keyrotation.go:70.2,70.22 1 1
github.com/your-org/sso/internal/service/keyrotation.go:70.22,72.79 2 1
github.com/your-org/sso/internal/service/keyrotation.go:72.79,74.4 1 0
github.com/your-org/sso/internal/service/keyrotation.go:74.9,79.4 1 1
github.com/your-org/sso/internal/service/keyrotation.go:82.2,82.23 1 1
github.com/your-org/sso/internal/service/keyrotation.go:82.23,84.3 1 1
github.com/your-org/sso/internal/service/keyrotation.go:86.2,91.27 2 1
github.com/your-org/sso/internal/service/keyrotation.go:94.83,96.16 2 1
github.com/your-org/sso/internal/service/keyrotation.go:96.16,98.3 1 0
github.com/your-org/sso/internal/service/keyrotation.go:100.2,103.27 3 1
github.com/your-org/sso/internal/service/keyrotation.go:103.27,104.99 1 1
github.com/your-org/sso/internal/service/keyrotation.go:104.99,105.60 1 1
github.com/your-org/sso/internal/service/keyrotation.go:105.60,107.13 2 0
github.com/your-org/sso/internal/service/keyrotation.go:109.4,113.25 4 1
github.com/your-org/sso/internal/service/keyrotation.go:113.25,115.5 1 1
github.com/your-org/sso/internal/service/keyrotation.go:119.2,119.26 1 1
github.com/your-org/sso/internal/service/keyrotation.go:122.81,124.16 2 1
github.com/your-org/sso/internal/service/keyrotation.go:124.16,126.3 1 1
github.com/your-org/sso/internal/service/keyrotation.go:128.2,128.41 1 1
github.com/your-org/sso/internal/service/keyrotation.go:128.41,130.3 1 1
github.com/your-org/sso/internal/service/keyrotation.go:132.2,132.57 1 1
github.com/your-org/sso/internal/service/keyrotation.go:132.57,134.3 1 0
github.com/your-org/sso/internal/service/keyrotation.go:136.2,138.23 2 1
github.com/your-org/sso/internal/service/keyrotation.go:138.23,140.3 1 1
github.com/your-org/sso/internal/service/keyrotation.go:142.2,144.12 2 1
github.com/your-org/sso/internal/service/keyrotation.go:147.93,149.2 1 1
github.com/your-org/sso/internal/service/keyrotation.go:151.97,153.57 2 1
github.com/your-org/sso/internal/service/keyrotation.go:153.57,155.3 1 0
github.com/your-org/sso/internal/service/keyrotation.go:157.2,157.22 1 1
github.com/your-org/sso/internal/service/keyrotation.go:157.22,159.3 1 1
github.com/your-org/sso/internal/service/keyrotation.go:161.2,161.25 1 1
github.com/your-org/sso/internal/service/mfa.go:42.51,47.2 1 1
github.com/your-org/sso/internal/service/mfa.go:49.84,54.2 1 0
github.com/your-org/sso/internal/service/mfa.go:60.127,62.16 2 1
github.com/your-org/sso/internal/service/mfa.go:62.16,64.3 1 1
github.com/your-org/sso/internal/service/mfa.go:66.2,66.21 1 1
github.com/your-org/sso/internal/service/mfa.go:66.21,68.3 1 1
github.com/your-org/sso/internal/service/mfa.go:70.2,71.16 2 1
github.com/your-org/sso/internal/service/mfa.go:71.16,73.3 1 0
github.com/your-org/sso/internal/service/mfa.go:75.2,78.50 3 1
github.com/your-org/sso/internal/service/mfa.go:78.50,80.3 1 1
github.com/your-org/sso/internal/service/mfa.go:82.2,84.23 2 1
github.com/your-org/sso/internal/service/mfa.go:84.23,86.3 1 1
github.com/your-org/sso/internal/service/mfa.go:88.2,91.8 1 1
github.com/your-org/sso/internal/service/mfa.go:94.100,96.2 1 1
github.com/your-org/sso/internal/service/mfa.go:98.116,100.16 2 1
github.com/your-org/sso/internal/service/mfa.go:100.16,102.3 1 1
github.com/your-org/sso/internal/service/mfa.go:104.2,104.21 1 1
github.com/your-org/sso/internal/service/mfa.go:104.21,106.3 1 1
github.com/your-org/sso/internal/service/mfa.go:108.2,108.26 1 1
github.com/your-org/sso/internal/service/mfa.go:108.26,110.3 1 1
github.com/your-org/sso/internal/service/mfa.go:112.2,112.41 1 1
github.com/your-org/sso/internal/service/mfa.go:112.41,114.3 1 1
github.com/your-org/sso/internal/service/mfa.go:116.2,119.50 3 1
github.com/your-org/sso/internal/service/mfa.go:119.50,121.3 1 0
github.com/your-org/sso/internal/service/mfa.go:123.2,123.23 1 1
github.com/your-org/sso/internal/service/mfa.go:123.23,125.3 1 1
github.com/your-org/sso/internal/service/mfa.go:127.2,127.12 1 1
github.com/your-org/sso/internal/service/mfa.go:130.89,132.2 1 1
github.com/your-org/sso/internal/service/mfa.go:134.108,136.16 2 1
github.com/your-org/sso/internal/service/mfa.go:136.16,138.3 1 1
github.com/your-org/sso/internal/service/mfa.go:140.2,140.22 1 1
github.com/your-org/sso/internal/service/mfa.go:140.22,142.3 1 1
github.com/your-org/sso/internal/service/mfa.go:144.2,144.41 1 1
github.com/your-org/sso/internal/service/mfa.go:144.41,146.3 1 1
github.com/your-org/sso/internal/service/mfa.go:148.2,152.50 4 1
github.com/your-org/sso/internal/service/mfa.go:152.50,154.3 1 0
github.com/your-org/sso/internal/service/mfa.go:156.2,156.23 1 1
github.com/your-org/sso/internal/service/mfa.go:156.23,158.3 1 1
github.com/your-org/sso/internal/service/mfa.go:160.2,160.12 1 1
github.com/your-org/sso/internal/service/mfa.go:163.81,165.2 1 1
github.com/your-org/sso/internal/service/mfa.go:167.105,169.16 2 1
github.com/your-org/sso/internal/service/mfa.go:169.16,171.3 1 1
github.com/your-org/sso/internal/service/mfa.go:173.2,175.8 1 1
github.com/your-org/sso/internal/service/mfa.go:182.43,184.45 2 1
github.com/your-org/sso/internal/service/mfa.go:184.45,186.3 1 0
github.com/your-org/sso/internal/service/mfa.go:187.2,187.85 1 1
github.com/your-org/sso/internal/service/mfa.go:190.51,192.2 1 1
github.com/your-org/sso/internal/service/mfa.go:194.45,197.16 3 1
github.com/your-org/sso/internal/service/mfa.go:197.16,199.3 1 0
github.com/your-org/sso/internal/service/mfa.go:201.2,205.27 3 1
github.com/your-org/sso/internal/service/mfa.go:205.27,208.12 2 1
github.com/your-org/sso/internal/service/mfa.go:208.12,211.36 2 1
github.com/your-org/sso/internal/service/mfa.go:211.36,213.13 1 0
github.com/your-org/sso/internal/service/mfa.go:215.4,215.44 1 1
github.com/your-org/sso/internal/service/mfa.go:216.9,219.4 1 1
github.com/your-org/sso/internal/service/mfa.go:221.3,222.27 2 1
github.com/your-org/sso/internal/service/mfa.go:222.27,224.4 1 1
github.com/your-org/sso/internal/service/mfa.go:227.2,227.14 1 1
github.com/your-org/sso/internal/service/mfa.go:230.57,246.2 8 1
github.com/your-org/sso/internal/service/oauth.go:51.79,57.2 1 1
github.com/your-org/sso/internal/service/oauth.go:60.112,66.2 1 1
github.com/your-org/sso/internal/service/oauth.go:69.110,76.2 1 1
github.com/your-org/sso/internal/service/oauth.go:79.95,81.20 1 1
github.com/your-org/sso/internal/service/oauth.go:81.20,84.67 3 0
github.com/your-org/sso/internal/service/oauth.go:84.67,86.4 1 0
github.com/your-org/sso/internal/service/oauth.go:90.2,91.16 2 1
github.com/your-org/sso/internal/service/oauth.go:91.16,93.3 1 1
github.com/your-org/sso/internal/service/oauth.go:96.2,96.20 1 1
github.com/your-org/sso/internal/service/oauth.go:96.20,98.77 2 0
github.com/your-org/sso/internal/service/oauth.go:98.77,100.4 1 0
github.com/your-org/sso/internal/service/oauth.go:103.2,103.20 1 1
github.com/your-org/sso/internal/service/oauth.go:119.19,121.16 2 1
github.com/your-org/sso/internal/service/oauth.go:121.16,123.3 1 1
github.com/your-org/sso/internal/service/oauth.go:125.2,125.62 1 1
github.com/your-org/sso/internal/service/oauth.go:125.62,127.3 1 1
github.com/your-org/sso/internal/service/oauth.go:129.2,130.42 2 1
github.com/your-org/sso/internal/service/oauth.go:130.42,131.48 1 1
github.com/your-org/sso/internal/service/oauth.go:131.48,133.9 2 1
github.com/your-org/sso/internal/service/oauth.go:136.2,136.23 1 1
github.com/your-org/sso/internal/service/oauth.go:136.23,138.3 1 0
github.com/your-org/sso/internal/service/oauth.go:140.2,140.25 1 1
github.com/your-org/sso/internal/service/oauth.go:140.25,141.70 1 1
github.com/your-org/sso/internal/service/oauth.go:141.70,143.4 1 1
github.com/your-org/sso/internal/service/oauth.go:146.2,147.16 2 1
github.com/your-org/sso/internal/service/oauth.go:147.16,149.3 1 0
github.com/your-org/sso/internal/service/oauth.go:151.2,163.70 2 1
github.com/your-org/sso/internal/service/oauth.go:163.70,165.3 1 0
github.com/your-org/sso/internal/service/oauth.go:168.2,168.23 1 1
github.com/your-org/sso/internal/service/oauth.go:168.23,170.3 1 1
github.com/your-org/sso/internal/service/oauth.go:172.2,172.18 1 1
github.com/your-org/sso/internal/service/oauth.go:183.33,186.16 2 1
github.com/your-org/sso/internal/service/oauth.go:186.16,188.3 1 1
github.com/your-org/sso/internal/service/oauth.go:191.2,191.86 1 1
github.com/your-org/sso/internal/service/oauth.go:191.86,193.3 1 1
github.com/your-org/sso/internal/service/oauth.go:196.2,196.78 1 1
github.com/your-org/sso/internal/service/oauth.go:196.78,198.3 1 1
github.com/your-org/sso/internal/service/oauth.go:201.2,201.77 1 1
github.com/your-org/sso/internal/service/oauth.go:201.77,203.3 1 0
github.com/your-org/sso/internal/service/oauth.go:206.2,206.47 1 1
github.com/your-org/sso/internal/service/oauth.go:215.37,217.16 2 1
github.com/your-org/sso/internal/service/oauth.go:217.16,220.3 2 1
github.com/your-org/sso/internal/service/oauth.go:222.2,222.35 1 1
github.com/your-org/sso/internal/service/oauth.go:222.35,225.3 2 0
github.com/your-org/sso/internal/service/oauth.go:227.2,227.41 1 1
github.com/your-org/sso/internal/service/oauth.go:227.41,230.3 2 0
github.com/your-org/sso/internal/service/oauth.go:232.2,232.43 1 1
github.com/your-org/sso/internal/service/oauth.go:232.43,235.3 2 0
github.com/your-org/sso/internal/service/oauth.go:237.2,237.28 1 1
github.com/your-org/sso/internal/service/oauth.go:237.28,240.3 2 1
github.com/your-org/sso/internal/service/oauth.go:242.2,242.22 1 1
github.com/your-org/sso/internal/service/oauth.go:251.9,253.16 2 1
github.com/your-org/sso/internal/service/oauth.go:253.16,255.3 1 0
github.com/your-org/sso/internal/service/oauth.go:257.2,257.26 1 1
github.com/your-org/sso/internal/service/oauth.go:257.26,258.62 1 1
github.com/your-org/sso/internal/service/oauth.go:258.62,261.4 2 1
github.com/your-org/sso/internal/service/oauth.go:264.2,264.12 1 1
github.com/your-org/sso/internal/service/oauth.go:273.9,274.34 1 1
github.com/your-org/sso/internal/service/oauth.go:274.34,275.104 1 1
github.com/your-org/sso/internal/service/oauth.go:275.104,278.4 2 1
github.com/your-org/sso/internal/service/oauth.go:280.2,280.12 1 1
github.com/your-org/sso/internal/service/oauth.go:288.9,291.71 3 1
github.com/your-org/sso/internal/service/oauth.go:291.71,293.3 1 0
github.com/your-org/sso/internal/service/oauth.go:296.2,296.23 1 1
github.com/your-org/sso/internal/service/oauth.go:296.23,298.3 1 1
github.com/your-org/sso/internal/service/oauth.go:300.2,300.12 1 1
github.com/your-org/sso/internal/service/oauth.go:307.33,309.16 2 1
github.com/your-org/sso/internal/service/oauth.go:309.16,311.3 1 0
github.com/your-org/sso/internal/service/oauth.go:313.2,313.23 1 1
github.com/your-org/sso/internal/service/oauth.go:313.23,315.3 1 0
github.com/your-org/sso/internal/service/oauth.go:317.2,325.3 2 1
github.com/your-org/sso/internal/service/oauth.go:329.108,330.23 1 1
github.com/your-org/sso/internal/service/oauth.go:330.23,332.3 1 1
github.com/your-org/sso/internal/service/oauth.go:336.77,338.37 2 1
github.com/your-org/sso/internal/service/oauth.go:338.37,341.3 1 0
github.com/your-org/sso/internal/service/oauth.go:342.2,342.12 1 1
github.com/your-org/sso/internal/service/oauth.go:349.59,350.23 1 1
github.com/your-org/sso/internal/service/oauth.go:350.23,351.28 1 0
github.com/your-org/sso/internal/service/oauth.go:351.28,353.4 1 0
github.com/your-org/sso/internal/service/oauth.go:354.3,354.13 1 0
github.com/your-org/sso/internal/service/oauth.go:357.2,357.22 1 1
github.com/your-org/sso/internal/service/oauth.go:357.22,363.75 5 1
github.com/your-org/sso/internal/service/oauth.go:363.75,365.4 1 1
github.com/your-org/sso/internal/service/oauth.go:366.3,366.13 1 1
github.com/your-org/sso/internal/service/oauth.go:369.2,369.32 1 0
github.com/your-org/sso/internal/service/oauth.go:372.56,374.2 1 1
github.com/your-org/sso/internal/service/oauth.go:377.58,378.51 1 1
github.com/your-org/sso/internal/service/oauth.go:378.51,380.3 1 1
github.com/your-org/sso/internal/service/oauth.go:382.2,382.25 1 0
github.com/your-org/sso/internal/service/social.go:82.23,85.26 2 1
github.com/your-org/sso/internal/service/social.go:85.26,95.3 1 1
github.com/your-org/sso/internal/service/social.go:97.2,97.26 1 1
github.com/your-org/sso/internal/service/social.go:97.26,107.3 1 1
github.com/your-org/sso/internal/service/social.go:109.2,121.12 3 1
github.com/your-org/sso/internal/service/social.go:131.23,132.23 1 1
github.com/your-org/sso/internal/service/social.go:132.23,134.3 1 0
github.com/your-org/sso/internal/service/social.go:135.2,147.12 3 1
github.com/your-org/sso/internal/service/social.go:152.53,156.6 3 1
github.com/your-org/sso/internal/service/social.go:156.6,157.10 1 1
github.com/your-org/sso/internal/service/social.go:158.19,159.57 1 0
github.com/your-org/sso/internal/service/social.go:159.57,161.12 2 0
github.com/your-org/sso/internal/service/social.go:161.12,165.6 2 0
github.com/your-org/sso/internal/service/social.go:167.5,167.51 1 0
github.com/your-org/sso/internal/service/social.go:167.51,169.6 1 0
github.com/your-org/sso/internal/service/social.go:170.5,170.16 1 0
github.com/your-org/sso/internal/service/social.go:172.21,173.10 1 1
github.com/your-org/sso/internal/service/social.go:179.38,181.2 1 1
github.com/your-org/sso/internal/service/social.go:187.54,189.32 2 1
github.com/your-org/sso/internal/service/social.go:189.32,191.3 1 1
github.com/your-org/sso/internal/service/social.go:192.2,192.18 1 1
github.com/your-org/sso/internal/service/social.go:195.103,197.9 2 1
github.com/your-org/sso/internal/service/social.go:197.9,199.3 1 1
github.com/your-org/sso/internal/service/social.go:201.2,201.23 1 1
github.com/your-org/sso/internal/service/social.go:201.23,203.3 1 1
github.com/your-org/sso/internal/service/social.go:206.2,206.17 1 1
github.com/your-org/sso/internal/service/social.go:206.17,208.3 1 1
github.com/your-org/sso/internal/service/social.go:211.2,225.47 3 1
github.com/your-org/sso/internal/service/social.go:228.139,230.9 2 1
github.com/your-org/sso/internal/service/social.go:230.9,232.3 1 1
github.com/your-org/sso/internal/service/social.go:235.2,235.17 1 1
github.com/your-org/sso/internal/service/social.go:235.17,237.3 1 0
github.com/your-org/sso/internal/service/social.go:240.2,241.13 2 1
github.com/your-org/sso/internal/service/social.go:241.13,243.3 1 0
github.com/your-org/sso/internal/service/social.go:246.2,247.9 2 1
github.com/your-org/sso/internal/service/social.go:247.9,249.3 1 0
github.com/your-org/sso/internal/service/social.go:252.2,252.48 1 1
github.com/your-org/sso/internal/service/social.go:252.48,254.3 1 0
github.com/your-org/sso/internal/service/social.go:257.2,257.23 1 1
github.com/your-org/sso/internal/service/social.go:257.23,259.3 1 0
github.com/your-org/sso/internal/service/social.go:261.2,262.16 2 1
github.com/your-org/sso/internal/service/social.go:262.16,264.3 1 1
github.com/your-org/sso/internal/service/social.go:266.2,267.16 2 1
github.com/your-org/sso/internal/service/social.go:267.16,269.3 1 0
github.com/your-org/sso/internal/service/social.go:271.2,272.16 2 1
github.com/your-org/sso/internal/service/social.go:272.16,274.3 1 1
github.com/your-org/sso/internal/service/social.go:276.2,276.39 1 1
github.com/your-org/sso/internal/service/social.go:283.103,293.16 3 1
github.com/your-org/sso/internal/service/social.go:293.16,295.3 1 0
github.com/your-org/sso/internal/service/social.go:296.2,300.16 4 1
github.com/your-org/sso/internal/service/social.go:300.16,302.3 1 0
github.com/your-org/sso/internal/service/social.go:303.2,306.16 3 1
github.com/your-org/sso/internal/service/social.go:306.16,308.3 1 0
github.com/your-org/sso/internal/service/social.go:310.2,311.54 2 1
github.com/your-org/sso/internal/service/social.go:311.54,313.3 1 0
github.com/your-org/sso/internal/service/social.go:315.2,315.54 1 1
github.com/your-org/sso/internal/service/social.go:315.54,317.3 1 1
github.com/your-org/sso/internal/service/social.go:319.2,319.32 1 1
github.com/your-org/sso/internal/service/social.go:322.112,324.16 2 1
github.com/your-org/sso/internal/service/social.go:324.16,326.3 1 0
github.com/your-org/sso/internal/service/social.go:327.2,330.16 3 1
github.com/your-org/sso/internal/service/social.go:330.16,332.3 1 0
github.com/your-org/sso/internal/service/social.go:333.2,336.16 3 1
github.com/your-org/sso/internal/service/social.go:336.16,338.3 1 0
github.com/your-org/sso/internal/service/social.go:340.2,341.56 2 1
github.com/your-org/sso/internal/service/social.go:341.56,343.3 1 0
github.com/your-org/sso/internal/service/social.go:345.2,345.22 1 1
github.com/your-org/sso/internal/service/social.go:348.139,351.18 2 1
github.com/your-org/sso/internal/service/social.go:352.16,353.40 1 1
github.com/your-org/sso/internal/service/social.go:354.16,356.18 2 1
github.com/your-org/sso/internal/service/social.go:356.18,357.51 1 1
github.com/your-org/sso/internal/service/social.go:357.51,359.5 1 1
github.com/your-org/sso/internal/service/social.go:363.2,363.17 1 1
github.com/your-org/sso/internal/service/social.go:363.17,365.3 1 1
github.com/your-org/sso/internal/service/social.go:367.2,368.16 2 1
github.com/your-org/sso/internal/service/social.go:368.16,369.44 1 1
github.com/your-org/sso/internal/service/social.go:369.44,371.4 1 0
github.com/your-org/sso/internal/service/social.go:373.3,383.51 3 1
github.com/your-org/sso/internal/service/social.go:383.51,385.4 1 0
github.com/your-org/sso/internal/service/social.go:388.2,388.18 1 1
github.com/your-org/sso/internal/service/social.go:391.117,393.2 1 1
github.com/your-org/sso/internal/service/token.go:29.82,34.2 1 1
github.com/your-org/sso/internal/service/token.go:43.33,46.16 3 1
github.com/your-org/sso/internal/service/token.go:46.16,49.3 2 0
github.com/your-org/sso/internal/service/token.go:50.2,54.16 4 1
github.com/your-org/sso/internal/service/token.go:54.16,57.3 2 0
github.com/your-org/sso/internal/service/token.go:58.2,72.61 4 1
github.com/your-org/sso/internal/service/token.go:72.61,75.3 2 1
github.com/your-org/sso/internal/service/token.go:76.2,83.8 2 1
github.com/your-org/sso/internal/service/user.go:56.16,64.2 1 1
github.com/your-org/sso/internal/service/user.go:72.16,80.2 1 0
github.com/your-org/sso/internal/service/user.go:86.87,88.16 2 1
github.com/your-org/sso/internal/service/user.go:88.16,90.3 1 1
github.com/your-org/sso/internal/service/user.go:92.2,92.24 1 1
github.com/your-org/sso/internal/service/user.go:92.24,94.3 1 1
github.com/your-org/sso/internal/service/user.go:96.2,97.16 2 1
github.com/your-org/sso/internal/service/user.go:97.16,99.3 1 0
github.com/your-org/sso/internal/service/user.go:101.2,102.86 2 1
github.com/your-org/sso/internal/service/user.go:102.86,104.3 1 1
github.com/your-org/sso/internal/service/user.go:106.2,108.23 2 1
github.com/your-org/sso/internal/service/user.go:108.23,109.99 1 1
github.com/your-org/sso/internal/service/user.go:109.99,111.4 1 1
github.com/your-org/sso/internal/service/user.go:114.2,114.12 1 1
github.com/your-org/sso/internal/service/user.go:117.84,119.16 2 1
github.com/your-org/sso/internal/service/user.go:119.16,120.43 1 1
github.com/your-org/sso/internal/service/user.go:120.43,122.4 1 1
github.com/your-org/sso/internal/service/user.go:123.3,123.13 1 1
github.com/your-org/sso/internal/service/user.go:126.2,126.32 1 1
github.com/your-org/sso/internal/service/user.go:126.32,128.3 1 1
github.com/your-org/sso/internal/service/user.go:130.2,130.46 1 1
github.com/your-org/sso/internal/service/user.go:130.46,132.3 1 1
github.com/your-org/sso/internal/service/user.go:134.2,135.16 2 1
github.com/your-org/sso/internal/service/user.go:135.16,137.3 1 1
github.com/your-org/sso/internal/service/user.go:139.2,142.50 3 1
github.com/your-org/sso/internal/service/user.go:142.50,144.3 1 1
github.com/your-org/sso/internal/service/user.go:147.2,147.69 1 1
github.com/your-org/sso/internal/service/user.go:147.69,149.3 1 0
github.com/your-org/sso/internal/service/user.go:151.2,151.12 1 1
github.com/your-org/sso/internal/service/user.go:158.79,160.16 2 1
github.com/your-org/sso/internal/service/user.go:160.16,164.3 2 1
github.com/your-org/sso/internal/service/user.go:166.2,167.16 2 1
github.com/your-org/sso/internal/service/user.go:167.16,170.3 2 0
github.com/your-org/sso/internal/service/user.go:172.2,173.80 2 1
github.com/your-org/sso/internal/service/user.go:173.80,176.3 2 1
github.com/your-org/sso/internal/service/user.go:178.2,180.23 2 1
github.com/your-org/sso/internal/service/user.go:180.23,181.99 1 1
github.com/your-org/sso/internal/service/user.go:181.99,184.4 1 1
github.com/your-org/sso/internal/service/user.go:187.2,187.12 1 1
github.com/your-org/sso/internal/service/user.go:190.126,192.64 1 1
github.com/your-org/sso/internal/service/user.go:192.64,194.3 1 1
github.com/your-org/sso/internal/service/user.go:196.2,197.16 2 1
github.com/your-org/sso/internal/service/user.go:197.16,198.43 1 1
github.com/your-org/sso/internal/service/user.go:198.43,200.4 1 1
github.com/your-org/sso/internal/service/user.go:201.3,201.13 1 1
github.com/your-org/sso/internal/service/user.go:204.2,204.32 1 1
github.com/your-org/sso/internal/service/user.go:204.32,206.3 1 1
github.com/your-org/sso/internal/service/user.go:208.2,208.46 1 1
github.com/your-org/sso/internal/service/user.go:208.46,210.3 1 1
github.com/your-org/sso/internal/service/user.go:212.2,213.16 2 1
github.com/your-org/sso/internal/service/user.go:213.16,215.3 1 1
github.com/your-org/sso/internal/service/user.go:217.2,218.16 2 1
github.com/your-org/sso/internal/service/user.go:218.16,220.3 1 0
github.com/your-org/sso/internal/service/user.go:222.2,227.50 5 1
github.com/your-org/sso/internal/service/user.go:227.50,229.3 1 1
github.com/your-org/sso/internal/service/user.go:232.2,232.62 1 1
github.com/your-org/sso/internal/service/user.go:232.62,234.3 1 0
github.com/your-org/sso/internal/service/user.go:236.2,236.65 1 1
github.com/your-org/sso/internal/service/user.go:236.65,238.3 1 0
github.com/your-org/sso/internal/service/user.go:240.2,240.23 1 1
github.com/your-org/sso/internal/service/user.go:240.23,242.3 1 1
github.com/your-org/sso/internal/service/user.go:244.2,244.12 1 1
github.com/your-org/sso/internal/service/user.go:247.99,249.2 1 1
github.com/your-org/sso/internal/service/user.go:255.133,257.16 2 1
github.com/your-org/sso/internal/service/user.go:257.16,259.3 1 1
github.com/your-org/sso/internal/service/user.go:261.2,261.85 1 1
github.com/your-org/sso/internal/service/user.go:261.85,262.24 1 1
github.com/your-org/sso/internal/service/user.go:262.24,264.4 1 1
github.com/your-org/sso/internal/service/user.go:265.3,265.41 1 1
github.com/your-org/sso/internal/service/user.go:268.2,268.64 1 1
github.com/your-org/sso/internal/service/user.go:268.64,270.3 1 1
github.com/your-org/sso/internal/service/user.go:272.2,273.16 2 1
github.com/your-org/sso/internal/service/user.go:273.16,275.3 1 0
github.com/your-org/sso/internal/service/user.go:277.2,280.50 3 1
github.com/your-org/sso/internal/service/user.go:280.50,282.3 1 1
github.com/your-org/sso/internal/service/user.go:284.2,284.23 1 1
github.com/your-org/sso/internal/service/user.go:284.23,286.3 1 1
github.com/your-org/sso/internal/service/user.go:288.2,288.12 1 1
github.com/your-org/sso/internal/service/user.go:291.106,293.2 1 1
