mode: set
github.com/your-org/sso/cmd/server/main.go:33.13,36.16 2 0
github.com/your-org/sso/cmd/server/main.go:36.16,39.3 2 0
github.com/your-org/sso/cmd/server/main.go:42.2,51.16 4 0
github.com/your-org/sso/cmd/server/main.go:51.16,54.3 2 0
github.com/your-org/sso/cmd/server/main.go:55.2,63.16 5 0
github.com/your-org/sso/cmd/server/main.go:63.16,66.3 2 0
github.com/your-org/sso/cmd/server/main.go:67.2,75.66 5 0
github.com/your-org/sso/cmd/server/main.go:75.66,86.17 3 0
github.com/your-org/sso/cmd/server/main.go:86.17,89.4 2 0
github.com/your-org/sso/cmd/server/main.go:90.3,92.4 1 0
github.com/your-org/sso/cmd/server/main.go:93.8,96.17 2 0
github.com/your-org/sso/cmd/server/main.go:96.17,99.4 2 0
github.com/your-org/sso/cmd/server/main.go:100.3,101.17 2 0
github.com/your-org/sso/cmd/server/main.go:101.17,104.4 2 0
github.com/your-org/sso/cmd/server/main.go:105.3,111.4 1 0
github.com/your-org/sso/cmd/server/main.go:114.2,151.62 13 0
github.com/your-org/sso/cmd/server/main.go:151.62,153.3 1 0
github.com/your-org/sso/cmd/server/main.go:154.2,154.62 1 0
github.com/your-org/sso/cmd/server/main.go:154.62,156.3 1 0
github.com/your-org/sso/cmd/server/main.go:159.2,278.12 64 0
github.com/your-org/sso/cmd/server/main.go:278.12,280.80 2 0
github.com/your-org/sso/cmd/server/main.go:280.80,283.4 2 0
github.com/your-org/sso/cmd/server/main.go:287.2,287.9 1 0
github.com/your-org/sso/cmd/server/main.go:288.24,291.9 3 0
github.com/your-org/sso/cmd/server/main.go:292.38,296.3 3 0
github.com/your-org/sso/cmd/server/main.go:296.6,298.82 2 0
github.com/your-org/sso/cmd/server/main.go:303.29,305.2 1 0
github.com/your-org/sso/cmd/server/main.go:309.57,318.2 2 0
github.com/your-org/sso/cmd/server/main.go:321.59,323.16 2 0
github.com/your-org/sso/cmd/server/main.go:323.16,325.3 1 0
github.com/your-org/sso/cmd/server/main.go:328.2,335.44 6 0
github.com/your-org/sso/cmd/server/main.go:335.44,337.3 1 0
github.com/your-org/sso/cmd/server/main.go:339.2,339.16 1 0
github.com/your-org/sso/cmd/server/main.go:343.60,347.2 3 0
github.com/your-org/sso/cmd/server/main.go:350.175,355.21 2 0
github.com/your-org/sso/cmd/server/main.go:355.21,358.3 2 0
github.com/your-org/sso/cmd/server/main.go:361.2,361.22 1 0
github.com/your-org/sso/cmd/server/main.go:361.22,364.3 2 0
github.com/your-org/sso/cmd/server/main.go:366.2,369.45 3 0
github.com/your-org/sso/cmd/server/main.go:369.45,372.3 2 0
github.com/your-org/sso/cmd/server/main.go:374.2,374.39 1 0
github.com/your-org/sso/examples/api-server/main.go:55.69,58.16 2 0
github.com/your-org/sso/examples/api-server/main.go:58.16,60.3 1 0
github.com/your-org/sso/examples/api-server/main.go:62.2,65.8 1 0
github.com/your-org/sso/examples/api-server/main.go:69.61,72.16 2 0
github.com/your-org/sso/examples/api-server/main.go:72.16,74.3 1 0
github.com/your-org/sso/examples/api-server/main.go:75.2,79.65 3 0
github.com/your-org/sso/examples/api-server/main.go:79.65,81.3 1 0
github.com/your-org/sso/examples/api-server/main.go:83.2,83.25 1 0
github.com/your-org/sso/examples/api-server/main.go:83.25,85.3 1 0
github.com/your-org/sso/examples/api-server/main.go:88.2,89.22 2 0
github.com/your-org/sso/examples/api-server/main.go:89.22,91.3 1 0
github.com/your-org/sso/examples/api-server/main.go:95.2,95.49 1 0
github.com/your-org/sso/examples/api-server/main.go:99.67,100.71 1 0
github.com/your-org/sso/examples/api-server/main.go:100.71,103.23 2 0
github.com/your-org/sso/examples/api-server/main.go:103.23,106.4 2 0
github.com/your-org/sso/examples/api-server/main.go:109.3,110.46 2 0
github.com/your-org/sso/examples/api-server/main.go:110.46,113.4 2 0
github.com/your-org/sso/examples/api-server/main.go:116.3,116.81 1 0
github.com/your-org/sso/examples/api-server/main.go:116.81,118.58 1 0
github.com/your-org/sso/examples/api-server/main.go:118.58,120.5 1 0
github.com/your-org/sso/examples/api-server/main.go:121.4,121.27 1 0
github.com/your-org/sso/examples/api-server/main.go:124.3,124.17 1 0
github.com/your-org/sso/examples/api-server/main.go:124.17,127.4 2 0
github.com/your-org/sso/examples/api-server/main.go:130.3,131.26 2 0
github.com/your-org/sso/examples/api-server/main.go:131.26,134.4 2 0
github.com/your-org/sso/examples/api-server/main.go:137.3,137.45 1 0
github.com/your-org/sso/examples/api-server/main.go:137.45,138.38 1 0
github.com/your-org/sso/examples/api-server/main.go:138.38,141.5 2 0
github.com/your-org/sso/examples/api-server/main.go:145.3,150.40 4 0
github.com/your-org/sso/examples/api-server/main.go:159.60,164.2 2 0
github.com/your-org/sso/examples/api-server/main.go:167.63,178.2 4 0
github.com/your-org/sso/examples/api-server/main.go:181.61,192.2 5 0
github.com/your-org/sso/examples/api-server/main.go:198.13,243.48 15 0
github.com/your-org/sso/examples/api-server/main.go:243.48,245.3 1 0
github.com/your-org/sso/examples/go-client/main.go:60.83,70.2 1 0
github.com/your-org/sso/examples/go-client/main.go:77.45,79.44 2 0
github.com/your-org/sso/examples/go-client/main.go:79.44,81.3 1 0
github.com/your-org/sso/examples/go-client/main.go:82.2,82.57 1 0
github.com/your-org/sso/examples/go-client/main.go:86.52,90.2 3 0
github.com/your-org/sso/examples/go-client/main.go:98.93,108.13 3 0
github.com/your-org/sso/examples/go-client/main.go:108.13,111.17 2 0
github.com/your-org/sso/examples/go-client/main.go:111.17,113.4 1 0
github.com/your-org/sso/examples/go-client/main.go:114.3,116.46 3 0
github.com/your-org/sso/examples/go-client/main.go:119.2,120.35 2 0
github.com/your-org/sso/examples/go-client/main.go:124.101,133.24 2 0
github.com/your-org/sso/examples/go-client/main.go:133.24,135.3 1 0
github.com/your-org/sso/examples/go-client/main.go:137.2,138.16 2 0
github.com/your-org/sso/examples/go-client/main.go:138.16,140.3 1 0
github.com/your-org/sso/examples/go-client/main.go:141.2,144.16 3 0
github.com/your-org/sso/examples/go-client/main.go:144.16,146.3 1 0
github.com/your-org/sso/examples/go-client/main.go:148.2,148.38 1 0
github.com/your-org/sso/examples/go-client/main.go:148.38,150.3 1 0
github.com/your-org/sso/examples/go-client/main.go:152.2,153.53 2 0
github.com/your-org/sso/examples/go-client/main.go:153.53,155.3 1 0
github.com/your-org/sso/examples/go-client/main.go:157.2,157.20 1 0
github.com/your-org/sso/examples/go-client/main.go:161.95,170.16 3 0
github.com/your-org/sso/examples/go-client/main.go:170.16,172.3 1 0
github.com/your-org/sso/examples/go-client/main.go:173.2,176.16 3 0
github.com/your-org/sso/examples/go-client/main.go:176.16,178.3 1 0
github.com/your-org/sso/examples/go-client/main.go:180.2,180.38 1 0
github.com/your-org/sso/examples/go-client/main.go:180.38,182.3 1 0
github.com/your-org/sso/examples/go-client/main.go:184.2,185.53 2 0
github.com/your-org/sso/examples/go-client/main.go:185.53,187.3 1 0
github.com/your-org/sso/examples/go-client/main.go:189.2,189.20 1 0
github.com/your-org/sso/examples/go-client/main.go:193.93,195.16 2 0
github.com/your-org/sso/examples/go-client/main.go:195.16,197.3 1 0
github.com/your-org/sso/examples/go-client/main.go:198.2,201.16 3 0
github.com/your-org/sso/examples/go-client/main.go:201.16,203.3 1 0
github.com/your-org/sso/examples/go-client/main.go:204.2,207.16 3 0
github.com/your-org/sso/examples/go-client/main.go:207.16,209.3 1 0
github.com/your-org/sso/examples/go-client/main.go:211.2,211.38 1 0
github.com/your-org/sso/examples/go-client/main.go:211.38,213.3 1 0
github.com/your-org/sso/examples/go-client/main.go:215.2,216.56 2 0
github.com/your-org/sso/examples/go-client/main.go:216.56,218.3 1 0
github.com/your-org/sso/examples/go-client/main.go:220.2,220.23 1 0
github.com/your-org/sso/examples/go-client/main.go:224.74,230.16 3 0
github.com/your-org/sso/examples/go-client/main.go:230.16,232.3 1 0
github.com/your-org/sso/examples/go-client/main.go:233.2,235.38 2 0
github.com/your-org/sso/examples/go-client/main.go:235.38,238.3 2 0
github.com/your-org/sso/examples/go-client/main.go:240.2,240.12 1 0
github.com/your-org/sso/examples/go-client/main.go:247.13,258.16 7 0
github.com/your-org/sso/examples/go-client/main.go:258.16,261.3 2 0
github.com/your-org/sso/examples/go-client/main.go:262.2,274.16 9 0
github.com/your-org/sso/examples/go-client/main.go:274.16,277.3 2 0
github.com/your-org/sso/examples/go-client/main.go:277.8,281.3 3 0
github.com/your-org/sso/examples/go-client/main.go:282.2,299.37 11 0
github.com/your-org/sso/internal/common/language.go:11.44,15.48 2 1
github.com/your-org/sso/internal/common/language.go:15.48,17.3 1 1
github.com/your-org/sso/internal/common/language.go:18.2,18.48 1 1
github.com/your-org/sso/internal/common/language.go:18.48,20.3 1 1
github.com/your-org/sso/internal/common/language.go:23.2,26.9 2 1
github.com/your-org/sso/internal/common/language.go:27.37,28.17 1 1
github.com/your-org/sso/internal/common/language.go:29.37,30.17 1 1
github.com/your-org/sso/internal/common/language.go:31.10,32.14 1 1
github.com/your-org/sso/internal/common/random.go:12.55,14.44 2 1
github.com/your-org/sso/internal/common/random.go:14.44,16.3 1 0
github.com/your-org/sso/internal/common/random.go:17.2,17.57 1 1
github.com/your-org/sso/internal/common/random.go:22.38,24.44 2 1
github.com/your-org/sso/internal/common/random.go:24.44,26.3 1 0
github.com/your-org/sso/internal/common/random.go:27.2,27.54 1 1
github.com/your-org/sso/internal/config/config.go:103.30,183.39 2 1
github.com/your-org/sso/internal/config/config.go:183.39,185.3 1 1
github.com/your-org/sso/internal/config/config.go:187.2,187.17 1 1
github.com/your-org/sso/internal/config/config.go:191.35,193.24 1 1
github.com/your-org/sso/internal/config/config.go:193.24,196.3 2 1
github.com/your-org/sso/internal/config/config.go:199.2,199.31 1 1
github.com/your-org/sso/internal/config/config.go:199.31,202.3 2 1
github.com/your-org/sso/internal/config/config.go:203.2,203.30 1 1
github.com/your-org/sso/internal/config/config.go:203.30,206.3 2 1
github.com/your-org/sso/internal/config/config.go:209.2,209.53 1 1
github.com/your-org/sso/internal/config/config.go:209.53,211.3 1 0
github.com/your-org/sso/internal/config/config.go:214.2,214.85 1 1
github.com/your-org/sso/internal/config/config.go:214.85,216.3 1 0
github.com/your-org/sso/internal/config/config.go:219.2,219.43 1 1
github.com/your-org/sso/internal/config/config.go:219.43,221.3 1 1
github.com/your-org/sso/internal/config/config.go:224.2,224.38 1 1
github.com/your-org/sso/internal/config/config.go:224.38,226.3 1 1
github.com/your-org/sso/internal/config/config.go:227.2,227.42 1 1
github.com/your-org/sso/internal/config/config.go:227.42,231.3 1 0
github.com/your-org/sso/internal/config/config.go:234.2,234.27 1 1
github.com/your-org/sso/internal/config/config.go:234.27,236.54 1 1
github.com/your-org/sso/internal/config/config.go:236.54,239.4 2 1
github.com/your-org/sso/internal/config/config.go:240.3,240.24 1 1
github.com/your-org/sso/internal/config/config.go:240.24,243.4 2 1
github.com/your-org/sso/internal/config/config.go:244.3,244.31 1 1
github.com/your-org/sso/internal/config/config.go:244.31,247.4 2 1
github.com/your-org/sso/internal/config/config.go:248.3,248.27 1 1
github.com/your-org/sso/internal/config/config.go:248.27,250.4 1 1
github.com/your-org/sso/internal/config/config.go:252.3,252.32 1 1
github.com/your-org/sso/internal/config/config.go:252.32,254.4 1 1
github.com/your-org/sso/internal/config/config.go:256.3,256.57 1 1
github.com/your-org/sso/internal/config/config.go:256.57,259.4 2 0
github.com/your-org/sso/internal/config/config.go:262.2,262.12 1 1
github.com/your-org/sso/internal/config/config.go:266.39,270.2 1 1
github.com/your-org/sso/internal/config/config.go:273.36,274.27 1 1
github.com/your-org/sso/internal/config/config.go:274.27,276.3 1 1
github.com/your-org/sso/internal/config/config.go:277.2,277.53 1 1
github.com/your-org/sso/internal/config/config.go:281.35,283.2 1 1
github.com/your-org/sso/internal/config/config.go:286.39,288.2 1 1
github.com/your-org/sso/internal/config/config.go:292.46,293.42 1 1
github.com/your-org/sso/internal/config/config.go:293.42,295.3 1 1
github.com/your-org/sso/internal/config/config.go:296.2,296.21 1 1
github.com/your-org/sso/internal/config/config.go:300.50,301.42 1 1
github.com/your-org/sso/internal/config/config.go:301.42,302.55 1 1
github.com/your-org/sso/internal/config/config.go:302.55,304.4 1 1
github.com/your-org/sso/internal/config/config.go:306.2,306.21 1 1
github.com/your-org/sso/internal/config/config.go:311.75,312.42 1 1
github.com/your-org/sso/internal/config/config.go:312.42,313.61 1 1
github.com/your-org/sso/internal/config/config.go:313.61,315.4 1 1
github.com/your-org/sso/internal/config/config.go:317.2,317.21 1 1
github.com/your-org/sso/internal/config/config.go:320.53,321.42 1 1
github.com/your-org/sso/internal/config/config.go:321.42,323.3 1 0
github.com/your-org/sso/internal/config/config.go:324.2,324.21 1 1
github.com/your-org/sso/internal/config/config.go:328.51,330.2 1 1
github.com/your-org/sso/internal/config/config.go:333.57,335.2 1 0
github.com/your-org/sso/internal/config/config.go:338.38,339.13 1 1
github.com/your-org/sso/internal/config/config.go:339.13,341.3 1 0
github.com/your-org/sso/internal/config/config.go:342.2,344.29 3 1
github.com/your-org/sso/internal/config/config.go:344.29,346.20 2 1
github.com/your-org/sso/internal/config/config.go:346.20,348.4 1 1
github.com/your-org/sso/internal/config/config.go:350.2,350.15 1 1
github.com/your-org/sso/internal/errors/errors.go:115.35,116.18 1 1
github.com/your-org/sso/internal/errors/errors.go:116.18,118.3 1 1
github.com/your-org/sso/internal/errors/errors.go:119.2,119.49 1 1
github.com/your-org/sso/internal/errors/errors.go:123.35,125.2 1 1
github.com/your-org/sso/internal/errors/errors.go:132.68,138.2 1 1
github.com/your-org/sso/internal/errors/errors.go:141.80,148.2 1 1
github.com/your-org/sso/internal/errors/errors.go:151.58,154.2 2 1
github.com/your-org/sso/internal/errors/errors.go:306.33,308.2 1 1
github.com/your-org/sso/internal/errors/errors.go:311.45,313.2 1 1
github.com/your-org/sso/internal/errors/errors.go:316.35,318.29 2 1
github.com/your-org/sso/internal/errors/errors.go:318.29,320.3 1 1
github.com/your-org/sso/internal/errors/errors.go:321.2,321.12 1 1
github.com/your-org/sso/internal/errors/errors.go:325.40,327.29 2 1
github.com/your-org/sso/internal/errors/errors.go:327.29,329.3 1 1
github.com/your-org/sso/internal/errors/errors.go:330.2,330.24 1 1
github.com/your-org/sso/internal/errors/messages.go:36.13,39.33 2 1
github.com/your-org/sso/internal/errors/messages.go:39.33,40.44 1 1
github.com/your-org/sso/internal/errors/messages.go:40.44,43.4 1 0
github.com/your-org/sso/internal/errors/messages.go:48.38,50.16 2 1
github.com/your-org/sso/internal/errors/messages.go:50.16,52.3 1 0
github.com/your-org/sso/internal/errors/messages.go:54.2,55.56 2 1
github.com/your-org/sso/internal/errors/messages.go:55.56,57.3 1 0
github.com/your-org/sso/internal/errors/messages.go:59.2,62.48 3 1
github.com/your-org/sso/internal/errors/messages.go:62.48,64.3 1 1
github.com/your-org/sso/internal/errors/messages.go:66.2,66.34 1 1
github.com/your-org/sso/internal/errors/messages.go:66.34,68.3 1 1
github.com/your-org/sso/internal/errors/messages.go:70.2,70.12 1 1
github.com/your-org/sso/internal/errors/messages.go:80.53,88.57 4 1
github.com/your-org/sso/internal/errors/messages.go:88.57,89.32 1 1
github.com/your-org/sso/internal/errors/messages.go:89.32,91.4 1 1
github.com/your-org/sso/internal/errors/messages.go:95.2,95.60 1 1
github.com/your-org/sso/internal/errors/messages.go:95.60,96.32 1 1
github.com/your-org/sso/internal/errors/messages.go:96.32,98.4 1 1
github.com/your-org/sso/internal/errors/messages.go:102.2,102.21 1 1
github.com/your-org/sso/internal/errors/messages.go:110.51,112.2 1 1
github.com/your-org/sso/internal/errors/messages.go:122.72,128.2 1 1
github.com/your-org/sso/internal/metrics/metrics.go:50.28,59.2 3 1
github.com/your-org/sso/internal/metrics/metrics.go:62.38,91.2 19 1
github.com/your-org/sso/internal/metrics/metrics.go:98.70,110.2 3 1
github.com/your-org/sso/internal/metrics/metrics.go:117.42,119.2 1 1
github.com/your-org/sso/internal/metrics/metrics.go:122.59,126.34 3 1
github.com/your-org/sso/internal/metrics/metrics.go:126.34,129.3 2 1
github.com/your-org/sso/internal/metrics/metrics.go:133.51,137.34 3 1
github.com/your-org/sso/internal/metrics/metrics.go:137.34,140.3 2 1
github.com/your-org/sso/internal/metrics/metrics.go:144.44,148.34 3 1
github.com/your-org/sso/internal/metrics/metrics.go:148.34,150.3 1 1
github.com/your-org/sso/internal/metrics/metrics.go:151.2,151.10 1 1
github.com/your-org/sso/internal/metrics/metrics.go:159.47,164.30 4 1
github.com/your-org/sso/internal/metrics/metrics.go:164.30,173.3 3 1
github.com/your-org/sso/internal/metrics/metrics.go:175.2,175.15 1 1
github.com/your-org/sso/internal/metrics/metrics.go:179.36,181.2 1 1
github.com/your-org/sso/internal/metrics/metrics.go:188.66,189.71 1 1
github.com/your-org/sso/internal/metrics/metrics.go:189.71,206.3 8 1
github.com/your-org/sso/internal/metrics/metrics.go:215.49,218.2 2 1
github.com/your-org/sso/internal/model/key.go:28.38,30.2 1 1
github.com/your-org/sso/internal/model/key.go:33.42,35.2 1 1
github.com/your-org/sso/internal/model/key.go:38.39,40.2 1 1
github.com/your-org/sso/internal/model/key.go:44.39,45.34 1 1
github.com/your-org/sso/internal/model/key.go:45.34,47.3 1 1
github.com/your-org/sso/internal/model/key.go:48.2,48.58 1 1
github.com/your-org/sso/internal/model/key.go:48.58,50.3 1 1
github.com/your-org/sso/internal/model/key.go:51.2,51.13 1 1
github.com/your-org/sso/internal/model/model.go:117.38,118.23 1 0
github.com/your-org/sso/internal/model/model.go:118.23,120.3 1 0
github.com/your-org/sso/internal/model/model.go:121.2,121.11 1 0
github.com/your-org/sso/internal/logging/logger.go:28.30,35.2 1 1
github.com/your-org/sso/internal/logging/logger.go:42.30,43.16 1 1
github.com/your-org/sso/internal/logging/logger.go:43.16,45.3 1 1
github.com/your-org/sso/internal/logging/logger.go:48.2,49.16 2 1
github.com/your-org/sso/internal/logging/logger.go:49.16,51.3 1 0
github.com/your-org/sso/internal/logging/logger.go:54.2,60.20 3 1
github.com/your-org/sso/internal/logging/logger.go:61.14,62.50 1 1
github.com/your-org/sso/internal/logging/logger.go:63.10,64.50 1 1
github.com/your-org/sso/internal/logging/logger.go:68.2,70.12 2 1
github.com/your-org/sso/internal/logging/logger.go:74.29,77.13 2 1
github.com/your-org/sso/internal/logging/logger.go:78.20,81.24 3 1
github.com/your-org/sso/internal/logging/logger.go:82.17,85.24 3 1
github.com/your-org/sso/internal/logging/logger.go:86.21,89.23 3 1
github.com/your-org/sso/internal/logging/logger.go:90.10,93.23 3 1
github.com/your-org/sso/internal/logging/logger.go:96.2,96.15 1 1
github.com/your-org/sso/internal/logging/logger.go:100.51,101.15 1 1
github.com/your-org/sso/internal/logging/logger.go:102.15,103.30 1 1
github.com/your-org/sso/internal/logging/logger.go:104.14,105.29 1 1
github.com/your-org/sso/internal/logging/logger.go:106.25,107.29 1 1
github.com/your-org/sso/internal/logging/logger.go:108.15,109.30 1 1
github.com/your-org/sso/internal/logging/logger.go:110.10,111.29 1 1
github.com/your-org/sso/internal/logging/logger.go:120.52,123.75 2 1
github.com/your-org/sso/internal/logging/logger.go:123.75,125.3 1 0
github.com/your-org/sso/internal/logging/logger.go:127.2,127.15 1 1
github.com/your-org/sso/internal/logging/logger.go:131.51,133.2 1 1
github.com/your-org/sso/internal/logging/logger.go:152.39,163.2 1 1
github.com/your-org/sso/internal/logging/logger.go:170.82,177.16 2 1
github.com/your-org/sso/internal/logging/logger.go:177.16,179.3 1 1
github.com/your-org/sso/internal/logging/logger.go:181.2,181.13 1 1
github.com/your-org/sso/internal/logging/logger.go:181.13,183.3 1 1
github.com/your-org/sso/internal/logging/logger.go:183.8,185.3 1 1
github.com/your-org/sso/internal/logging/logger.go:189.85,196.16 2 1
github.com/your-org/sso/internal/logging/logger.go:196.16,198.3 1 1
github.com/your-org/sso/internal/logging/logger.go:200.2,200.13 1 1
github.com/your-org/sso/internal/logging/logger.go:200.13,202.3 1 1
github.com/your-org/sso/internal/logging/logger.go:202.8,204.3 1 1
github.com/your-org/sso/internal/logging/logger.go:208.86,215.16 2 1
github.com/your-org/sso/internal/logging/logger.go:215.16,217.3 1 1
github.com/your-org/sso/internal/logging/logger.go:219.2,219.13 1 1
github.com/your-org/sso/internal/logging/logger.go:219.13,221.3 1 1
github.com/your-org/sso/internal/logging/logger.go:221.8,223.3 1 1
github.com/your-org/sso/internal/logging/logger.go:227.64,229.28 2 1
github.com/your-org/sso/internal/logging/logger.go:229.28,231.3 1 1
github.com/your-org/sso/internal/logging/logger.go:232.2,232.37 1 1
github.com/your-org/sso/internal/logging/logger.go:236.52,239.2 2 1
github.com/your-org/sso/internal/logging/logger.go:242.40,244.2 1 1
github.com/your-org/sso/internal/logging/logger.go:247.41,249.2 1 1
github.com/your-org/sso/internal/logging/logger.go:252.40,254.2 1 1
github.com/your-org/sso/internal/logging/sanitizer.go:11.41,12.17 1 1
github.com/your-org/sso/internal/logging/sanitizer.go:12.17,14.3 1 1
github.com/your-org/sso/internal/logging/sanitizer.go:17.2,18.18 2 1
github.com/your-org/sso/internal/logging/sanitizer.go:18.18,20.3 1 1
github.com/your-org/sso/internal/logging/sanitizer.go:23.2,27.24 3 1
github.com/your-org/sso/internal/logging/sanitizer.go:27.24,29.3 1 1
github.com/your-org/sso/internal/logging/sanitizer.go:29.8,31.3 1 1
github.com/your-org/sso/internal/logging/sanitizer.go:33.2,33.44 1 1
github.com/your-org/sso/internal/logging/sanitizer.go:38.41,39.21 1 1
github.com/your-org/sso/internal/logging/sanitizer.go:39.21,41.3 1 1
github.com/your-org/sso/internal/logging/sanitizer.go:42.2,42.26 1 1
github.com/your-org/sso/internal/logging/sanitizer.go:48.41,49.22 1 1
github.com/your-org/sso/internal/logging/sanitizer.go:49.22,51.3 1 1
github.com/your-org/sso/internal/logging/sanitizer.go:53.2,53.57 1 1
github.com/your-org/sso/internal/logging/sanitizer.go:53.57,55.3 1 1
github.com/your-org/sso/internal/logging/sanitizer.go:57.2,57.26 1 1
github.com/your-org/sso/internal/logging/sanitizer.go:57.26,58.25 1 1
github.com/your-org/sso/internal/logging/sanitizer.go:58.25,60.4 1 0
github.com/your-org/sso/internal/logging/sanitizer.go:63.2,63.39 1 1
github.com/your-org/sso/internal/validator/validator.go:34.40,37.17 2 1
github.com/your-org/sso/internal/validator/validator.go:37.17,39.3 1 1
github.com/your-org/sso/internal/validator/validator.go:41.2,42.16 2 1
github.com/your-org/sso/internal/validator/validator.go:42.16,44.3 1 1
github.com/your-org/sso/internal/validator/validator.go:46.2,46.12 1 1
github.com/your-org/sso/internal/validator/validator.go:50.46,51.20 1 1
github.com/your-org/sso/internal/validator/validator.go:51.20,53.3 1 1
github.com/your-org/sso/internal/validator/validator.go:55.2,55.23 1 1
github.com/your-org/sso/internal/validator/validator.go:55.23,57.3 1 1
github.com/your-org/sso/internal/validator/validator.go:59.2,59.24 1 1
github.com/your-org/sso/internal/validator/validator.go:59.24,61.3 1 1
github.com/your-org/sso/internal/validator/validator.go:63.2,64.32 2 1
github.com/your-org/sso/internal/validator/validator.go:64.32,65.10 1 1
github.com/your-org/sso/internal/validator/validator.go:66.30,67.19 1 1
github.com/your-org/sso/internal/validator/validator.go:68.30,69.19 1 1
github.com/your-org/sso/internal/validator/validator.go:70.30,71.19 1 1
github.com/your-org/sso/internal/validator/validator.go:72.56,73.21 1 1
github.com/your-org/sso/internal/validator/validator.go:77.2,77.15 1 1
github.com/your-org/sso/internal/validator/validator.go:77.15,79.3 1 1
github.com/your-org/sso/internal/validator/validator.go:80.2,80.15 1 1
github.com/your-org/sso/internal/validator/validator.go:80.15,82.3 1 1
github.com/your-org/sso/internal/validator/validator.go:83.2,83.15 1 1
github.com/your-org/sso/internal/validator/validator.go:83.15,85.3 1 1
github.com/your-org/sso/internal/validator/validator.go:86.2,86.17 1 1
github.com/your-org/sso/internal/validator/validator.go:86.17,88.3 1 1
github.com/your-org/sso/internal/validator/validator.go:90.2,90.12 1 1
github.com/your-org/sso/internal/validator/validator.go:94.52,95.20 1 1
github.com/your-org/sso/internal/validator/validator.go:95.20,97.3 1 1
github.com/your-org/sso/internal/validator/validator.go:99.2,99.23 1 1
github.com/your-org/sso/internal/validator/validator.go:99.23,101.3 1 1
github.com/your-org/sso/internal/validator/validator.go:103.2,103.24 1 1
github.com/your-org/sso/internal/validator/validator.go:103.24,105.3 1 1
github.com/your-org/sso/internal/validator/validator.go:107.2,107.12 1 1
github.com/your-org/sso/internal/validator/validator.go:111.60,112.45 1 1
github.com/your-org/sso/internal/validator/validator.go:112.45,114.3 1 1
github.com/your-org/sso/internal/validator/validator.go:116.2,116.51 1 1
github.com/your-org/sso/internal/validator/validator.go:116.51,118.3 1 1
github.com/your-org/sso/internal/validator/validator.go:120.2,120.12 1 1
github.com/your-org/sso/internal/validator/validator.go:124.57,125.45 1 1
github.com/your-org/sso/internal/validator/validator.go:125.45,127.3 1 1
github.com/your-org/sso/internal/validator/validator.go:129.2,129.20 1 1
github.com/your-org/sso/internal/validator/validator.go:129.20,131.3 1 1
github.com/your-org/sso/internal/validator/validator.go:133.2,133.12 1 1
github.com/your-org/sso/internal/store/postgres/postgres.go:53.55,56.2 2 0
github.com/your-org/sso/internal/store/postgres/postgres.go:65.29,70.2 1 0
github.com/your-org/sso/internal/store/postgres/postgres.go:73.53,75.2 1 1
github.com/your-org/sso/internal/store/postgres/postgres.go:79.87,81.16 2 1
github.com/your-org/sso/internal/store/postgres/postgres.go:81.16,83.3 1 0
github.com/your-org/sso/internal/store/postgres/postgres.go:86.2,88.44 3 1
github.com/your-org/sso/internal/store/postgres/postgres.go:88.44,90.3 1 1
github.com/your-org/sso/internal/store/postgres/postgres.go:92.2,95.8 1 0
github.com/your-org/sso/internal/store/postgres/postgres.go:99.133,101.16 2 0
github.com/your-org/sso/internal/store/postgres/postgres.go:101.16,103.3 1 0
github.com/your-org/sso/internal/store/postgres/postgres.go:106.2,112.44 6 0
github.com/your-org/sso/internal/store/postgres/postgres.go:112.44,114.3 1 0
github.com/your-org/sso/internal/store/postgres/postgres.go:116.2,119.8 1 0
github.com/your-org/sso/internal/store/postgres/postgres.go:123.88,125.40 1 0
github.com/your-org/sso/internal/store/postgres/postgres.go:125.40,127.28 2 0
github.com/your-org/sso/internal/store/postgres/postgres.go:127.28,129.4 1 0
github.com/your-org/sso/internal/store/postgres/postgres.go:131.2,131.44 1 0
github.com/your-org/sso/internal/store/postgres/postgres.go:135.31,137.2 1 0
github.com/your-org/sso/internal/store/postgres/postgres.go:140.49,142.2 1 0
github.com/your-org/sso/internal/store/postgres/postgres.go:149.69,171.16 5 0
github.com/your-org/sso/internal/store/postgres/postgres.go:171.16,173.64 1 0
github.com/your-org/sso/internal/store/postgres/postgres.go:173.64,175.4 1 0
github.com/your-org/sso/internal/store/postgres/postgres.go:176.3,176.13 1 0
github.com/your-org/sso/internal/store/postgres/postgres.go:179.2,179.12 1 0
github.com/your-org/sso/internal/store/postgres/postgres.go:183.78,185.2 1 0
github.com/your-org/sso/internal/store/postgres/postgres.go:188.84,190.2 1 0
github.com/your-org/sso/internal/store/postgres/postgres.go:217.25,234.16 4 0
github.com/your-org/sso/internal/store/postgres/postgres.go:234.16,236.3 1 0
github.com/your-org/sso/internal/store/postgres/postgres.go:237.2,237.21 1 0
github.com/your-org/sso/internal/store/postgres/postgres.go:237.21,239.3 1 0
github.com/your-org/sso/internal/store/postgres/postgres.go:240.2,240.18 1 0
github.com/your-org/sso/internal/store/postgres/postgres.go:244.95,246.31 1 0
github.com/your-org/sso/internal/store/postgres/postgres.go:246.31,248.3 1 0
github.com/your-org/sso/internal/store/postgres/postgres.go:250.2,260.16 5 0
github.com/your-org/sso/internal/store/postgres/postgres.go:260.16,261.36 1 0
github.com/your-org/sso/internal/store/postgres/postgres.go:261.36,263.4 1 0
github.com/your-org/sso/internal/store/postgres/postgres.go:264.3,264.18 1 0
github.com/your-org/sso/internal/store/postgres/postgres.go:267.2,267.18 1 0
github.com/your-org/sso/internal/store/postgres/postgres.go:271.69,295.2 5 0
github.com/your-org/sso/internal/store/postgres/postgres.go:298.117,306.2 3 0
github.com/your-org/sso/internal/store/postgres/postgres.go:310.187,332.16 6 0
github.com/your-org/sso/internal/store/postgres/postgres.go:332.16,334.3 1 0
github.com/your-org/sso/internal/store/postgres/postgres.go:336.2,337.43 2 0
github.com/your-org/sso/internal/store/postgres/postgres.go:341.78,358.2 5 0
github.com/your-org/sso/internal/store/postgres/postgres.go:362.80,377.16 5 0
github.com/your-org/sso/internal/store/postgres/postgres.go:377.16,379.3 1 0
github.com/your-org/sso/internal/store/postgres/postgres.go:381.2,382.16 2 0
github.com/your-org/sso/internal/store/postgres/postgres.go:382.16,384.3 1 0
github.com/your-org/sso/internal/store/postgres/postgres.go:387.2,387.15 1 0
github.com/your-org/sso/internal/store/postgres/postgres.go:387.15,389.3 1 0
github.com/your-org/sso/internal/store/postgres/postgres.go:391.2,391.12 1 0
github.com/your-org/sso/internal/store/postgres/postgres.go:395.62,399.2 3 0
github.com/your-org/sso/internal/store/postgres/postgres.go:402.95,409.75 5 0
github.com/your-org/sso/internal/store/postgres/postgres.go:409.75,411.3 1 0
github.com/your-org/sso/internal/store/postgres/postgres.go:414.2,423.16 3 0
github.com/your-org/sso/internal/store/postgres/postgres.go:423.16,425.3 1 0
github.com/your-org/sso/internal/store/postgres/postgres.go:426.2,430.18 3 0
github.com/your-org/sso/internal/store/postgres/postgres.go:430.18,432.17 2 0
github.com/your-org/sso/internal/store/postgres/postgres.go:432.17,434.4 1 0
github.com/your-org/sso/internal/store/postgres/postgres.go:435.3,435.30 1 0
github.com/your-org/sso/internal/store/postgres/postgres.go:438.2,438.35 1 0
github.com/your-org/sso/internal/store/postgres/postgres.go:438.35,440.3 1 0
github.com/your-org/sso/internal/store/postgres/postgres.go:442.2,442.26 1 0
github.com/your-org/sso/internal/store/postgres/postgres.go:450.92,470.16 4 0
github.com/your-org/sso/internal/store/postgres/postgres.go:470.16,471.36 1 0
github.com/your-org/sso/internal/store/postgres/postgres.go:471.36,473.4 1 0
github.com/your-org/sso/internal/store/postgres/postgres.go:474.3,474.18 1 0
github.com/your-org/sso/internal/store/postgres/postgres.go:477.2,477.20 1 0
github.com/your-org/sso/internal/store/postgres/postgres.go:481.79,498.2 3 0
github.com/your-org/sso/internal/store/postgres/postgres.go:502.100,509.16 6 0
github.com/your-org/sso/internal/store/postgres/postgres.go:509.16,511.3 1 0
github.com/your-org/sso/internal/store/postgres/postgres.go:512.2,512.15 1 0
github.com/your-org/sso/internal/store/postgres/postgres.go:520.98,537.2 3 0
github.com/your-org/sso/internal/store/postgres/postgres.go:540.106,561.16 4 0
github.com/your-org/sso/internal/store/postgres/postgres.go:561.16,562.36 1 0
github.com/your-org/sso/internal/store/postgres/postgres.go:562.36,564.4 1 0
github.com/your-org/sso/internal/store/postgres/postgres.go:565.3,565.18 1 0
github.com/your-org/sso/internal/store/postgres/postgres.go:568.2,568.22 1 0
github.com/your-org/sso/internal/store/postgres/postgres.go:572.83,576.2 3 0
github.com/your-org/sso/internal/store/postgres/postgres.go:579.75,595.2 3 0
github.com/your-org/sso/internal/store/postgres/postgres.go:598.104,600.2 1 0
github.com/your-org/sso/internal/store/postgres/postgres.go:603.102,605.2 1 0
github.com/your-org/sso/internal/store/postgres/postgres.go:608.97,609.32 1 0
github.com/your-org/sso/internal/store/postgres/postgres.go:609.32,611.3 1 0
github.com/your-org/sso/internal/store/postgres/postgres.go:613.2,631.16 4 0
github.com/your-org/sso/internal/store/postgres/postgres.go:631.16,632.36 1 0
github.com/your-org/sso/internal/store/postgres/postgres.go:632.36,634.4 1 0
github.com/your-org/sso/internal/store/postgres/postgres.go:635.3,635.18 1 0
github.com/your-org/sso/internal/store/postgres/postgres.go:638.2,638.19 1 0
github.com/your-org/sso/internal/store/postgres/postgres.go:642.76,646.2 3 0
github.com/your-org/sso/internal/store/postgres/postgres.go:649.79,653.2 3 0
github.com/your-org/sso/internal/store/postgres/postgres.go:657.59,661.66 2 0
github.com/your-org/sso/internal/store/postgres/postgres.go:661.66,663.3 1 0
github.com/your-org/sso/internal/store/postgres/postgres.go:666.2,666.79 1 0
github.com/your-org/sso/internal/store/postgres/postgres.go:666.79,668.3 1 0
github.com/your-org/sso/internal/store/postgres/postgres.go:671.2,671.79 1 0
github.com/your-org/sso/internal/store/postgres/postgres.go:671.79,673.3 1 0
github.com/your-org/sso/internal/store/postgres/postgres.go:676.2,676.72 1 0
github.com/your-org/sso/internal/store/postgres/postgres.go:676.72,678.3 1 0
github.com/your-org/sso/internal/store/postgres/postgres.go:680.2,680.12 1 0
github.com/your-org/sso/internal/store/postgres/postgres.go:685.100,687.38 1 0
github.com/your-org/sso/internal/store/postgres/postgres.go:687.38,689.3 1 0
github.com/your-org/sso/internal/store/postgres/postgres.go:692.2,693.9 2 0
github.com/your-org/sso/internal/store/postgres/postgres.go:693.9,695.3 1 0
github.com/your-org/sso/internal/store/postgres/postgres.go:697.2,707.6 3 0
github.com/your-org/sso/internal/store/postgres/postgres.go:707.6,709.17 2 0
github.com/your-org/sso/internal/store/postgres/postgres.go:709.17,711.4 1 0
github.com/your-org/sso/internal/store/postgres/postgres.go:713.3,714.17 2 0
github.com/your-org/sso/internal/store/postgres/postgres.go:714.17,716.4 1 0
github.com/your-org/sso/internal/store/postgres/postgres.go:718.3,721.34 2 0
github.com/your-org/sso/internal/store/postgres/postgres.go:721.34,722.9 1 0
github.com/your-org/sso/internal/store/postgres/postgres.go:726.3,726.10 1 0
github.com/your-org/sso/internal/store/postgres/postgres.go:727.21,728.20 1 0
github.com/your-org/sso/internal/store/postgres/postgres.go:729.44,729.44 0 0
github.com/your-org/sso/internal/store/postgres/postgres.go:733.2,733.12 1 0
github.com/your-org/sso/internal/store/postgres/postgres.go:742.109,750.2 4 0
github.com/your-org/sso/internal/store/postgres/postgres.go:753.82,756.2 2 0
github.com/your-org/sso/internal/store/postgres/postgres.go:759.117,761.2 1 0
github.com/your-org/sso/internal/store/postgres/postgres.go:764.108,768.16 4 0
github.com/your-org/sso/internal/store/postgres/postgres.go:768.16,769.36 1 0
github.com/your-org/sso/internal/store/postgres/postgres.go:769.36,771.4 1 0
github.com/your-org/sso/internal/store/postgres/postgres.go:772.3,772.18 1 0
github.com/your-org/sso/internal/store/postgres/postgres.go:774.2,774.20 1 0
github.com/your-org/sso/internal/store/postgres/postgres.go:778.83,780.2 1 0
github.com/your-org/sso/internal/store/postgres/postgres.go:783.110,785.2 1 0
github.com/your-org/sso/internal/store/postgres/postgres.go:788.94,792.16 4 0
github.com/your-org/sso/internal/store/postgres/postgres.go:792.16,793.36 1 0
github.com/your-org/sso/internal/store/postgres/postgres.go:793.36,795.4 1 0
github.com/your-org/sso/internal/store/postgres/postgres.go:796.3,796.18 1 0
github.com/your-org/sso/internal/store/postgres/postgres.go:798.2,798.20 1 0
github.com/your-org/sso/internal/store/postgres/postgres.go:802.76,804.2 1 0
github.com/your-org/sso/internal/store/postgres/postgres.go:811.79,831.2 5 0
github.com/your-org/sso/internal/store/postgres/postgres.go:836.136,845.18 6 0
github.com/your-org/sso/internal/store/postgres/postgres.go:845.18,849.3 3 0
github.com/your-org/sso/internal/store/postgres/postgres.go:851.2,851.21 1 0
github.com/your-org/sso/internal/store/postgres/postgres.go:851.21,855.3 3 0
github.com/your-org/sso/internal/store/postgres/postgres.go:858.2,860.84 3 0
github.com/your-org/sso/internal/store/postgres/postgres.go:860.84,862.3 1 0
github.com/your-org/sso/internal/store/postgres/postgres.go:865.2,876.16 4 0
github.com/your-org/sso/internal/store/postgres/postgres.go:876.16,878.3 1 0
github.com/your-org/sso/internal/store/postgres/postgres.go:879.2,883.18 3 0
github.com/your-org/sso/internal/store/postgres/postgres.go:883.18,896.17 3 0
github.com/your-org/sso/internal/store/postgres/postgres.go:896.17,898.4 1 0
github.com/your-org/sso/internal/store/postgres/postgres.go:899.3,899.27 1 0
github.com/your-org/sso/internal/store/postgres/postgres.go:902.2,902.35 1 0
github.com/your-org/sso/internal/store/postgres/postgres.go:902.35,904.3 1 0
github.com/your-org/sso/internal/store/postgres/postgres.go:906.2,906.25 1 0
github.com/your-org/sso/internal/store/postgres/postgres.go:910.99,921.2 5 0
github.com/your-org/sso/internal/store/postgres/postgres.go:923.76,940.2 5 0
github.com/your-org/sso/internal/store/postgres/postgres.go:942.78,964.16 6 0
github.com/your-org/sso/internal/store/postgres/postgres.go:964.16,965.36 1 0
github.com/your-org/sso/internal/store/postgres/postgres.go:965.36,967.4 1 0
github.com/your-org/sso/internal/store/postgres/postgres.go:968.3,968.18 1 0
github.com/your-org/sso/internal/store/postgres/postgres.go:971.2,971.17 1 0
github.com/your-org/sso/internal/store/postgres/postgres.go:974.90,994.16 6 0
github.com/your-org/sso/internal/store/postgres/postgres.go:994.16,995.36 1 0
github.com/your-org/sso/internal/store/postgres/postgres.go:995.36,997.4 1 0
github.com/your-org/sso/internal/store/postgres/postgres.go:998.3,998.18 1 0
github.com/your-org/sso/internal/store/postgres/postgres.go:1001.2,1001.17 1 0
github.com/your-org/sso/internal/store/postgres/postgres.go:1006.78,1008.18 2 0
github.com/your-org/sso/internal/store/postgres/postgres.go:1008.18,1018.17 3 0
github.com/your-org/sso/internal/store/postgres/postgres.go:1018.17,1020.4 1 0
github.com/your-org/sso/internal/store/postgres/postgres.go:1021.3,1021.27 1 0
github.com/your-org/sso/internal/store/postgres/postgres.go:1024.2,1024.35 1 0
github.com/your-org/sso/internal/store/postgres/postgres.go:1024.35,1026.3 1 0
github.com/your-org/sso/internal/store/postgres/postgres.go:1028.2,1028.18 1 0
github.com/your-org/sso/internal/store/postgres/postgres.go:1031.82,1043.16 5 0
github.com/your-org/sso/internal/store/postgres/postgres.go:1043.16,1045.3 1 0
github.com/your-org/sso/internal/store/postgres/postgres.go:1046.2,1048.32 2 0
github.com/your-org/sso/internal/store/postgres/postgres.go:1051.79,1062.16 5 0
github.com/your-org/sso/internal/store/postgres/postgres.go:1062.16,1064.3 1 0
github.com/your-org/sso/internal/store/postgres/postgres.go:1065.2,1067.32 2 0
github.com/your-org/sso/internal/store/postgres/postgres.go:1070.92,1076.16 5 0
github.com/your-org/sso/internal/store/postgres/postgres.go:1076.16,1078.3 1 0
github.com/your-org/sso/internal/store/postgres/postgres.go:1079.2,1080.16 2 0
github.com/your-org/sso/internal/store/postgres/postgres.go:1080.16,1082.3 1 0
github.com/your-org/sso/internal/store/postgres/postgres.go:1083.2,1083.15 1 0
github.com/your-org/sso/internal/store/postgres/postgres.go:1083.15,1085.3 1 0
github.com/your-org/sso/internal/store/postgres/postgres.go:1086.2,1086.12 1 0
github.com/your-org/sso/internal/store/postgres/postgres.go:1089.68,1095.16 5 0
github.com/your-org/sso/internal/store/postgres/postgres.go:1095.16,1097.3 1 0
github.com/your-org/sso/internal/store/postgres/postgres.go:1098.2,1099.16 2 0
github.com/your-org/sso/internal/store/postgres/postgres.go:1099.16,1101.3 1 0
github.com/your-org/sso/internal/store/postgres/postgres.go:1102.2,1102.15 1 0
github.com/your-org/sso/internal/store/postgres/postgres.go:1102.15,1104.3 1 0
github.com/your-org/sso/internal/store/postgres/postgres.go:1105.2,1105.12 1 0
github.com/your-org/sso/internal/store/postgres/postgres.go:1108.68,1114.16 5 0
github.com/your-org/sso/internal/store/postgres/postgres.go:1114.16,1116.3 1 0
github.com/your-org/sso/internal/store/postgres/postgres.go:1117.2,1118.16 2 0
github.com/your-org/sso/internal/store/postgres/postgres.go:1118.16,1120.3 1 0
github.com/your-org/sso/internal/store/postgres/postgres.go:1121.2,1121.15 1 0
github.com/your-org/sso/internal/store/postgres/postgres.go:1121.15,1123.3 1 0
github.com/your-org/sso/internal/store/postgres/postgres.go:1124.2,1124.12 1 0
github.com/your-org/sso/sdks/golang/admin.go:13.76,15.16 2 1
github.com/your-org/sso/sdks/golang/admin.go:15.16,17.3 1 0
github.com/your-org/sso/sdks/golang/admin.go:19.2,19.44 1 1
github.com/your-org/sso/sdks/golang/admin.go:23.78,25.16 2 0
github.com/your-org/sso/sdks/golang/admin.go:25.16,27.3 1 0
github.com/your-org/sso/sdks/golang/admin.go:29.2,29.45 1 0
github.com/your-org/sso/sdks/golang/admin.go:33.96,37.16 3 1
github.com/your-org/sso/sdks/golang/admin.go:37.16,39.3 1 0
github.com/your-org/sso/sdks/golang/admin.go:41.2,41.46 1 1
github.com/your-org/sso/sdks/golang/admin.go:45.81,49.16 3 0
github.com/your-org/sso/sdks/golang/admin.go:49.16,51.3 1 0
github.com/your-org/sso/sdks/golang/admin.go:53.2,53.38 1 0
github.com/your-org/sso/sdks/golang/admin.go:57.92,61.16 2 1
github.com/your-org/sso/sdks/golang/admin.go:61.16,63.3 1 0
github.com/your-org/sso/sdks/golang/admin.go:65.2,65.45 1 1
github.com/your-org/sso/sdks/golang/admin.go:69.91,73.16 2 0
github.com/your-org/sso/sdks/golang/admin.go:73.16,75.3 1 0
github.com/your-org/sso/sdks/golang/admin.go:77.2,77.45 1 0
github.com/your-org/sso/sdks/golang/admin.go:85.77,87.16 2 1
github.com/your-org/sso/sdks/golang/admin.go:87.16,89.3 1 0
github.com/your-org/sso/sdks/golang/admin.go:91.2,91.47 1 1
github.com/your-org/sso/sdks/golang/admin.go:95.67,97.16 2 1
github.com/your-org/sso/sdks/golang/admin.go:97.16,99.3 1 0
github.com/your-org/sso/sdks/golang/admin.go:101.2,101.42 1 1
github.com/your-org/sso/sdks/golang/auth.go:16.99,21.16 2 1
github.com/your-org/sso/sdks/golang/auth.go:21.16,23.3 1 1
github.com/your-org/sso/sdks/golang/auth.go:25.2,25.46 1 1
github.com/your-org/sso/sdks/golang/auth.go:29.93,34.16 2 1
github.com/your-org/sso/sdks/golang/auth.go:34.16,36.3 1 1
github.com/your-org/sso/sdks/golang/auth.go:38.2,39.52 2 1
github.com/your-org/sso/sdks/golang/auth.go:39.52,41.3 1 0
github.com/your-org/sso/sdks/golang/auth.go:43.2,45.19 2 1
github.com/your-org/sso/sdks/golang/auth.go:49.76,54.24 4 1
github.com/your-org/sso/sdks/golang/auth.go:54.24,60.3 1 1
github.com/your-org/sso/sdks/golang/auth.go:62.2,63.16 2 1
github.com/your-org/sso/sdks/golang/auth.go:63.16,65.3 1 0
github.com/your-org/sso/sdks/golang/auth.go:67.2,69.18 2 1
github.com/your-org/sso/sdks/golang/auth.go:73.140,82.16 2 0
github.com/your-org/sso/sdks/golang/auth.go:82.16,84.3 1 0
github.com/your-org/sso/sdks/golang/auth.go:86.2,87.52 2 0
github.com/your-org/sso/sdks/golang/auth.go:87.52,89.3 1 0
github.com/your-org/sso/sdks/golang/auth.go:91.2,91.19 1 0
github.com/your-org/sso/sdks/golang/auth.go:95.57,100.17 4 1
github.com/your-org/sso/sdks/golang/auth.go:100.17,102.3 1 0
github.com/your-org/sso/sdks/golang/auth.go:104.2,107.16 2 1
github.com/your-org/sso/sdks/golang/auth.go:107.16,109.3 1 0
github.com/your-org/sso/sdks/golang/auth.go:111.2,117.12 6 1
github.com/your-org/sso/sdks/golang/auth.go:121.94,125.16 2 1
github.com/your-org/sso/sdks/golang/auth.go:125.16,127.3 1 0
github.com/your-org/sso/sdks/golang/auth.go:129.2,129.45 1 1
github.com/your-org/sso/sdks/golang/auth.go:133.114,139.16 2 1
github.com/your-org/sso/sdks/golang/auth.go:139.16,141.3 1 0
github.com/your-org/sso/sdks/golang/auth.go:143.2,143.45 1 1
github.com/your-org/sso/sdks/golang/auth.go:147.99,149.16 2 0
github.com/your-org/sso/sdks/golang/auth.go:149.16,151.3 1 0
github.com/your-org/sso/sdks/golang/auth.go:153.2,153.45 1 0
github.com/your-org/sso/sdks/golang/auth.go:157.87,159.16 2 0
github.com/your-org/sso/sdks/golang/auth.go:159.16,161.3 1 0
github.com/your-org/sso/sdks/golang/auth.go:163.2,163.45 1 0
github.com/your-org/sso/sdks/golang/client.go:34.45,35.25 1 0
github.com/your-org/sso/sdks/golang/client.go:35.25,37.3 1 0
github.com/your-org/sso/sdks/golang/client.go:41.42,42.25 1 1
github.com/your-org/sso/sdks/golang/client.go:42.25,44.3 1 1
github.com/your-org/sso/sdks/golang/client.go:48.43,49.25 1 1
github.com/your-org/sso/sdks/golang/client.go:49.25,51.3 1 1
github.com/your-org/sso/sdks/golang/client.go:55.44,56.25 1 1
github.com/your-org/sso/sdks/golang/client.go:56.25,58.3 1 1
github.com/your-org/sso/sdks/golang/client.go:62.56,72.27 3 1
github.com/your-org/sso/sdks/golang/client.go:72.27,74.3 1 1
github.com/your-org/sso/sdks/golang/client.go:76.2,76.10 1 1
github.com/your-org/sso/sdks/golang/client.go:80.35,82.2 1 1
github.com/your-org/sso/sdks/golang/client.go:85.77,92.2 5 1
github.com/your-org/sso/sdks/golang/client.go:95.39,99.2 3 1
github.com/your-org/sso/sdks/golang/client.go:105.115,109.17 3 1
github.com/your-org/sso/sdks/golang/client.go:109.17,111.17 2 1
github.com/your-org/sso/sdks/golang/client.go:111.17,113.4 1 0
github.com/your-org/sso/sdks/golang/client.go:114.3,114.52 1 1
github.com/your-org/sso/sdks/golang/client.go:117.2,118.16 2 1
github.com/your-org/sso/sdks/golang/client.go:118.16,120.3 1 0
github.com/your-org/sso/sdks/golang/client.go:122.2,125.10 3 1
github.com/your-org/sso/sdks/golang/client.go:125.10,127.17 2 1
github.com/your-org/sso/sdks/golang/client.go:127.17,129.4 1 1
github.com/your-org/sso/sdks/golang/client.go:130.3,130.51 1 1
github.com/your-org/sso/sdks/golang/client.go:133.2,134.16 2 1
github.com/your-org/sso/sdks/golang/client.go:134.16,136.3 1 0
github.com/your-org/sso/sdks/golang/client.go:137.2,140.16 3 1
github.com/your-org/sso/sdks/golang/client.go:140.16,142.3 1 0
github.com/your-org/sso/sdks/golang/client.go:144.2,144.28 1 1
github.com/your-org/sso/sdks/golang/client.go:144.28,147.3 2 1
github.com/your-org/sso/sdks/golang/client.go:149.2,149.22 1 1
github.com/your-org/sso/sdks/golang/client.go:152.85,154.2 1 1
github.com/your-org/sso/sdks/golang/client.go:156.104,158.2 1 1
github.com/your-org/sso/sdks/golang/client.go:161.67,168.17 6 1
github.com/your-org/sso/sdks/golang/client.go:168.17,174.3 1 1
github.com/your-org/sso/sdks/golang/client.go:176.2,176.40 1 1
github.com/your-org/sso/sdks/golang/client.go:176.40,178.17 2 0
github.com/your-org/sso/sdks/golang/client.go:178.17,180.4 1 0
github.com/your-org/sso/sdks/golang/client.go:181.3,182.31 2 0
github.com/your-org/sso/sdks/golang/client.go:185.2,185.19 1 1
github.com/your-org/sso/sdks/golang/client.go:188.105,193.16 2 1
github.com/your-org/sso/sdks/golang/client.go:193.16,195.3 1 0
github.com/your-org/sso/sdks/golang/client.go:197.2,198.52 2 1
github.com/your-org/sso/sdks/golang/client.go:198.52,200.3 1 0
github.com/your-org/sso/sdks/golang/client.go:201.2,201.19 1 1
github.com/your-org/sso/sdks/golang/client.go:205.52,207.49 2 1
github.com/your-org/sso/sdks/golang/client.go:207.49,209.3 1 0
github.com/your-org/sso/sdks/golang/client.go:210.2,210.16 1 1
github.com/your-org/sso/sdks/golang/errors.go:51.32,52.21 1 1
github.com/your-org/sso/sdks/golang/errors.go:52.21,54.3 1 1
github.com/your-org/sso/sdks/golang/errors.go:55.2,55.63 1 0
github.com/your-org/sso/sdks/golang/errors.go:59.35,61.2 1 1
github.com/your-org/sso/sdks/golang/errors.go:64.39,66.2 1 1
github.com/your-org/sso/sdks/golang/errors.go:69.36,71.2 1 1
github.com/your-org/sso/sdks/golang/errors.go:74.35,76.2 1 1
github.com/your-org/sso/sdks/golang/errors.go:79.38,81.2 1 1
github.com/your-org/sso/sdks/golang/errors.go:84.55,93.2 2 1
github.com/your-org/sso/sdks/golang/errors.go:103.42,110.2 1 1
github.com/your-org/sso/sdks/golang/errors.go:113.69,123.16 4 1
github.com/your-org/sso/sdks/golang/errors.go:123.16,125.3 1 0
github.com/your-org/sso/sdks/golang/errors.go:127.2,130.3 1 1
github.com/your-org/sso/sdks/golang/mfa.go:10.75,12.16 2 1
github.com/your-org/sso/sdks/golang/mfa.go:12.16,14.3 1 0
github.com/your-org/sso/sdks/golang/mfa.go:16.2,16.46 1 1
github.com/your-org/sso/sdks/golang/mfa.go:20.88,24.16 2 1
github.com/your-org/sso/sdks/golang/mfa.go:24.16,26.3 1 0
github.com/your-org/sso/sdks/golang/mfa.go:28.2,28.45 1 1
github.com/your-org/sso/sdks/golang/mfa.go:32.89,36.16 2 0
github.com/your-org/sso/sdks/golang/mfa.go:36.16,38.3 1 0
github.com/your-org/sso/sdks/golang/mfa.go:40.2,40.45 1 0
github.com/your-org/sso/sdks/golang/mfa.go:44.77,46.16 2 1
github.com/your-org/sso/sdks/golang/mfa.go:46.16,48.3 1 0
github.com/your-org/sso/sdks/golang/mfa.go:50.2,50.47 1 1
github.com/your-org/sso/sdks/golang/oauth.go:13.121,18.16 3 0
github.com/your-org/sso/sdks/golang/oauth.go:18.16,20.3 1 0
github.com/your-org/sso/sdks/golang/oauth.go:22.2,22.47 1 0
github.com/your-org/sso/sdks/golang/oauth.go:26.144,31.16 3 0
github.com/your-org/sso/sdks/golang/oauth.go:31.16,33.3 1 0
github.com/your-org/sso/sdks/golang/oauth.go:35.2,35.47 1 0
github.com/your-org/sso/sdks/golang/oauth.go:39.117,41.16 2 0
github.com/your-org/sso/sdks/golang/oauth.go:41.16,43.3 1 0
github.com/your-org/sso/sdks/golang/oauth.go:45.2,45.47 1 0
github.com/your-org/sso/sdks/golang/user.go:10.67,12.16 2 1
github.com/your-org/sso/sdks/golang/user.go:12.16,14.3 1 1
github.com/your-org/sso/sdks/golang/user.go:16.2,16.38 1 1
github.com/your-org/sso/sdks/golang/user.go:20.113,25.16 2 1
github.com/your-org/sso/sdks/golang/user.go:25.16,27.3 1 0
github.com/your-org/sso/sdks/golang/user.go:29.2,29.45 1 1
github.com/your-org/sso/internal/store/mock/mock.go:72.19,83.2 1 0
github.com/your-org/sso/internal/store/mock/mock.go:90.69,91.28 1 0
github.com/your-org/sso/internal/store/mock/mock.go:91.28,93.3 1 0
github.com/your-org/sso/internal/store/mock/mock.go:95.2,99.28 3 0
github.com/your-org/sso/internal/store/mock/mock.go:99.28,100.28 1 0
github.com/your-org/sso/internal/store/mock/mock.go:100.28,102.4 1 0
github.com/your-org/sso/internal/store/mock/mock.go:105.2,106.12 2 0
github.com/your-org/sso/internal/store/mock/mock.go:110.78,111.29 1 0
github.com/your-org/sso/internal/store/mock/mock.go:111.29,113.3 1 0
github.com/your-org/sso/internal/store/mock/mock.go:115.2,119.9 4 0
github.com/your-org/sso/internal/store/mock/mock.go:119.9,121.3 1 0
github.com/your-org/sso/internal/store/mock/mock.go:122.2,122.18 1 0
github.com/your-org/sso/internal/store/mock/mock.go:126.84,127.32 1 0
github.com/your-org/sso/internal/store/mock/mock.go:127.32,129.3 1 0
github.com/your-org/sso/internal/store/mock/mock.go:131.2,134.31 3 0
github.com/your-org/sso/internal/store/mock/mock.go:134.31,135.26 1 0
github.com/your-org/sso/internal/store/mock/mock.go:135.26,137.4 1 0
github.com/your-org/sso/internal/store/mock/mock.go:139.2,139.31 1 0
github.com/your-org/sso/internal/store/mock/mock.go:143.69,144.28 1 0
github.com/your-org/sso/internal/store/mock/mock.go:144.28,146.3 1 0
github.com/your-org/sso/internal/store/mock/mock.go:148.2,151.36 3 0
github.com/your-org/sso/internal/store/mock/mock.go:151.36,153.3 1 0
github.com/your-org/sso/internal/store/mock/mock.go:155.2,156.12 2 0
github.com/your-org/sso/internal/store/mock/mock.go:160.117,161.37 1 0
github.com/your-org/sso/internal/store/mock/mock.go:161.37,163.3 1 0
github.com/your-org/sso/internal/store/mock/mock.go:165.2,169.9 4 0
github.com/your-org/sso/internal/store/mock/mock.go:169.9,171.3 1 0
github.com/your-org/sso/internal/store/mock/mock.go:173.2,175.12 3 0
github.com/your-org/sso/internal/store/mock/mock.go:179.187,184.9 4 0
github.com/your-org/sso/internal/store/mock/mock.go:184.9,186.3 1 0
github.com/your-org/sso/internal/store/mock/mock.go:188.2,191.29 3 0
github.com/your-org/sso/internal/store/mock/mock.go:191.29,197.3 5 0
github.com/your-org/sso/internal/store/mock/mock.go:199.2,199.43 1 0
github.com/your-org/sso/internal/store/mock/mock.go:203.78,208.9 4 0
github.com/your-org/sso/internal/store/mock/mock.go:208.9,210.3 1 0
github.com/your-org/sso/internal/store/mock/mock.go:212.2,214.43 3 0
github.com/your-org/sso/internal/store/mock/mock.go:214.43,216.3 1 0
github.com/your-org/sso/internal/store/mock/mock.go:217.2,217.12 1 0
github.com/your-org/sso/internal/store/mock/mock.go:221.80,226.9 4 0
github.com/your-org/sso/internal/store/mock/mock.go:226.9,228.3 1 0
github.com/your-org/sso/internal/store/mock/mock.go:230.2,230.43 1 0
github.com/your-org/sso/internal/store/mock/mock.go:230.43,232.3 1 0
github.com/your-org/sso/internal/store/mock/mock.go:234.2,234.67 1 0
github.com/your-org/sso/internal/store/mock/mock.go:234.67,236.3 1 0
github.com/your-org/sso/internal/store/mock/mock.go:238.2,240.12 3 0
github.com/your-org/sso/internal/store/mock/mock.go:244.62,245.28 1 0
github.com/your-org/sso/internal/store/mock/mock.go:245.28,247.3 1 0
github.com/your-org/sso/internal/store/mock/mock.go:249.2,252.31 3 0
github.com/your-org/sso/internal/store/mock/mock.go:252.31,254.3 1 0
github.com/your-org/sso/internal/store/mock/mock.go:256.2,257.12 2 0
github.com/your-org/sso/internal/store/mock/mock.go:261.95,267.31 4 0
github.com/your-org/sso/internal/store/mock/mock.go:267.31,269.3 1 0
github.com/your-org/sso/internal/store/mock/mock.go:271.2,274.21 2 0
github.com/your-org/sso/internal/store/mock/mock.go:274.21,276.3 1 0
github.com/your-org/sso/internal/store/mock/mock.go:278.2,279.17 2 0
github.com/your-org/sso/internal/store/mock/mock.go:279.17,281.3 1 0
github.com/your-org/sso/internal/store/mock/mock.go:283.2,283.41 1 0
github.com/your-org/sso/internal/store/mock/mock.go:291.92,292.37 1 0
github.com/your-org/sso/internal/store/mock/mock.go:292.37,294.3 1 0
github.com/your-org/sso/internal/store/mock/mock.go:296.2,300.9 4 0
github.com/your-org/sso/internal/store/mock/mock.go:300.9,302.3 1 0
github.com/your-org/sso/internal/store/mock/mock.go:303.2,303.20 1 0
github.com/your-org/sso/internal/store/mock/mock.go:307.79,308.30 1 0
github.com/your-org/sso/internal/store/mock/mock.go:308.30,310.3 1 0
github.com/your-org/sso/internal/store/mock/mock.go:312.2,316.12 4 0
github.com/your-org/sso/internal/store/mock/mock.go:320.100,325.9 4 0
github.com/your-org/sso/internal/store/mock/mock.go:325.9,327.3 1 0
github.com/your-org/sso/internal/store/mock/mock.go:329.2,329.42 1 0
github.com/your-org/sso/internal/store/mock/mock.go:329.42,330.25 1 0
github.com/your-org/sso/internal/store/mock/mock.go:330.25,332.4 1 0
github.com/your-org/sso/internal/store/mock/mock.go:334.2,334.14 1 0
github.com/your-org/sso/internal/store/mock/mock.go:342.98,343.40 1 0
github.com/your-org/sso/internal/store/mock/mock.go:343.40,345.3 1 0
github.com/your-org/sso/internal/store/mock/mock.go:347.2,351.12 4 0
github.com/your-org/sso/internal/store/mock/mock.go:355.106,356.38 1 0
github.com/your-org/sso/internal/store/mock/mock.go:356.38,358.3 1 0
github.com/your-org/sso/internal/store/mock/mock.go:360.2,364.9 4 0
github.com/your-org/sso/internal/store/mock/mock.go:364.9,366.3 1 0
github.com/your-org/sso/internal/store/mock/mock.go:367.2,367.22 1 0
github.com/your-org/sso/internal/store/mock/mock.go:371.83,372.43 1 0
github.com/your-org/sso/internal/store/mock/mock.go:372.43,374.3 1 0
github.com/your-org/sso/internal/store/mock/mock.go:376.2,380.9 4 0
github.com/your-org/sso/internal/store/mock/mock.go:380.9,382.3 1 0
github.com/your-org/sso/internal/store/mock/mock.go:384.2,386.12 3 0
github.com/your-org/sso/internal/store/mock/mock.go:390.99,396.2 4 0
github.com/your-org/sso/internal/store/mock/mock.go:399.75,400.28 1 0
github.com/your-org/sso/internal/store/mock/mock.go:400.28,402.3 1 0
github.com/your-org/sso/internal/store/mock/mock.go:404.2,408.12 4 0
github.com/your-org/sso/internal/store/mock/mock.go:412.104,413.40 1 0
github.com/your-org/sso/internal/store/mock/mock.go:413.40,415.3 1 0
github.com/your-org/sso/internal/store/mock/mock.go:417.2,420.33 3 0
github.com/your-org/sso/internal/store/mock/mock.go:420.33,421.41 1 0
github.com/your-org/sso/internal/store/mock/mock.go:421.41,423.4 1 0
github.com/your-org/sso/internal/store/mock/mock.go:425.2,425.31 1 0
github.com/your-org/sso/internal/store/mock/mock.go:429.102,430.39 1 0
github.com/your-org/sso/internal/store/mock/mock.go:430.39,432.3 1 0
github.com/your-org/sso/internal/store/mock/mock.go:434.2,438.9 4 0
github.com/your-org/sso/internal/store/mock/mock.go:438.9,440.3 1 0
github.com/your-org/sso/internal/store/mock/mock.go:441.2,441.19 1 0
github.com/your-org/sso/internal/store/mock/mock.go:445.76,446.29 1 0
github.com/your-org/sso/internal/store/mock/mock.go:446.29,448.3 1 0
github.com/your-org/sso/internal/store/mock/mock.go:450.2,454.9 4 0
github.com/your-org/sso/internal/store/mock/mock.go:454.9,456.3 1 0
github.com/your-org/sso/internal/store/mock/mock.go:458.2,460.12 3 0
github.com/your-org/sso/internal/store/mock/mock.go:464.79,465.37 1 0
github.com/your-org/sso/internal/store/mock/mock.go:465.37,467.3 1 0
github.com/your-org/sso/internal/store/mock/mock.go:469.2,473.33 4 0
github.com/your-org/sso/internal/store/mock/mock.go:473.33,474.55 1 0
github.com/your-org/sso/internal/store/mock/mock.go:474.55,476.4 1 0
github.com/your-org/sso/internal/store/mock/mock.go:478.2,478.12 1 0
github.com/your-org/sso/internal/store/mock/mock.go:482.59,483.32 1 0
github.com/your-org/sso/internal/store/mock/mock.go:483.32,485.3 1 0
github.com/your-org/sso/internal/store/mock/mock.go:487.2,493.35 4 0
github.com/your-org/sso/internal/store/mock/mock.go:493.35,494.34 1 0
github.com/your-org/sso/internal/store/mock/mock.go:494.34,496.4 1 0
github.com/your-org/sso/internal/store/mock/mock.go:500.2,500.46 1 0
github.com/your-org/sso/internal/store/mock/mock.go:500.46,501.33 1 0
github.com/your-org/sso/internal/store/mock/mock.go:501.33,503.4 1 0
github.com/your-org/sso/internal/store/mock/mock.go:506.2,506.12 1 0
github.com/your-org/sso/internal/store/mock/mock.go:514.117,515.40 1 0
github.com/your-org/sso/internal/store/mock/mock.go:515.40,517.3 1 0
github.com/your-org/sso/internal/store/mock/mock.go:519.2,526.12 4 0
github.com/your-org/sso/internal/store/mock/mock.go:530.108,531.38 1 0
github.com/your-org/sso/internal/store/mock/mock.go:531.38,533.3 1 0
github.com/your-org/sso/internal/store/mock/mock.go:535.2,539.9 4 0
github.com/your-org/sso/internal/store/mock/mock.go:539.9,541.3 1 0
github.com/your-org/sso/internal/store/mock/mock.go:542.2,542.19 1 0
github.com/your-org/sso/internal/store/mock/mock.go:546.83,547.41 1 0
github.com/your-org/sso/internal/store/mock/mock.go:547.41,549.3 1 0
github.com/your-org/sso/internal/store/mock/mock.go:551.2,555.12 4 0
github.com/your-org/sso/internal/store/mock/mock.go:559.110,560.33 1 0
github.com/your-org/sso/internal/store/mock/mock.go:560.33,562.3 1 0
github.com/your-org/sso/internal/store/mock/mock.go:564.2,571.12 4 0
github.com/your-org/sso/internal/store/mock/mock.go:575.94,576.31 1 0
github.com/your-org/sso/internal/store/mock/mock.go:576.31,578.3 1 0
github.com/your-org/sso/internal/store/mock/mock.go:580.2,584.9 4 0
github.com/your-org/sso/internal/store/mock/mock.go:584.9,586.3 1 0
github.com/your-org/sso/internal/store/mock/mock.go:587.2,587.19 1 0
github.com/your-org/sso/internal/store/mock/mock.go:591.76,592.34 1 0
github.com/your-org/sso/internal/store/mock/mock.go:592.34,594.3 1 0
github.com/your-org/sso/internal/store/mock/mock.go:596.2,600.12 4 0
github.com/your-org/sso/internal/store/mock/mock.go:608.31,610.2 1 0
github.com/your-org/sso/internal/store/mock/mock.go:613.49,615.2 1 0
github.com/your-org/sso/internal/store/mock/mock.go:622.43,626.2 3 0
github.com/your-org/sso/internal/store/mock/mock.go:629.49,633.2 3 0
github.com/your-org/sso/internal/store/mock/mock.go:636.46,640.2 3 0
github.com/your-org/sso/internal/store/mock/mock.go:643.25,655.2 10 0
github.com/your-org/sso/internal/store/mock/mock.go:662.79,663.31 1 0
github.com/your-org/sso/internal/store/mock/mock.go:663.31,665.3 1 0
github.com/your-org/sso/internal/store/mock/mock.go:667.2,671.12 4 0
github.com/your-org/sso/internal/store/mock/mock.go:675.136,681.34 4 0
github.com/your-org/sso/internal/store/mock/mock.go:681.34,682.43 1 0
github.com/your-org/sso/internal/store/mock/mock.go:682.43,683.12 1 0
github.com/your-org/sso/internal/store/mock/mock.go:685.3,685.52 1 0
github.com/your-org/sso/internal/store/mock/mock.go:685.52,686.12 1 0
github.com/your-org/sso/internal/store/mock/mock.go:688.3,688.35 1 0
github.com/your-org/sso/internal/store/mock/mock.go:691.2,694.21 2 0
github.com/your-org/sso/internal/store/mock/mock.go:694.21,696.3 1 0
github.com/your-org/sso/internal/store/mock/mock.go:698.2,699.17 2 0
github.com/your-org/sso/internal/store/mock/mock.go:699.17,701.3 1 0
github.com/your-org/sso/internal/store/mock/mock.go:703.2,703.41 1 0
github.com/your-org/sso/internal/store/mock/mock.go:706.76,707.26 1 0
github.com/your-org/sso/internal/store/mock/mock.go:707.26,709.3 1 0
github.com/your-org/sso/internal/store/mock/mock.go:711.2,715.12 4 0
github.com/your-org/sso/internal/store/mock/mock.go:718.78,719.30 1 0
github.com/your-org/sso/internal/store/mock/mock.go:719.30,721.3 1 0
github.com/your-org/sso/internal/store/mock/mock.go:723.2,726.29 3 0
github.com/your-org/sso/internal/store/mock/mock.go:726.29,727.42 1 0
github.com/your-org/sso/internal/store/mock/mock.go:727.42,729.4 1 0
github.com/your-org/sso/internal/store/mock/mock.go:731.2,731.31 1 0
github.com/your-org/sso/internal/store/mock/mock.go:734.90,735.28 1 0
github.com/your-org/sso/internal/store/mock/mock.go:735.28,737.3 1 0
github.com/your-org/sso/internal/store/mock/mock.go:739.2,743.9 4 0
github.com/your-org/sso/internal/store/mock/mock.go:743.9,745.3 1 0
github.com/your-org/sso/internal/store/mock/mock.go:746.2,746.17 1 0
github.com/your-org/sso/internal/store/mock/mock.go:749.82,754.29 4 0
github.com/your-org/sso/internal/store/mock/mock.go:754.29,755.85 1 0
github.com/your-org/sso/internal/store/mock/mock.go:755.85,757.4 1 0
github.com/your-org/sso/internal/store/mock/mock.go:759.2,759.20 1 0
github.com/your-org/sso/internal/store/mock/mock.go:762.79,767.29 4 0
github.com/your-org/sso/internal/store/mock/mock.go:767.29,769.3 1 0
github.com/your-org/sso/internal/store/mock/mock.go:770.2,770.20 1 0
github.com/your-org/sso/internal/store/mock/mock.go:773.92,774.30 1 0
github.com/your-org/sso/internal/store/mock/mock.go:774.30,776.3 1 0
github.com/your-org/sso/internal/store/mock/mock.go:778.2,782.9 4 0
github.com/your-org/sso/internal/store/mock/mock.go:782.9,784.3 1 0
github.com/your-org/sso/internal/store/mock/mock.go:786.2,788.12 3 0
github.com/your-org/sso/internal/store/mock/mock.go:791.68,792.27 1 0
github.com/your-org/sso/internal/store/mock/mock.go:792.27,794.3 1 0
github.com/your-org/sso/internal/store/mock/mock.go:796.2,800.9 4 0
github.com/your-org/sso/internal/store/mock/mock.go:800.9,802.3 1 0
github.com/your-org/sso/internal/store/mock/mock.go:804.2,805.12 2 0
github.com/your-org/sso/internal/store/mock/mock.go:808.68,814.2 4 0
github.com/your-org/sso/internal/middleware/auth.go:55.80,57.2 1 1
github.com/your-org/sso/internal/middleware/auth.go:62.108,63.69 1 0
github.com/your-org/sso/internal/middleware/auth.go:63.69,66.17 3 0
github.com/your-org/sso/internal/middleware/auth.go:66.17,68.4 1 0
github.com/your-org/sso/internal/middleware/auth.go:69.3,69.38 1 0
github.com/your-org/sso/internal/middleware/auth.go:76.130,77.69 1 0
github.com/your-org/sso/internal/middleware/auth.go:77.69,83.17 5 0
github.com/your-org/sso/internal/middleware/auth.go:83.17,85.4 1 0
github.com/your-org/sso/internal/middleware/auth.go:87.3,87.56 1 0
github.com/your-org/sso/internal/middleware/auth.go:87.56,89.22 2 0
github.com/your-org/sso/internal/middleware/auth.go:89.22,91.5 1 0
github.com/your-org/sso/internal/middleware/auth.go:92.4,92.73 1 0
github.com/your-org/sso/internal/middleware/auth.go:95.3,96.17 2 0
github.com/your-org/sso/internal/middleware/auth.go:96.17,99.4 2 0
github.com/your-org/sso/internal/middleware/auth.go:101.3,103.17 3 0
github.com/your-org/sso/internal/middleware/auth.go:108.134,109.46 1 1
github.com/your-org/sso/internal/middleware/auth.go:109.46,110.72 1 1
github.com/your-org/sso/internal/middleware/auth.go:110.72,113.24 2 1
github.com/your-org/sso/internal/middleware/auth.go:113.24,116.5 2 1
github.com/your-org/sso/internal/middleware/auth.go:120.4,121.47 2 1
github.com/your-org/sso/internal/middleware/auth.go:121.47,124.5 2 1
github.com/your-org/sso/internal/middleware/auth.go:126.4,129.56 2 1
github.com/your-org/sso/internal/middleware/auth.go:129.56,132.5 2 0
github.com/your-org/sso/internal/middleware/auth.go:135.4,136.18 2 1
github.com/your-org/sso/internal/middleware/auth.go:136.18,139.5 2 1
github.com/your-org/sso/internal/middleware/auth.go:142.4,148.41 5 1
github.com/your-org/sso/internal/middleware/auth.go:159.67,160.46 1 1
github.com/your-org/sso/internal/middleware/auth.go:160.46,161.72 1 1
github.com/your-org/sso/internal/middleware/auth.go:161.72,164.22 2 1
github.com/your-org/sso/internal/middleware/auth.go:164.22,167.5 2 1
github.com/your-org/sso/internal/middleware/auth.go:170.4,170.31 1 1
github.com/your-org/sso/internal/middleware/auth.go:170.31,171.25 1 1
github.com/your-org/sso/internal/middleware/auth.go:171.25,174.6 2 1
github.com/your-org/sso/internal/middleware/auth.go:177.4,177.69 1 1
github.com/your-org/sso/internal/middleware/auth.go:183.53,185.2 1 1
github.com/your-org/sso/internal/middleware/auth.go:188.73,194.2 3 1
github.com/your-org/sso/internal/middleware/auth.go:201.55,202.53 1 1
github.com/your-org/sso/internal/middleware/auth.go:202.53,204.3 1 1
github.com/your-org/sso/internal/middleware/auth.go:205.2,205.11 1 1
github.com/your-org/sso/internal/middleware/auth.go:209.58,210.55 1 1
github.com/your-org/sso/internal/middleware/auth.go:210.55,212.3 1 1
github.com/your-org/sso/internal/middleware/auth.go:213.2,213.11 1 1
github.com/your-org/sso/internal/middleware/auth.go:217.61,218.59 1 1
github.com/your-org/sso/internal/middleware/auth.go:218.59,220.3 1 1
github.com/your-org/sso/internal/middleware/auth.go:221.2,221.12 1 1
github.com/your-org/sso/internal/middleware/auth.go:225.57,226.53 1 1
github.com/your-org/sso/internal/middleware/auth.go:226.53,228.3 1 1
github.com/your-org/sso/internal/middleware/auth.go:229.2,229.11 1 1
github.com/your-org/sso/internal/middleware/auth.go:233.54,234.53 1 1
github.com/your-org/sso/internal/middleware/auth.go:234.53,236.3 1 1
github.com/your-org/sso/internal/middleware/auth.go:237.2,237.14 1 1
github.com/your-org/sso/internal/middleware/auth.go:246.75,247.46 1 1
github.com/your-org/sso/internal/middleware/auth.go:247.46,248.72 1 1
github.com/your-org/sso/internal/middleware/auth.go:248.72,249.40 1 1
github.com/your-org/sso/internal/middleware/auth.go:249.40,252.5 2 1
github.com/your-org/sso/internal/middleware/auth.go:254.4,255.24 2 1
github.com/your-org/sso/internal/middleware/auth.go:255.24,259.5 3 1
github.com/your-org/sso/internal/middleware/auth.go:261.4,262.46 2 1
github.com/your-org/sso/internal/middleware/auth.go:262.46,265.5 2 1
github.com/your-org/sso/internal/middleware/auth.go:267.4,269.18 3 1
github.com/your-org/sso/internal/middleware/auth.go:269.18,272.5 2 1
github.com/your-org/sso/internal/middleware/auth.go:274.4,275.23 2 1
github.com/your-org/sso/internal/middleware/auth.go:275.23,278.5 2 1
github.com/your-org/sso/internal/middleware/auth.go:280.4,283.40 3 1
github.com/your-org/sso/internal/middleware/auth.go:283.40,287.5 3 1
github.com/your-org/sso/internal/middleware/auth.go:289.4,289.24 1 1
github.com/your-org/sso/internal/middleware/auth.go:295.45,297.16 2 1
github.com/your-org/sso/internal/middleware/auth.go:297.16,299.3 1 1
github.com/your-org/sso/internal/middleware/auth.go:300.2,300.29 1 1
github.com/your-org/sso/internal/middleware/cors.go:24.38,31.2 1 1
github.com/your-org/sso/internal/middleware/cors.go:39.63,40.19 1 1
github.com/your-org/sso/internal/middleware/cors.go:40.19,42.3 1 0
github.com/your-org/sso/internal/middleware/cors.go:44.2,44.46 1 1
github.com/your-org/sso/internal/middleware/cors.go:44.46,45.72 1 1
github.com/your-org/sso/internal/middleware/cors.go:45.72,49.70 2 1
github.com/your-org/sso/internal/middleware/cors.go:49.70,56.5 5 1
github.com/your-org/sso/internal/middleware/cors.go:59.4,59.38 1 1
github.com/your-org/sso/internal/middleware/cors.go:59.38,62.5 2 1
github.com/your-org/sso/internal/middleware/cors.go:65.4,65.24 1 1
github.com/your-org/sso/internal/middleware/cors.go:71.67,72.41 1 1
github.com/your-org/sso/internal/middleware/cors.go:72.41,74.21 1 1
github.com/your-org/sso/internal/middleware/cors.go:74.21,76.4 1 0
github.com/your-org/sso/internal/middleware/cors.go:78.3,78.24 1 1
github.com/your-org/sso/internal/middleware/cors.go:78.24,80.4 1 1
github.com/your-org/sso/internal/middleware/cors.go:82.3,82.39 1 1
github.com/your-org/sso/internal/middleware/cors.go:82.39,84.76 2 0
github.com/your-org/sso/internal/middleware/cors.go:84.76,86.5 1 0
github.com/your-org/sso/internal/middleware/cors.go:89.2,89.14 1 1
github.com/your-org/sso/internal/middleware/language.go:29.47,30.71 1 1
github.com/your-org/sso/internal/middleware/language.go:30.71,34.3 3 1
github.com/your-org/sso/internal/middleware/language.go:39.45,41.51 1 1
github.com/your-org/sso/internal/middleware/language.go:41.51,43.3 1 1
github.com/your-org/sso/internal/middleware/language.go:46.2,46.69 1 1
github.com/your-org/sso/internal/middleware/language.go:46.69,48.3 1 1
github.com/your-org/sso/internal/middleware/language.go:51.2,51.16 1 1
github.com/your-org/sso/internal/middleware/language.go:59.57,60.53 1 1
github.com/your-org/sso/internal/middleware/language.go:60.53,62.3 1 1
github.com/your-org/sso/internal/middleware/language.go:63.2,63.16 1 1
github.com/your-org/sso/internal/middleware/logging.go:22.49,25.2 2 1
github.com/your-org/sso/internal/middleware/logging.go:33.45,34.71 1 1
github.com/your-org/sso/internal/middleware/logging.go:34.71,58.3 5 1
github.com/your-org/sso/internal/middleware/ratelimit.go:36.67,48.2 3 1
github.com/your-org/sso/internal/middleware/ratelimit.go:52.31,54.2 1 1
github.com/your-org/sso/internal/middleware/ratelimit.go:61.68,67.2 3 1
github.com/your-org/sso/internal/middleware/ratelimit.go:71.67,72.71 1 1
github.com/your-org/sso/internal/middleware/ratelimit.go:72.71,77.26 2 1
github.com/your-org/sso/internal/middleware/ratelimit.go:77.26,81.4 3 1
github.com/your-org/sso/internal/middleware/ratelimit.go:84.3,84.23 1 1
github.com/your-org/sso/internal/middleware/ratelimit.go:91.42,93.47 1 1
github.com/your-org/sso/internal/middleware/ratelimit.go:93.47,94.51 1 1
github.com/your-org/sso/internal/middleware/ratelimit.go:94.51,96.4 1 1
github.com/your-org/sso/internal/middleware/ratelimit.go:100.2,101.16 2 1
github.com/your-org/sso/internal/middleware/ratelimit.go:101.16,103.3 1 1
github.com/your-org/sso/internal/middleware/ratelimit.go:105.2,105.11 1 1
github.com/your-org/sso/internal/middleware/ratelimit.go:110.52,112.19 1 1
github.com/your-org/sso/internal/middleware/ratelimit.go:112.19,114.3 1 0
github.com/your-org/sso/internal/middleware/ratelimit.go:116.2,122.13 5 1
github.com/your-org/sso/internal/middleware/ratelimit.go:122.13,129.3 2 1
github.com/your-org/sso/internal/middleware/ratelimit.go:132.2,132.44 1 1
github.com/your-org/sso/internal/middleware/ratelimit.go:132.44,136.3 3 0
github.com/your-org/sso/internal/middleware/ratelimit.go:139.2,139.23 1 1
github.com/your-org/sso/internal/middleware/ratelimit.go:139.23,142.3 2 1
github.com/your-org/sso/internal/middleware/ratelimit.go:145.2,145.14 1 1
github.com/your-org/sso/internal/middleware/ratelimit.go:150.34,154.6 3 1
github.com/your-org/sso/internal/middleware/ratelimit.go:154.6,155.10 1 1
github.com/your-org/sso/internal/middleware/ratelimit.go:156.18,157.10 1 1
github.com/your-org/sso/internal/middleware/ratelimit.go:158.19,161.39 3 1
github.com/your-org/sso/internal/middleware/ratelimit.go:161.39,163.49 1 0
github.com/your-org/sso/internal/middleware/ratelimit.go:163.49,165.6 1 0
github.com/your-org/sso/internal/middleware/ratelimit.go:167.4,167.18 1 1
github.com/your-org/sso/internal/middleware/requestid.go:20.48,21.71 1 1
github.com/your-org/sso/internal/middleware/requestid.go:21.71,23.22 2 1
github.com/your-org/sso/internal/middleware/requestid.go:23.22,25.4 1 1
github.com/your-org/sso/internal/middleware/requestid.go:27.3,30.40 3 1
github.com/your-org/sso/internal/middleware/requestid.go:35.33,39.2 3 1
github.com/your-org/sso/internal/middleware/requestid.go:42.58,43.52 1 1
github.com/your-org/sso/internal/middleware/requestid.go:43.52,45.3 1 1
github.com/your-org/sso/internal/middleware/requestid.go:46.2,46.11 1 1
github.com/your-org/sso/internal/middleware/security.go:21.54,22.71 1 1
github.com/your-org/sso/internal/middleware/security.go:22.71,59.3 10 1
github.com/your-org/sso/internal/middleware/security.go:63.32,67.2 3 1
github.com/your-org/sso/internal/middleware/security.go:70.46,71.54 1 1
github.com/your-org/sso/internal/middleware/security.go:71.54,73.3 1 1
github.com/your-org/sso/internal/middleware/security.go:74.2,74.11 1 1
github.com/your-org/sso/internal/handler/admin.go:39.76,41.2 1 1
github.com/your-org/sso/internal/handler/admin.go:50.80,55.57 3 1
github.com/your-org/sso/internal/handler/admin.go:55.57,56.59 1 1
github.com/your-org/sso/internal/handler/admin.go:56.59,58.4 1 1
github.com/your-org/sso/internal/handler/admin.go:61.2,61.69 1 1
github.com/your-org/sso/internal/handler/admin.go:61.69,62.86 1 1
github.com/your-org/sso/internal/handler/admin.go:62.86,64.4 1 1
github.com/your-org/sso/internal/handler/admin.go:68.2,72.16 3 1
github.com/your-org/sso/internal/handler/admin.go:72.16,75.3 2 0
github.com/your-org/sso/internal/handler/admin.go:78.2,79.29 2 1
github.com/your-org/sso/internal/handler/admin.go:79.29,89.3 1 1
github.com/your-org/sso/internal/handler/admin.go:91.2,97.4 1 1
github.com/your-org/sso/internal/handler/admin.go:103.78,109.18 3 1
github.com/your-org/sso/internal/handler/admin.go:109.18,111.3 1 1
github.com/your-org/sso/internal/handler/admin.go:113.2,113.18 1 1
github.com/your-org/sso/internal/handler/admin.go:113.18,116.3 2 1
github.com/your-org/sso/internal/handler/admin.go:119.2,120.16 2 1
github.com/your-org/sso/internal/handler/admin.go:120.16,123.3 2 1
github.com/your-org/sso/internal/handler/admin.go:125.2,133.4 1 1
github.com/your-org/sso/internal/handler/admin.go:147.3,152.42 3 1
github.com/your-org/sso/internal/handler/admin.go:152.42,154.3 1 0
github.com/your-org/sso/internal/handler/admin.go:154.8,159.45 2 1
github.com/your-org/sso/internal/handler/admin.go:159.45,162.4 2 1
github.com/your-org/sso/internal/handler/admin.go:163.3,163.22 1 1
github.com/your-org/sso/internal/handler/admin.go:166.2,166.18 1 1
github.com/your-org/sso/internal/handler/admin.go:166.18,169.3 2 0
github.com/your-org/sso/internal/handler/admin.go:171.2,171.52 1 1
github.com/your-org/sso/internal/handler/admin.go:171.52,174.3 2 1
github.com/your-org/sso/internal/handler/admin.go:176.2,176.53 1 1
github.com/your-org/sso/internal/handler/admin.go:182.82,184.2 1 1
github.com/your-org/sso/internal/handler/admin.go:189.81,191.2 1 1
github.com/your-org/sso/internal/handler/admin.go:196.81,200.18 3 0
github.com/your-org/sso/internal/handler/admin.go:200.18,203.3 2 0
github.com/your-org/sso/internal/handler/admin.go:205.2,205.67 1 0
github.com/your-org/sso/internal/handler/admin.go:205.67,208.3 2 0
github.com/your-org/sso/internal/handler/admin.go:210.2,210.56 1 0
github.com/your-org/sso/internal/handler/admin.go:216.80,221.57 3 0
github.com/your-org/sso/internal/handler/admin.go:221.57,222.59 1 0
github.com/your-org/sso/internal/handler/admin.go:222.59,224.4 1 0
github.com/your-org/sso/internal/handler/admin.go:227.2,227.69 1 0
github.com/your-org/sso/internal/handler/admin.go:227.69,228.86 1 0
github.com/your-org/sso/internal/handler/admin.go:228.86,230.4 1 0
github.com/your-org/sso/internal/handler/admin.go:234.2,241.16 4 0
github.com/your-org/sso/internal/handler/admin.go:241.16,244.3 2 0
github.com/your-org/sso/internal/handler/admin.go:247.2,248.27 2 0
github.com/your-org/sso/internal/handler/admin.go:248.27,258.3 1 0
github.com/your-org/sso/internal/handler/admin.go:260.2,266.4 1 0
github.com/your-org/sso/internal/handler/admin.go:276.83,279.16 2 1
github.com/your-org/sso/internal/handler/admin.go:279.16,282.3 2 0
github.com/your-org/sso/internal/handler/admin.go:284.2,289.4 1 1
github.com/your-org/sso/internal/handler/admin.go:295.78,297.63 1 1
github.com/your-org/sso/internal/handler/admin.go:297.63,300.3 2 0
github.com/your-org/sso/internal/handler/admin.go:302.2,302.53 1 1
github.com/your-org/sso/internal/handler/authorize.go:24.84,26.2 1 1
github.com/your-org/sso/internal/handler/authorize.go:31.84,42.67 8 1
github.com/your-org/sso/internal/handler/authorize.go:42.67,45.3 2 1
github.com/your-org/sso/internal/handler/authorize.go:48.2,48.36 1 1
github.com/your-org/sso/internal/handler/authorize.go:48.36,51.3 2 1
github.com/your-org/sso/internal/handler/authorize.go:54.2,60.18 3 1
github.com/your-org/sso/internal/handler/authorize.go:60.18,67.3 2 1
github.com/your-org/sso/internal/handler/authorize.go:70.2,79.16 2 0
github.com/your-org/sso/internal/handler/authorize.go:79.16,82.3 2 0
github.com/your-org/sso/internal/handler/authorize.go:85.2,88.4 1 0
github.com/your-org/sso/internal/handler/authorize.go:93.82,96.18 2 1
github.com/your-org/sso/internal/handler/authorize.go:96.18,99.3 2 1
github.com/your-org/sso/internal/handler/authorize.go:102.2,110.44 2 1
github.com/your-org/sso/internal/handler/authorize.go:110.44,113.3 2 1
github.com/your-org/sso/internal/handler/authorize.go:116.2,116.44 1 1
github.com/your-org/sso/internal/handler/authorize.go:116.44,119.3 2 1
github.com/your-org/sso/internal/handler/authorize.go:122.2,134.16 3 1
github.com/your-org/sso/internal/handler/authorize.go:134.16,137.3 2 1
github.com/your-org/sso/internal/handler/authorize.go:140.2,143.4 1 0
github.com/your-org/sso/internal/handler/helpers.go:33.67,36.2 2 1
github.com/your-org/sso/internal/handler/helpers.go:39.69,43.2 3 1
github.com/your-org/sso/internal/handler/helpers.go:46.68,50.2 1 1
github.com/your-org/sso/internal/handler/helpers.go:53.94,56.2 2 0
github.com/your-org/sso/internal/handler/helpers.go:59.88,63.17 2 1
github.com/your-org/sso/internal/handler/helpers.go:63.17,65.3 1 1
github.com/your-org/sso/internal/handler/helpers.go:66.2,66.32 1 1
github.com/your-org/sso/internal/handler/helpers.go:70.55,76.42 4 1
github.com/your-org/sso/internal/handler/helpers.go:76.42,78.37 2 1
github.com/your-org/sso/internal/handler/helpers.go:78.37,80.4 1 0
github.com/your-org/sso/internal/handler/helpers.go:81.3,81.13 1 1
github.com/your-org/sso/internal/handler/helpers.go:84.2,84.55 1 1
github.com/your-org/sso/internal/handler/helpers.go:84.55,86.3 1 0
github.com/your-org/sso/internal/handler/helpers.go:88.2,88.12 1 1
github.com/your-org/sso/internal/handler/helpers.go:93.79,94.9 1 1
github.com/your-org/sso/internal/handler/helpers.go:95.46,96.103 1 0
github.com/your-org/sso/internal/handler/helpers.go:97.47,98.93 1 0
github.com/your-org/sso/internal/handler/helpers.go:99.10,100.93 1 1
github.com/your-org/sso/internal/handler/helpers.go:106.73,110.29 3 1
github.com/your-org/sso/internal/handler/helpers.go:110.29,113.3 2 1
github.com/your-org/sso/internal/handler/helpers.go:116.2,116.9 1 0
github.com/your-org/sso/internal/handler/helpers.go:117.48,118.92 1 0
github.com/your-org/sso/internal/handler/helpers.go:119.53,120.97 1 0
github.com/your-org/sso/internal/handler/helpers.go:121.53,122.99 1 0
github.com/your-org/sso/internal/handler/helpers.go:123.48,124.91 1 0
github.com/your-org/sso/internal/handler/helpers.go:125.50,126.93 1 0
github.com/your-org/sso/internal/handler/helpers.go:127.47,128.93 1 0
github.com/your-org/sso/internal/handler/helpers.go:129.51,130.97 1 0
github.com/your-org/sso/internal/handler/helpers.go:131.10,132.96 1 0
github.com/your-org/sso/internal/handler/helpers.go:169.83,172.38 2 1
github.com/your-org/sso/internal/handler/helpers.go:172.38,173.29 1 1
github.com/your-org/sso/internal/handler/helpers.go:173.29,178.4 2 1
github.com/your-org/sso/internal/handler/helpers.go:181.2,181.14 1 0
github.com/your-org/sso/internal/handler/helpers.go:186.109,187.37 1 0
github.com/your-org/sso/internal/handler/helpers.go:187.37,189.3 1 0
[...]
github.com/your-org/sso/internal/service/oauth.go:217.16,220.3 2 1
github.com/your-org/sso/internal/service/oauth.go:222.2,222.35 1 1
github.com/your-org/sso/internal/service/oauth.go:222.35,225.3 2 0
github.com/your-org/sso/internal/service/oauth.go:227.2,227.41 1 1
github.com/your-org/sso/internal/service/oauth.go:227.41,230.3 2 0
github.com/your-org/sso/internal/service/oauth.go:232.2,232.43 1 1
github.com/your-org/sso/internal/service/oauth.go:232.43,235.3 2 0
github.com/your-org/sso/internal/service/oauth.go:237.2,237.28 1 1
github.com/your-org/sso/internal/service/oauth.go:237.28,240.3 2 1
github.com/your-org/sso/internal/service/oauth.go:242.2,242.22 1 1
github.com/your-org/sso/internal/service/oauth.go:251.9,253.16 2 1
github.com/your-org/sso/internal/service/oauth.go:253.16,255.3 1 0
github.com/your-org/sso/internal/service/oauth.go:257.2,257.26 1 1
github.com/your-org/sso/internal/service/oauth.go:257.26,258.62 1 1
github.com/your-org/sso/internal/service/oauth.go:258.62,261.4 2 1
github.com/your-org/sso/internal/service/oauth.go:264.2,264.12 1 1
github.com/your-org/sso/internal/service/oauth.go:273.9,274.34 1 1
github.com/your-org/sso/internal/service/oauth.go:274.34,275.104 1 1
github.com/your-org/sso/internal/service/oauth.go:275.104,278.4 2 1
github.com/your-org/sso/internal/service/oauth.go:280.2,280.12 1 1
github.com/your-org/sso/internal/service/oauth.go:288.9,291.71 3 1
github.com/your-org/sso/internal/service/oauth.go:291.71,293.3 1 0
github.com/your-org/sso/internal/service/oauth.go:296.2,296.23 1 1
github.com/your-org/sso/internal/service/oauth.go:296.23,298.3 1 1
github.com/your-org/sso/internal/service/oauth.go:300.2,300.12 1 1
github.com/your-org/sso/internal/service/oauth.go:307.33,309.16 2 1
github.com/your-org/sso/internal/service/oauth.go:309.16,311.3 1 0
github.com/your-org/sso/internal/service/oauth.go:313.2,313.23 1 1
github.com/your-org/sso/internal/service/oauth.go:313.23,315.3 1 0
github.com/your-org/sso/internal/service/oauth.go:317.2,325.3 2 1
github.com/your-org/sso/internal/service/oauth.go:329.108,330.23 1 1
github.com/your-org/sso/internal/service/oauth.go:330.23,332.3 1 1
github.com/your-org/sso/internal/service/oauth.go:336.77,338.37 2 1
github.com/your-org/sso/internal/service/oauth.go:338.37,341.3 1 0
github.com/your-org/sso/internal/service/oauth.go:342.2,342.12 1 1
github.com/your-org/sso/internal/service/oauth.go:349.59,350.23 1 1
github.com/your-org/sso/internal/service/oauth.go:350.23,351.28 1 0
github.com/your-org/sso/internal/service/oauth.go:351.28,353.4 1 0
github.com/your-org/sso/internal/service/oauth.go:354.3,354.13 1 0
github.com/your-org/sso/internal/service/oauth.go:357.2,357.22 1 1
github.com/your-org/sso/internal/service/oauth.go:357.22,363.75 5 1
github.com/your-org/sso/internal/service/oauth.go:363.75,365.4 1 1
github.com/your-org/sso/internal/service/oauth.go:366.3,366.13 1 1
github.com/your-org/sso/internal/service/oauth.go:369.2,369.32 1 0
github.com/your-org/sso/internal/service/oauth.go:372.56,374.2 1 1
github.com/your-org/sso/internal/service/oauth.go:377.58,378.51 1 1
github.com/your-org/sso/internal/service/oauth.go:378.51,380.3 1 1
github.com/your-org/sso/internal/service/oauth.go:382.2,382.25 1 0
github.com/your-org/sso/internal/service/social.go:82.23,85.26 2 1
github.com/your-org/sso/internal/service/social.go:85.26,95.3 1 1
github.com/your-org/sso/internal/service/social.go:97.2,97.26 1 1
github.com/your-org/sso/internal/service/social.go:97.26,107.3 1 1
github.com/your-org/sso/internal/service/social.go:109.2,121.12 3 1
github.com/your-org/sso/internal/service/social.go:131.23,132.23 1 1
github.com/your-org/sso/internal/service/social.go:132.23,134.3 1 0
github.com/your-org/sso/internal/service/social.go:135.2,147.12 3 1
github.com/your-org/sso/internal/service/social.go:152.53,156.6 3 1
github.com/your-org/sso/internal/service/social.go:156.6,157.10 1 1
github.com/your-org/sso/internal/service/social.go:158.19,159.57 1 0
github.com/your-org/sso/internal/service/social.go:159.57,161.12 2 0
github.com/your-org/sso/internal/service/social.go:161.12,165.6 2 0
github.com/your-org/sso/internal/service/social.go:167.5,167.51 1 0
github.com/your-org/sso/internal/service/social.go:167.51,169.6 1 0
github.com/your-org/sso/internal/service/social.go:170.5,170.16 1 0
github.com/your-org/sso/internal/service/social.go:172.21,173.10 1 1
github.com/your-org/sso/internal/service/social.go:179.38,181.2 1 1
github.com/your-org/sso/internal/service/social.go:187.54,189.32 2 1
github.com/your-org/sso/internal/service/social.go:189.32,191.3 1 1
github.com/your-org/sso/internal/service/social.go:192.2,192.18 1 1
github.com/your-org/sso/internal/service/social.go:195.103,197.9 2 1
github.com/your-org/sso/internal/service/social.go:197.9,199.3 1 1
github.com/your-org/sso/internal/service/social.go:201.2,201.23 1 1
github.com/your-org/sso/internal/service/social.go:201.23,203.3 1 1
github.com/your-org/sso/internal/service/social.go:206.2,206.17 1 1
github.com/your-org/sso/internal/service/social.go:206.17,208.3 1 1
github.com/your-org/sso/internal/service/social.go:211.2,225.47 3 1
github.com/your-org/sso/internal/service/social.go:228.139,230.9 2 1
github.com/your-org/sso/internal/service/social.go:230.9,232.3 1 1
github.com/your-org/sso/internal/service/social.go:235.2,235.17 1 1
github.com/your-org/sso/internal/service/social.go:235.17,237.3 1 0
github.com/your-org/sso/internal/service/social.go:240.2,241.13 2 1
github.com/your-org/sso/internal/service/social.go:241.13,243.3 1 0
github.com/your-org/sso/internal/service/social.go:246.2,247.9 2 1
github.com/your-org/sso/internal/service/social.go:247.9,249.3 1 0
github.com/your-org/sso/internal/service/social.go:252.2,252.48 1 1
github.com/your-org/sso/internal/service/social.go:252.48,254.3 1 0
github.com/your-org/sso/internal/service/social.go:257.2,257.23 1 1
github.com/your-org/sso/internal/service/social.go:257.23,259.3 1 0
github.com/your-org/sso/internal/service/social.go:261.2,262.16 2 1
github.com/your-org/sso/internal/service/social.go:262.16,264.3 1 1
github.com/your-org/sso/internal/service/social.go:266.2,267.16 2 1
github.com/your-org/sso/internal/service/social.go:267.16,269.3 1 0
github.com/your-org/sso/internal/service/social.go:271.2,272.16 2 1
github.com/your-org/sso/internal/service/social.go:272.16,274.3 1 1
github.com/your-org/sso/internal/service/social.go:276.2,276.39 1 1
github.com/your-org/sso/internal/service/social.go:283.103,293.16 3 1
github.com/your-org/sso/internal/service/social.go:293.16,295.3 1 0
github.com/your-org/sso/internal/service/social.go:296.2,300.16 4 1
github.com/your-org/sso/internal/service/social.go:300.16,302.3 1 0
github.com/your-org/sso/internal/service/social.go:303.2,306.16 3 1
github.com/your-org/sso/internal/service/social.go:306.16,308.3 1 0
github.com/your-org/sso/internal/service/social.go:310.2,311.54 2 1
github.com/your-org/sso/internal/service/social.go:311.54,313.3 1 0
github.com/your-org/sso/internal/service/social.go:315.2,315.54 1 1
github.com/your-org/sso/internal/service/social.go:315.54,317.3 1 1
github.com/your-org/sso/internal/service/social.go:319.2,319.32 1 1
github.com/your-org/sso/internal/service/social.go:322.112,324.16 2 1
github.com/your-org/sso/internal/service/social.go:324.16,326.3 1 0
github.com/your-org/sso/internal/service/social.go:327.2,330.16 3 1
github.com/your-org/sso/internal/service/social.go:330.16,332.3 1 0
github.com/your-org/sso/internal/service/social.go:333.2,336.16 3 1
github.com/your-org/sso/internal/service/social.go:336.16,338.3 1 0
github.com/your-org/sso/internal/service/social.go:340.2,341.56 2 1
github.com/your-org/sso/internal/service/social.go:341.56,343.3 1 0
github.com/your-org/sso/internal/service/social.go:345.2,345.22 1 1
github.com/your-org/sso/internal/service/social.go:348.139,351.18 2 1
github.com/your-org/sso/internal/service/social.go:352.16,353.40 1 1
github.com/your-org/sso/internal/service/social.go:354.16,356.18 2 1
github.com/your-org/sso/internal/service/social.go:356.18,357.51 1 1
github.com/your-org/sso/internal/service/social.go:357.51,359.5 1 1
github.com/your-org/sso/internal/service/social.go:363.2,363.17 1 1
github.com/your-org/sso/internal/service/social.go:363.17,365.3 1 1
github.com/your-org/sso/internal/service/social.go:367.2,368.16 2 1
github.com/your-org/sso/internal/service/social.go:368.16,369.44 1 1
github.com/your-org/sso/internal/service/social.go:369.44,371.4 1 0
github.com/your-org/sso/internal/service/social.go:373.3,383.51 3 1
github.com/your-org/sso/internal/service/social.go:383.51,385.4 1 0
github.com/your-org/sso/internal/service/social.go:388.2,388.18 1 1
github.com/your-org/sso/internal/service/social.go:391.117,393.2 1 1
github.com/your-org/sso/internal/service/token.go:29.82,34.2 1 1
github.com/your-org/sso/internal/service/token.go:43.33,46.16 3 1
github.com/your-org/sso/internal/service/token.go:46.16,49.3 2 0
github.com/your-org/sso/internal/service/token.go:50.2,54.16 4 1
github.com/your-org/sso/internal/service/token.go:54.16,57.3 2 0
github.com/your-org/sso/internal/service/token.go:58.2,72.61 4 1
github.com/your-org/sso/internal/service/token.go:72.61,75.3 2 0
github.com/your-org/sso/internal/service/token.go:76.2,83.8 2 1
github.com/your-org/sso/internal/service/user.go:56.16,64.2 1 1
github.com/your-org/sso/internal/service/user.go:72.16,80.2 1 0
github.com/your-org/sso/internal/service/user.go:86.87,88.16 2 1
github.com/your-org/sso/internal/service/user.go:88.16,90.3 1 1
github.com/your-org/sso/internal/service/user.go:92.2,92.24 1 1
github.com/your-org/sso/internal/service/user.go:92.24,94.3 1 1
github.com/your-org/sso/internal/service/user.go:96.2,97.16 2 1
github.com/your-org/sso/internal/service/user.go:97.16,99.3 1 0
github.com/your-org/sso/internal/service/user.go:101.2,102.86 2 1
github.com/your-org/sso/internal/service/user.go:102.86,104.3 1 0
github.com/your-org/sso/internal/service/user.go:106.2,108.23 2 1
github.com/your-org/sso/internal/service/user.go:108.23,109.99 1 1
github.com/your-org/sso/internal/service/user.go:109.99,111.4 1 1
github.com/your-org/sso/internal/service/user.go:114.2,114.12 1 1
github.com/your-org/sso/internal/service/user.go:117.84,119.16 2 1
github.com/your-org/sso/internal/service/user.go:119.16,120.43 1 1
github.com/your-org/sso/internal/service/user.go:120.43,122.4 1 1
github.com/your-org/sso/internal/service/user.go:123.3,123.13 1 1
github.com/your-org/sso/internal/service/user.go:126.2,126.32 1 1
github.com/your-org/sso/internal/service/user.go:126.32,128.3 1 1
github.com/your-org/sso/internal/service/user.go:130.2,130.46 1 1
github.com/your-org/sso/internal/service/user.go:130.46,132.3 1 1
github.com/your-org/sso/internal/service/user.go:134.2,135.16 2 1
github.com/your-org/sso/internal/service/user.go:135.16,137.3 1 0
github.com/your-org/sso/internal/service/user.go:139.2,142.50 3 1
github.com/your-org/sso/internal/service/user.go:142.50,144.3 1 0
github.com/your-org/sso/internal/service/user.go:147.2,147.69 1 1
github.com/your-org/sso/internal/service/user.go:147.69,149.3 1 0
github.com/your-org/sso/internal/service/user.go:151.2,151.12 1 1
github.com/your-org/sso/internal/service/user.go:158.79,160.16 2 1
github.com/your-org/sso/internal/service/user.go:160.16,164.3 2 1
github.com/your-org/sso/internal/service/user.go:166.2,167.16 2 1
github.com/your-org/sso/internal/service/user.go:167.16,170.3 2 0
github.com/your-org/sso/internal/service/user.go:172.2,173.80 2 1
github.com/your-org/sso/internal/service/user.go:173.80,176.3 2 0
github.com/your-org/sso/internal/service/user.go:178.2,180.23 2 1
github.com/your-org/sso/internal/service/user.go:180.23,181.99 1 1
github.com/your-org/sso/internal/service/user.go:181.99,184.4 1 1
github.com/your-org/sso/internal/service/user.go:187.2,187.12 1 1
github.com/your-org/sso/internal/service/user.go:190.126,192.64 1 1
github.com/your-org/sso/internal/service/user.go:192.64,194.3 1 1
github.com/your-org/sso/internal/service/user.go:196.2,197.16 2 1
github.com/your-org/sso/internal/service/user.go:197.16,198.43 1 1
github.com/your-org/sso/internal/service/user.go:198.43,200.4 1 1
github.com/your-org/sso/internal/service/user.go:201.3,201.13 1 0
github.com/your-org/sso/internal/service/user.go:204.2,204.32 1 1
github.com/your-org/sso/internal/service/user.go:204.32,206.3 1 1
github.com/your-org/sso/internal/service/user.go:208.2,208.46 1 1
github.com/your-org/sso/internal/service/user.go:208.46,210.3 1 1
github.com/your-org/sso/internal/service/user.go:212.2,213.16 2 1
github.com/your-org/sso/internal/service/user.go:213.16,215.3 1 0
github.com/your-org/sso/internal/service/user.go:217.2,218.16 2 1
github.com/your-org/sso/internal/service/user.go:218.16,220.3 1 0
github.com/your-org/sso/internal/service/user.go:222.2,227.50 5 1
github.com/your-org/sso/internal/service/user.go:227.50,229.3 1 0
github.com/your-org/sso/internal/service/user.go:232.2,232.62 1 1
github.com/your-org/sso/internal/service/user.go:232.62,234.3 1 0
github.com/your-org/sso/internal/service/user.go:236.2,236.65 1 1
github.com/your-org/sso/internal/service/user.go:236.65,238.3 1 0
github.com/your-org/sso/internal/service/user.go:240.2,240.23 1 1
github.com/your-org/sso/internal/service/user.go:240.23,242.3 1 1
github.com/your-org/sso/internal/service/user.go:244.2,244.12 1 1
github.com/your-org/sso/internal/service/user.go:247.99,249.2 1 1
github.com/your-org/sso/internal/service/user.go:255.133,257.16 2 1
github.com/your-org/sso/internal/service/user.go:257.16,259.3 1 1
github.com/your-org/sso/internal/service/user.go:261.2,261.85 1 1
github.com/your-org/sso/internal/service/user.go:261.85,262.24 1 1
github.com/your-org/sso/internal/service/user.go:262.24,264.4 1 1
github.com/your-org/sso/internal/service/user.go:265.3,265.41 1 1
github.com/your-org/sso/internal/service/user.go:268.2,268.64 1 1
github.com/your-org/sso/internal/service/user.go:268.64,270.3 1 1
github.com/your-org/sso/internal/service/user.go:272.2,273.16 2 1
github.com/your-org/sso/internal/service/user.go:273.16,275.3 1 0
github.com/your-org/sso/internal/service/user.go:277.2,280.50 3 1
github.com/your-org/sso/internal/service/user.go:280.50,282.3 1 0
github.com/your-org/sso/internal/service/user.go:284.2,284.23 1 1
github.com/your-org/sso/internal/service/user.go:284.23,286.3 1 1
github.com/your-org/sso/internal/service/user.go:288.2,288.12 1 1
github.com/your-org/sso/internal/service/user.go:291.106,293.2 1 1
github.com/your-org/sso/internal/cache/redis.go:61.42,63.2 1 1
github.com/your-org/sso/internal/cache/redis.go:66.38,68.2 1 1
github.com/your-org/sso/internal/cache/redis.go:71.40,73.2 1 1
github.com/your-org/sso/internal/cache/redis.go:76.40,78.2 1 1
github.com/your-org/sso/internal/cache/redis.go:100.36,107.2 3 1
github.com/your-org/sso/internal/cache/redis.go:111.84,116.13 4 1
github.com/your-org/sso/internal/cache/redis.go:116.13,118.3 1 1
github.com/your-org/sso/internal/cache/redis.go:121.2,121.38 1 1
github.com/your-org/sso/internal/cache/redis.go:121.38,124.78 2 1
github.com/your-org/sso/internal/cache/redis.go:124.78,126.4 1 1
github.com/your-org/sso/internal/cache/redis.go:127.3,128.22 2 1
github.com/your-org/sso/internal/cache/redis.go:132.2,132.90 1 1
github.com/your-org/sso/internal/cache/redis.go:132.90,134.3 1 0
github.com/your-org/sso/internal/cache/redis.go:136.2,136.41 1 1
github.com/your-org/sso/internal/cache/redis.go:141.104,143.16 2 1
github.com/your-org/sso/internal/cache/redis.go:143.16,145.3 1 1
github.com/your-org/sso/internal/cache/redis.go:147.2,154.12 4 1
github.com/your-org/sso/internal/cache/redis.go:160.143,164.18 3 1
github.com/your-org/sso/internal/cache/redis.go:164.18,171.3 2 1
github.com/your-org/sso/internal/cache/redis.go:174.2,175.16 2 1
github.com/your-org/sso/internal/cache/redis.go:175.16,177.3 1 1
github.com/your-org/sso/internal/cache/redis.go:179.2,184.12 2 1
github.com/your-org/sso/internal/cache/redis.go:188.69,193.2 4 1
github.com/your-org/sso/internal/cache/redis.go:197.80,199.26 2 1
github.com/your-org/sso/internal/cache/redis.go:199.26,200.35 1 1
github.com/your-org/sso/internal/cache/redis.go:200.35,202.4 1 1
github.com/your-org/sso/internal/cache/redis.go:204.2,205.12 2 1
github.com/your-org/sso/internal/cache/redis.go:209.37,214.9 3 1
github.com/your-org/sso/internal/cache/redis.go:215.18,215.18 0 1
github.com/your-org/sso/internal/cache/redis.go:217.10,218.18 1 1
github.com/your-org/sso/internal/cache/redis.go:221.2,222.12 2 1
github.com/your-org/sso/internal/cache/redis.go:225.33,229.6 3 1
github.com/your-org/sso/internal/cache/redis.go:229.6,230.10 1 1
github.com/your-org/sso/internal/cache/redis.go:231.19,232.10 1 1
github.com/your-org/sso/internal/cache/redis.go:233.19,235.21 2 0
github.com/your-org/sso/internal/cache/redis.go:235.21,238.5 2 0
github.com/your-org/sso/internal/cache/redis.go:239.4,243.34 4 0
github.com/your-org/sso/internal/cache/redis.go:243.34,244.34 1 0
github.com/your-org/sso/internal/cache/redis.go:244.34,246.6 1 0
github.com/your-org/sso/internal/cache/redis.go:248.4,248.17 1 0
github.com/your-org/sso/internal/cache/redis.go:253.47,254.20 1 1
github.com/your-org/sso/internal/cache/redis.go:254.20,256.3 1 1
github.com/your-org/sso/internal/cache/redis.go:258.2,258.56 1 1
github.com/your-org/sso/internal/cache/redis.go:258.56,260.3 1 1
github.com/your-org/sso/internal/cache/redis.go:262.2,262.23 1 1
github.com/your-org/sso/internal/cache/redis.go:284.72,296.47 4 1
github.com/your-org/sso/internal/cache/redis.go:296.47,298.3 1 1
github.com/your-org/sso/internal/cache/redis.go:300.2,300.41 1 0
github.com/your-org/sso/internal/cache/redis.go:304.73,310.47 4 0
github.com/your-org/sso/internal/cache/redis.go:310.47,312.3 1 0
github.com/your-org/sso/internal/cache/redis.go:314.2,314.41 1 0
github.com/your-org/sso/internal/cache/redis.go:318.54,320.2 1 0
github.com/your-org/sso/internal/cache/redis.go:323.83,325.16 2 0
github.com/your-org/sso/internal/cache/redis.go:325.16,326.23 1 0
github.com/your-org/sso/internal/cache/redis.go:326.23,328.4 1 0
github.com/your-org/sso/internal/cache/redis.go:329.3,329.13 1 0
github.com/your-org/sso/internal/cache/redis.go:332.2,332.76 1 0
github.com/your-org/sso/internal/cache/redis.go:332.76,334.3 1 0
github.com/your-org/sso/internal/cache/redis.go:336.2,336.34 1 0
github.com/your-org/sso/internal/cache/redis.go:340.103,342.16 2 0
github.com/your-org/sso/internal/cache/redis.go:342.16,344.3 1 0
github.com/your-org/sso/internal/cache/redis.go:346.2,346.48 1 0
github.com/your-org/sso/internal/cache/redis.go:350.142,351.18 1 0
github.com/your-org/sso/internal/cache/redis.go:351.18,353.3 1 0
github.com/your-org/sso/internal/cache/redis.go:355.2,356.16 2 0
github.com/your-org/sso/internal/cache/redis.go:356.16,358.3 1 0
github.com/your-org/sso/internal/cache/redis.go:360.2,360.48 1 0
github.com/your-org/sso/internal/cache/redis.go:364.68,366.2 1 0
github.com/your-org/sso/internal/cache/redis.go:369.79,371.16 2 0
github.com/your-org/sso/internal/cache/redis.go:371.16,373.3 1 0
github.com/your-org/sso/internal/cache/redis.go:375.2,375.20 1 0
github.com/your-org/sso/internal/cache/redis.go:375.20,377.3 1 0
github.com/your-org/sso/internal/cache/redis.go:379.2,379.41 1 0
github.com/your-org/sso/internal/cache/redis.go:383.36,385.2 1 0
github.com/your-org/sso/internal/cache/redis.go:403.43,404.22 1 1
github.com/your-org/sso/internal/cache/redis.go:404.22,406.3 1 1
github.com/your-org/sso/internal/cache/redis.go:408.2,409.16 2 1
github.com/your-org/sso/internal/cache/redis.go:409.16,411.3 1 1
github.com/your-org/sso/internal/cache/redis.go:413.2,413.24 1 0
github.com/your-org/sso/internal/cache/redis.go:418.55,419.22 1 1
github.com/your-org/sso/internal/cache/redis.go:419.22,422.3 2 1
github.com/your-org/sso/internal/cache/redis.go:424.2,425.16 2 1
github.com/your-org/sso/internal/cache/redis.go:425.16,428.3 2 1
github.com/your-org/sso/internal/cache/redis.go:430.2,431.24 2 0
