mode: set
github.com/your-org/sso/internal/handler/admin.go:39.76,41.2 1 1
github.com/your-org/sso/internal/handler/admin.go:50.80,55.57 3 1
github.com/your-org/sso/internal/handler/admin.go:55.57,56.59 1 1
github.com/your-org/sso/internal/handler/admin.go:56.59,58.4 1 1
github.com/your-org/sso/internal/handler/admin.go:61.2,61.69 1 1
github.com/your-org/sso/internal/handler/admin.go:61.69,62.86 1 1
github.com/your-org/sso/internal/handler/admin.go:62.86,64.4 1 1
github.com/your-org/sso/internal/handler/admin.go:68.2,72.16 3 1
github.com/your-org/sso/internal/handler/admin.go:72.16,75.3 2 0
github.com/your-org/sso/internal/handler/admin.go:78.2,79.29 2 1
github.com/your-org/sso/internal/handler/admin.go:79.29,89.3 1 1
github.com/your-org/sso/internal/handler/admin.go:91.2,97.4 1 1
github.com/your-org/sso/internal/handler/admin.go:103.78,109.18 3 1
github.com/your-org/sso/internal/handler/admin.go:109.18,111.3 1 1
github.com/your-org/sso/internal/handler/admin.go:113.2,113.18 1 1
github.com/your-org/sso/internal/handler/admin.go:113.18,116.3 2 1
github.com/your-org/sso/internal/handler/admin.go:119.2,120.16 2 1
github.com/your-org/sso/internal/handler/admin.go:120.16,123.3 2 1
github.com/your-org/sso/internal/handler/admin.go:125.2,133.4 1 1
github.com/your-org/sso/internal/handler/admin.go:147.3,152.42 3 1
github.com/your-org/sso/internal/handler/admin.go:152.42,154.3 1 0
github.com/your-org/sso/internal/handler/admin.go:154.8,159.45 2 1
github.com/your-org/sso/internal/handler/admin.go:159.45,162.4 2 1
github.com/your-org/sso/internal/handler/admin.go:163.3,163.22 1 1
github.com/your-org/sso/internal/handler/admin.go:166.2,166.18 1 1
github.com/your-org/sso/internal/handler/admin.go:166.18,169.3 2 0
github.com/your-org/sso/internal/handler/admin.go:171.2,171.52 1 1
github.com/your-org/sso/internal/handler/admin.go:171.52,174.3 2 1
github.com/your-org/sso/internal/handler/admin.go:176.2,176.53 1 1
github.com/your-org/sso/internal/handler/admin.go:182.82,184.2 1 1
github.com/your-org/sso/internal/handler/admin.go:189.81,191.2 1 1
github.com/your-org/sso/internal/handler/admin.go:196.81,200.18 3 0
github.com/your-org/sso/internal/handler/admin.go:200.18,203.3 2 0
github.com/your-org/sso/internal/handler/admin.go:205.2,205.67 1 0
github.com/your-org/sso/internal/handler/admin.go:205.67,208.3 2 0
github.com/your-org/sso/internal/handler/admin.go:210.2,210.56 1 0
github.com/your-org/sso/internal/handler/admin.go:216.80,221.57 3 0
github.com/your-org/sso/internal/handler/admin.go:221.57,222.59 1 0
github.com/your-org/sso/internal/handler/admin.go:222.59,224.4 1 0
github.com/your-org/sso/internal/handler/admin.go:227.2,227.69 1 0
github.com/your-org/sso/internal/handler/admin.go:227.69,228.86 1 0
github.com/your-org/sso/internal/handler/admin.go:228.86,230.4 1 0
github.com/your-org/sso/internal/handler/admin.go:234.2,241.16 4 0
github.com/your-org/sso/internal/handler/admin.go:241.16,244.3 2 0
github.com/your-org/sso/internal/handler/admin.go:247.2,248.27 2 0
github.com/your-org/sso/internal/handler/admin.go:248.27,258.3 1 0
github.com/your-org/sso/internal/handler/admin.go:260.2,266.4 1 0
github.com/your-org/sso/internal/handler/admin.go:276.83,279.16 2 1
github.com/your-org/sso/internal/handler/admin.go:279.16,282.3 2 0
github.com/your-org/sso/internal/handler/admin.go:284.2,289.4 1 1
github.com/your-org/sso/internal/handler/admin.go:295.78,297.63 1 1
github.com/your-org/sso/internal/handler/admin.go:297.63,300.3 2 0
github.com/your-org/sso/internal/handler/admin.go:302.2,302.53 1 1
github.com/your-org/sso/internal/handler/authorize.go:24.84,26.2 1 1
github.com/your-org/sso/internal/handler/authorize.go:31.84,42.67 8 1
github.com/your-org/sso/internal/handler/authorize.go:42.67,45.3 2 1
github.com/your-org/sso/internal/handler/authorize.go:48.2,48.36 1 1
github.com/your-org/sso/internal/handler/authorize.go:48.36,51.3 2 1
github.com/your-org/sso/internal/handler/authorize.go:54.2,60.18 3 1
github.com/your-org/sso/internal/handler/authorize.go:60.18,67.3 2 1
github.com/your-org/sso/internal/handler/authorize.go:70.2,79.16 2 0
github.com/your-org/sso/internal/handler/authorize.go:79.16,82.3 2 0
github.com/your-org/sso/internal/handler/authorize.go:85.2,88.4 1 0
github.com/your-org/sso/internal/handler/authorize.go:93.82,96.18 2 1
github.com/your-org/sso/internal/handler/authorize.go:96.18,99.3 2 1
github.com/your-org/sso/internal/handler/authorize.go:102.2,110.44 2 1
github.com/your-org/sso/internal/handler/authorize.go:110.44,113.3 2 1
github.com/your-org/sso/internal/handler/authorize.go:116.2,116.44 1 1
github.com/your-org/sso/internal/handler/authorize.go:116.44,119.3 2 1
github.com/your-org/sso/internal/handler/authorize.go:122.2,134.16 3 1
github.com/your-org/sso/internal/handler/authorize.go:134.16,137.3 2 1
github.com/your-org/sso/internal/handler/authorize.go:140.2,143.4 1 0
github.com/your-org/sso/internal/handler/helpers.go:33.67,36.2 2 1
github.com/your-org/sso/internal/handler/helpers.go:39.69,43.2 3 1
github.com/your-org/sso/internal/handler/helpers.go:46.68,50.2 1 1
github.com/your-org/sso/internal/handler/helpers.go:53.94,56.2 2 0
github.com/your-org/sso/internal/handler/helpers.go:59.88,63.17 2 1
github.com/your-org/sso/internal/handler/helpers.go:63.17,65.3 1 1
github.com/your-org/sso/internal/handler/helpers.go:66.2,66.32 1 1
github.com/your-org/sso/internal/handler/helpers.go:70.55,76.42 4 1
github.com/your-org/sso/internal/handler/helpers.go:76.42,78.37 2 1
github.com/your-org/sso/internal/handler/helpers.go:78.37,80.4 1 1
github.com/your-org/sso/internal/handler/helpers.go:81.3,81.13 1 1
github.com/your-org/sso/internal/handler/helpers.go:84.2,84.55 1 1
github.com/your-org/sso/internal/handler/helpers.go:84.55,86.3 1 0
github.com/your-org/sso/internal/handler/helpers.go:88.2,88.12 1 1
github.com/your-org/sso/internal/handler/helpers.go:93.79,94.9 1 1
github.com/your-org/sso/internal/handler/helpers.go:95.46,96.103 1 1
github.com/your-org/sso/internal/handler/helpers.go:97.47,98.93 1 0
github.com/your-org/sso/internal/handler/helpers.go:99.10,100.93 1 1
github.com/your-org/sso/internal/handler/helpers.go:106.73,110.29 3 1
github.com/your-org/sso/internal/handler/helpers.go:110.29,113.3 2 1
github.com/your-org/sso/internal/handler/helpers.go:116.2,116.9 1 0
github.com/your-org/sso/internal/handler/helpers.go:117.48,118.92 1 0
github.com/your-org/sso/internal/handler/helpers.go:119.53,120.97 1 0
github.com/your-org/sso/internal/handler/helpers.go:121.53,122.99 1 0
github.com/your-org/sso/internal/handler/helpers.go:123.48,124.91 1 0
github.com/your-org/sso/internal/handler/helpers.go:125.50,126.93 1 0
github.com/your-org/sso/internal/handler/helpers.go:127.47,128.93 1 0
github.com/your-org/sso/internal/handler/helpers.go:129.51,130.97 1 0
github.com/your-org/sso/internal/handler/helpers.go:131.10,132.96 1 0
github.com/your-org/sso/internal/handler/helpers.go:169.83,172.38 2 1
github.com/your-org/sso/internal/handler/helpers.go:172.38,173.29 1 1
github.com/your-org/sso/internal/handler/helpers.go:173.29,178.4 2 1
github.com/your-org/sso/internal/handler/helpers.go:181.2,181.14 1 0
github.com/your-org/sso/internal/handler/helpers.go:186.109,187.37 1 0
github.com/your-org/sso/internal/handler/helpers.go:187.37,189.3 1 0
github.com/your-org/sso/internal/handler/helpers.go:192.2,195.4 2 0
github.com/your-org/sso/internal/handler/login.go:23.74,25.2 1 1
github.com/your-org/sso/internal/handler/login.go:29.71,30.15 1 1
github.com/your-org/sso/internal/handler/login.go:30.15,31.35 1 1
github.com/your-org/sso/internal/handler/login.go:31.35,34.4 2 0
github.com/your-org/sso/internal/handler/login.go:38.2,39.44 2 1
github.com/your-org/sso/internal/handler/login.go:39.44,42.3 2 1
github.com/your-org/sso/internal/handler/login.go:45.2,46.16 2 1
github.com/your-org/sso/internal/handler/login.go:46.16,50.3 2 1
github.com/your-org/sso/internal/handler/login.go:53.2,53.35 1 1
github.com/your-org/sso/internal/handler/metrics.go:22.66,26.2 1 1
github.com/your-org/sso/internal/handler/metrics.go:31.80,35.2 3 1
github.com/your-org/sso/internal/handler/mfa.go:26.68,28.2 1 1
github.com/your-org/sso/internal/handler/mfa.go:32.77,34.18 2 1
github.com/your-org/sso/internal/handler/mfa.go:34.18,37.3 2 1
github.com/your-org/sso/internal/handler/mfa.go:39.2,40.16 2 1
github.com/your-org/sso/internal/handler/mfa.go:40.16,41.51 1 1
github.com/your-org/sso/internal/handler/mfa.go:41.51,44.4 2 1
github.com/your-org/sso/internal/handler/mfa.go:45.3,46.9 2 1
github.com/your-org/sso/internal/handler/mfa.go:49.2,53.4 1 1
github.com/your-org/sso/internal/handler/mfa.go:58.78,60.18 2 1
github.com/your-org/sso/internal/handler/mfa.go:60.18,63.3 2 1
github.com/your-org/sso/internal/handler/mfa.go:65.2,68.44 2 1
github.com/your-org/sso/internal/handler/mfa.go:68.44,71.3 2 1
github.com/your-org/sso/internal/handler/mfa.go:73.2,73.20 1 1
github.com/your-org/sso/internal/handler/mfa.go:73.20,76.3 2 1
github.com/your-org/sso/internal/handler/mfa.go:78.2,79.16 2 1
github.com/your-org/sso/internal/handler/mfa.go:79.16,80.49 1 1
github.com/your-org/sso/internal/handler/mfa.go:80.49,83.4 2 0
github.com/your-org/sso/internal/handler/mfa.go:84.3,85.9 2 1
github.com/your-org/sso/internal/handler/mfa.go:88.2,88.53 1 0
github.com/your-org/sso/internal/handler/mfa.go:93.79,95.18 2 1
github.com/your-org/sso/internal/handler/mfa.go:95.18,98.3 2 1
github.com/your-org/sso/internal/handler/mfa.go:100.2,103.44 2 1
github.com/your-org/sso/internal/handler/mfa.go:103.44,106.3 2 1
github.com/your-org/sso/internal/handler/mfa.go:108.2,108.20 1 1
github.com/your-org/sso/internal/handler/mfa.go:108.20,111.3 2 1
github.com/your-org/sso/internal/handler/mfa.go:113.2,114.16 2 1
github.com/your-org/sso/internal/handler/mfa.go:114.16,115.47 1 1
github.com/your-org/sso/internal/handler/mfa.go:115.47,118.4 2 1
github.com/your-org/sso/internal/handler/mfa.go:119.3,119.49 1 1
github.com/your-org/sso/internal/handler/mfa.go:119.49,122.4 2 1
github.com/your-org/sso/internal/handler/mfa.go:123.3,124.9 2 0
github.com/your-org/sso/internal/handler/mfa.go:127.2,127.53 1 0
github.com/your-org/sso/internal/handler/mfa.go:132.78,134.18 2 1
github.com/your-org/sso/internal/handler/mfa.go:134.18,137.3 2 1
github.com/your-org/sso/internal/handler/mfa.go:139.2,140.16 2 1
github.com/your-org/sso/internal/handler/mfa.go:140.16,143.3 2 0
github.com/your-org/sso/internal/handler/mfa.go:145.2,145.37 1 1
github.com/your-org/sso/internal/handler/mfa.go:154.90,156.18 2 0
github.com/your-org/sso/internal/handler/mfa.go:156.18,159.3 2 0
github.com/your-org/sso/internal/handler/mfa.go:161.2,164.61 2 0
github.com/your-org/sso/internal/handler/mfa.go:164.61,167.3 2 0
github.com/your-org/sso/internal/handler/mfa.go:169.2,170.16 2 0
github.com/your-org/sso/internal/handler/mfa.go:170.16,172.3 1 0
github.com/your-org/sso/internal/handler/mfa.go:174.2,175.16 2 0
github.com/your-org/sso/internal/handler/mfa.go:175.16,178.3 2 0
github.com/your-org/sso/internal/handler/mfa.go:180.2,182.4 1 0
github.com/your-org/sso/internal/handler/mfa.go:187.87,189.18 2 0
github.com/your-org/sso/internal/handler/mfa.go:189.18,192.3 2 0
github.com/your-org/sso/internal/handler/mfa.go:194.2,197.61 2 0
github.com/your-org/sso/internal/handler/mfa.go:197.61,200.3 2 0
github.com/your-org/sso/internal/handler/mfa.go:202.2,202.20 1 0
github.com/your-org/sso/internal/handler/mfa.go:202.20,205.3 2 0
github.com/your-org/sso/internal/handler/mfa.go:207.2,208.16 2 0
github.com/your-org/sso/internal/handler/mfa.go:208.16,211.3 2 0
github.com/your-org/sso/internal/handler/mfa.go:213.2,213.12 1 0
github.com/your-org/sso/internal/handler/mfa.go:213.12,216.3 2 0
github.com/your-org/sso/internal/handler/mfa.go:218.2,220.4 1 0
github.com/your-org/sso/internal/handler/mfa.go:225.90,227.18 2 0
github.com/your-org/sso/internal/handler/mfa.go:227.18,230.3 2 0
github.com/your-org/sso/internal/handler/mfa.go:232.2,233.16 2 0
github.com/your-org/sso/internal/handler/mfa.go:233.16,236.3 2 0
github.com/your-org/sso/internal/handler/mfa.go:238.2,240.4 1 0
github.com/your-org/sso/internal/handler/register.go:23.80,25.2 1 1
github.com/your-org/sso/internal/handler/register.go:29.74,32.44 2 1
github.com/your-org/sso/internal/handler/register.go:32.44,35.3 2 1
github.com/your-org/sso/internal/handler/register.go:38.2,39.16 2 1
github.com/your-org/sso/internal/handler/register.go:39.16,41.39 1 1
github.com/your-org/sso/internal/handler/register.go:41.39,44.4 1 0
github.com/your-org/sso/internal/handler/register.go:45.3,45.9 1 1
github.com/your-org/sso/internal/handler/register.go:49.2,52.4 1 1
github.com/your-org/sso/internal/handler/social.go:23.95,25.2 1 1
github.com/your-org/sso/internal/handler/social.go:29.82,32.20 2 1
github.com/your-org/sso/internal/handler/social.go:32.20,36.20 2 1
github.com/your-org/sso/internal/handler/social.go:36.20,38.4 1 1
github.com/your-org/sso/internal/handler/social.go:42.2,43.23 2 1
github.com/your-org/sso/internal/handler/social.go:43.23,45.3 1 1
github.com/your-org/sso/internal/handler/social.go:48.2,52.16 3 1
github.com/your-org/sso/internal/handler/social.go:52.16,55.3 2 1
github.com/your-org/sso/internal/handler/social.go:58.2,58.60 1 1
github.com/your-org/sso/internal/handler/social.go:63.85,66.20 2 1
github.com/your-org/sso/internal/handler/social.go:66.20,69.21 2 1
github.com/your-org/sso/internal/handler/social.go:69.21,71.4 1 1
github.com/your-org/sso/internal/handler/social.go:75.2,76.16 2 1
github.com/your-org/sso/internal/handler/social.go:76.16,79.3 2 1
github.com/your-org/sso/internal/handler/social.go:82.2,83.17 2 1
github.com/your-org/sso/internal/handler/social.go:83.17,86.3 2 0
github.com/your-org/sso/internal/handler/social.go:89.2,93.16 3 1
github.com/your-org/sso/internal/handler/social.go:93.16,95.56 1 1
github.com/your-org/sso/internal/handler/social.go:95.56,98.4 2 0
github.com/your-org/sso/internal/handler/social.go:99.3,100.9 2 1
github.com/your-org/sso/internal/handler/social.go:104.2,109.4 1 0
github.com/your-org/sso/internal/handler/social.go:114.86,131.2 3 1
github.com/your-org/sso/internal/handler/token.go:28.114,33.2 1 1
github.com/your-org/sso/internal/handler/token.go:37.76,39.44 2 1
github.com/your-org/sso/internal/handler/token.go:39.44,42.3 2 1
github.com/your-org/sso/internal/handler/token.go:45.2,45.23 1 1
github.com/your-org/sso/internal/handler/token.go:46.35,48.47 2 1
github.com/your-org/sso/internal/handler/token.go:49.40,50.40 1 1
github.com/your-org/sso/internal/handler/token.go:51.10,52.93 1 1
github.com/your-org/sso/internal/handler/token.go:57.104,59.24 2 1
github.com/your-org/sso/internal/handler/token.go:59.24,63.3 3 1
github.com/your-org/sso/internal/handler/token.go:65.2,67.16 3 1
github.com/your-org/sso/internal/handler/token.go:67.16,71.3 3 1
github.com/your-org/sso/internal/handler/token.go:73.2,74.35 2 1
github.com/your-org/sso/internal/handler/token.go:79.113,81.20 1 1
github.com/your-org/sso/internal/handler/token.go:81.20,84.3 2 1
github.com/your-org/sso/internal/handler/token.go:85.2,85.24 1 1
github.com/your-org/sso/internal/handler/token.go:85.24,88.3 2 1
github.com/your-org/sso/internal/handler/token.go:89.2,89.27 1 1
github.com/your-org/sso/internal/handler/token.go:89.27,92.3 2 1
github.com/your-org/sso/internal/handler/token.go:95.2,103.16 2 1
github.com/your-org/sso/internal/handler/token.go:103.16,106.3 2 1
github.com/your-org/sso/internal/handler/token.go:109.2,115.4 1 0
github.com/your-org/sso/internal/handler/token.go:120.77,124.44 2 1
github.com/your-org/sso/internal/handler/token.go:124.44,127.3 2 1
github.com/your-org/sso/internal/handler/token.go:129.2,129.21 1 1
github.com/your-org/sso/internal/handler/token.go:129.21,132.3 2 1
github.com/your-org/sso/internal/handler/token.go:134.2,134.65 1 1
github.com/your-org/sso/internal/handler/token.go:134.65,137.3 2 0
github.com/your-org/sso/internal/handler/token.go:139.2,139.55 1 1
github.com/your-org/sso/internal/handler/token.go:144.80,147.18 2 0
github.com/your-org/sso/internal/handler/token.go:147.18,150.3 2 0
github.com/your-org/sso/internal/handler/token.go:153.2,153.65 1 0
github.com/your-org/sso/internal/handler/token.go:153.65,156.3 2 0
github.com/your-org/sso/internal/handler/token.go:158.2,158.62 1 0
github.com/your-org/sso/internal/handler/user.go:23.72,25.2 1 1
github.com/your-org/sso/internal/handler/user.go:29.91,32.18 2 1
github.com/your-org/sso/internal/handler/user.go:32.18,35.3 2 1
github.com/your-org/sso/internal/handler/user.go:38.2,39.16 2 1
github.com/your-org/sso/internal/handler/user.go:39.16,42.3 2 1
github.com/your-org/sso/internal/handler/user.go:44.2,44.62 1 0
github.com/your-org/sso/internal/handler/user.go:49.81,54.33 3 1
github.com/your-org/sso/internal/handler/user.go:54.33,57.3 2 1
github.com/your-org/sso/internal/handler/user.go:60.2,61.16 2 1
github.com/your-org/sso/internal/handler/user.go:61.16,64.3 2 1
github.com/your-org/sso/internal/handler/user.go:66.2,66.59 1 1
github.com/your-org/sso/internal/handler/user.go:71.84,75.44 2 1
github.com/your-org/sso/internal/handler/user.go:75.44,78.3 2 1
github.com/your-org/sso/internal/handler/user.go:80.2,80.21 1 1
github.com/your-org/sso/internal/handler/user.go:80.21,83.3 2 1
github.com/your-org/sso/internal/handler/user.go:86.2,87.16 2 1
github.com/your-org/sso/internal/handler/user.go:87.16,91.3 2 0
github.com/your-org/sso/internal/handler/user.go:93.2,93.89 1 1
github.com/your-org/sso/internal/handler/user.go:98.83,104.44 2 1
github.com/your-org/sso/internal/handler/user.go:104.44,107.3 2 1
github.com/your-org/sso/internal/handler/user.go:109.2,109.66 1 1
github.com/your-org/sso/internal/handler/user.go:109.66,112.3 2 1
github.com/your-org/sso/internal/handler/user.go:115.2,116.16 2 1
github.com/your-org/sso/internal/handler/user.go:116.16,119.3 2 1
github.com/your-org/sso/internal/handler/user.go:121.2,121.59 1 0
github.com/your-org/sso/internal/handler/user.go:126.84,129.18 2 1
github.com/your-org/sso/internal/handler/user.go:129.18,132.3 2 1
github.com/your-org/sso/internal/handler/user.go:134.2,138.44 2 1
github.com/your-org/sso/internal/handler/user.go:138.44,141.3 2 1
github.com/your-org/sso/internal/handler/user.go:143.2,143.52 1 1
github.com/your-org/sso/internal/handler/user.go:143.52,146.3 2 1
github.com/your-org/sso/internal/handler/user.go:149.2,150.16 2 1
github.com/your-org/sso/internal/handler/user.go:150.16,153.3 2 1
github.com/your-org/sso/internal/handler/user.go:155.2,155.59 1 0
github.com/your-org/sso/internal/handler/userinfo.go:24.61,26.2 1 1
github.com/your-org/sso/internal/handler/userinfo.go:31.74,37.18 4 1
github.com/your-org/sso/internal/handler/userinfo.go:37.18,40.3 2 1
github.com/your-org/sso/internal/handler/userinfo.go:43.2,44.16 2 1
github.com/your-org/sso/internal/handler/userinfo.go:44.16,52.3 3 1
github.com/your-org/sso/internal/handler/userinfo.go:55.2,60.4 1 0
github.com/your-org/sso/internal/handler/wellknown.go:26.86,31.2 1 1
github.com/your-org/sso/internal/handler/wellknown.go:34.101,39.2 1 1
github.com/your-org/sso/internal/handler/wellknown.go:44.84,103.2 2 1
github.com/your-org/sso/internal/handler/wellknown.go:108.79,110.21 1 1
github.com/your-org/sso/internal/handler/wellknown.go:110.21,114.3 3 1
github.com/your-org/sso/internal/handler/wellknown.go:117.2,117.24 1 1
github.com/your-org/sso/internal/handler/wellknown.go:117.24,122.3 2 0
github.com/your-org/sso/internal/handler/wellknown.go:126.2,138.35 3 1
github.com/your-org/sso/internal/handler/wellknown.go:143.42,145.2 1 1
github.com/your-org/sso/internal/common/language.go:11.44,15.48 2 1
github.com/your-org/sso/internal/common/language.go:15.48,17.3 1 1
github.com/your-org/sso/internal/common/language.go:18.2,18.48 1 1
github.com/your-org/sso/internal/common/language.go:18.48,20.3 1 1
github.com/your-org/sso/internal/common/language.go:23.2,26.9 2 1
github.com/your-org/sso/internal/common/language.go:27.37,28.17 1 1
github.com/your-org/sso/internal/common/language.go:29.37,30.17 1 1
github.com/your-org/sso/internal/common/language.go:31.10,32.14 1 1
github.com/your-org/sso/internal/common/random.go:12.55,14.44 2 1
github.com/your-org/sso/internal/common/random.go:14.44,16.3 1 0
github.com/your-org/sso/internal/common/random.go:17.2,17.57 1 1
github.com/your-org/sso/internal/common/random.go:22.38,24.44 2 1
github.com/your-org/sso/internal/common/random.go:24.44,26.3 1 0
github.com/your-org/sso/internal/common/random.go:27.2,27.54 1 1
github.com/your-org/sso/internal/errors/errors.go:121.35,122.18 1 1
github.com/your-org/sso/internal/errors/errors.go:122.18,124.3 1 1
github.com/your-org/sso/internal/errors/errors.go:125.2,125.49 1 1
github.com/your-org/sso/internal/errors/errors.go:129.35,131.2 1 1
github.com/your-org/sso/internal/errors/errors.go:138.68,144.2 1 1
github.com/your-org/sso/internal/errors/errors.go:147.80,154.2 1 1
github.com/your-org/sso/internal/errors/errors.go:157.58,160.2 2 1
github.com/your-org/sso/internal/errors/errors.go:318.33,320.2 1 1
github.com/your-org/sso/internal/errors/errors.go:323.45,325.2 1 1
github.com/your-org/sso/internal/errors/errors.go:328.35,330.29 2 1
github.com/your-org/sso/internal/errors/errors.go:330.29,332.3 1 1
github.com/your-org/sso/internal/errors/errors.go:333.2,333.12 1 1
github.com/your-org/sso/internal/errors/errors.go:337.40,339.29 2 1
github.com/your-org/sso/internal/errors/errors.go:339.29,341.3 1 1
github.com/your-org/sso/internal/errors/errors.go:342.2,342.24 1 1
github.com/your-org/sso/internal/errors/messages.go:36.13,39.33 2 1
github.com/your-org/sso/internal/errors/messages.go:39.33,40.44 1 1
github.com/your-org/sso/internal/errors/messages.go:40.44,43.4 1 0
github.com/your-org/sso/internal/errors/messages.go:48.38,50.16 2 1
github.com/your-org/sso/internal/errors/messages.go:50.16,52.3 1 0
github.com/your-org/sso/internal/errors/messages.go:54.2,55.56 2 1
github.com/your-org/sso/internal/errors/messages.go:55.56,57.3 1 0
github.com/your-org/sso/internal/errors/messages.go:59.2,62.48 3 1
github.com/your-org/sso/internal/errors/messages.go:62.48,64.3 1 1
github.com/your-org/sso/internal/errors/messages.go:66.2,66.34 1 1
github.com/your-org/sso/internal/errors/messages.go:66.34,68.3 1 1
github.com/your-org/sso/internal/errors/messages.go:70.2,70.12 1 1
github.com/your-org/sso/internal/errors/messages.go:80.53,88.57 4 1
github.com/your-org/sso/internal/errors/messages.go:88.57,89.32 1 1
github.com/your-org/sso/internal/errors/messages.go:89.32,91.4 1 1
github.com/your-org/sso/internal/errors/messages.go:95.2,95.60 1 1
github.com/your-org/sso/internal/errors/messages.go:95.60,96.32 1 1
github.com/your-org/sso/internal/errors/messages.go:96.32,98.4 1 1
github.com/your-org/sso/internal/errors/messages.go:102.2,102.21 1 1
github.com/your-org/sso/internal/errors/messages.go:110.51,112.2 1 1
github.com/your-org/sso/internal/errors/messages.go:122.72,128.2 1 1
github.com/your-org/sso/internal/crypto/jwt.go:49.15,59.2 1 1
github.com/your-org/sso/internal/crypto/jwt.go:66.15,75.2 1 1
github.com/your-org/sso/internal/crypto/jwt.go:77.109,78.17 1 1
github.com/your-org/sso/internal/crypto/jwt.go:78.17,80.3 1 1
github.com/your-org/sso/internal/crypto/jwt.go:81.2,81.23 1 1
github.com/your-org/sso/internal/crypto/jwt.go:81.23,83.3 1 1
github.com/your-org/sso/internal/crypto/jwt.go:84.2,84.22 1 1
github.com/your-org/sso/internal/crypto/jwt.go:84.22,86.3 1 1
github.com/your-org/sso/internal/crypto/jwt.go:87.2,94.12 8 1
github.com/your-org/sso/internal/crypto/jwt.go:97.81,101.2 3 1
github.com/your-org/sso/internal/crypto/jwt.go:103.46,108.28 5 1
github.com/your-org/sso/internal/crypto/jwt.go:108.28,110.3 1 1
github.com/your-org/sso/internal/crypto/jwt.go:113.46,117.2 3 1
github.com/your-org/sso/internal/crypto/jwt.go:119.67,120.23 1 1
github.com/your-org/sso/internal/crypto/jwt.go:120.23,122.3 1 1
github.com/your-org/sso/internal/crypto/jwt.go:124.2,125.16 2 0
github.com/your-org/sso/internal/crypto/jwt.go:125.16,127.3 1 0
github.com/your-org/sso/internal/crypto/jwt.go:129.2,132.34 3 0
github.com/your-org/sso/internal/crypto/jwt.go:132.34,133.30 1 0
github.com/your-org/sso/internal/crypto/jwt.go:133.30,134.12 1 0
github.com/your-org/sso/internal/crypto/jwt.go:137.3,138.17 2 0
github.com/your-org/sso/internal/crypto/jwt.go:138.17,139.12 1 0
github.com/your-org/sso/internal/crypto/jwt.go:142.3,144.62 2 0
github.com/your-org/sso/internal/crypto/jwt.go:144.62,146.18 2 0
github.com/your-org/sso/internal/crypto/jwt.go:146.18,151.5 4 0
github.com/your-org/sso/internal/crypto/jwt.go:155.2,155.12 1 0
github.com/your-org/sso/internal/crypto/jwt.go:168.103,173.2 4 1
github.com/your-org/sso/internal/crypto/jwt.go:181.126,184.17 3 1
github.com/your-org/sso/internal/crypto/jwt.go:184.17,187.10 3 1
github.com/your-org/sso/internal/crypto/jwt.go:187.10,190.4 2 0
github.com/your-org/sso/internal/crypto/jwt.go:191.8,194.3 2 1
github.com/your-org/sso/internal/crypto/jwt.go:195.2,199.23 4 1
github.com/your-org/sso/internal/crypto/jwt.go:199.23,201.3 1 1
github.com/your-org/sso/internal/crypto/jwt.go:204.2,205.47 2 1
github.com/your-org/sso/internal/crypto/jwt.go:205.47,207.3 1 0
github.com/your-org/sso/internal/crypto/jwt.go:208.2,227.17 5 1
github.com/your-org/sso/internal/crypto/jwt.go:227.17,229.3 1 1
github.com/your-org/sso/internal/crypto/jwt.go:230.2,230.39 1 1
github.com/your-org/sso/internal/crypto/jwt.go:235.61,237.44 2 1
github.com/your-org/sso/internal/crypto/jwt.go:237.44,239.3 1 0
github.com/your-org/sso/internal/crypto/jwt.go:240.2,240.54 1 1
github.com/your-org/sso/internal/crypto/jwt.go:246.90,247.115 1 1
github.com/your-org/sso/internal/crypto/jwt.go:247.115,248.57 1 1
github.com/your-org/sso/internal/crypto/jwt.go:248.57,250.4 1 0
github.com/your-org/sso/internal/crypto/jwt.go:252.3,256.16 4 1
github.com/your-org/sso/internal/crypto/jwt.go:256.16,257.43 1 1
github.com/your-org/sso/internal/crypto/jwt.go:257.43,259.5 1 1
github.com/your-org/sso/internal/crypto/jwt.go:262.3,262.25 1 1
github.com/your-org/sso/internal/crypto/jwt.go:262.25,264.4 1 1
github.com/your-org/sso/internal/crypto/jwt.go:266.3,266.30 1 0
github.com/your-org/sso/internal/crypto/jwt.go:269.2,269.16 1 1
github.com/your-org/sso/internal/crypto/jwt.go:269.16,270.42 1 1
github.com/your-org/sso/internal/crypto/jwt.go:270.42,272.4 1 1
github.com/your-org/sso/internal/crypto/jwt.go:273.3,273.30 1 1
github.com/your-org/sso/internal/crypto/jwt.go:276.2,277.25 2 1
github.com/your-org/sso/internal/crypto/jwt.go:277.25,279.3 1 0
github.com/your-org/sso/internal/crypto/jwt.go:281.2,281.20 1 1
github.com/your-org/sso/internal/crypto/jwt.go:284.52,288.2 3 1
github.com/your-org/sso/internal/crypto/jwt.go:290.64,295.33 4 1
github.com/your-org/sso/internal/crypto/jwt.go:295.33,297.3 1 1
github.com/your-org/sso/internal/crypto/jwt.go:298.2,298.15 1 1
github.com/your-org/sso/internal/crypto/jwt.go:301.56,305.2 3 1
github.com/your-org/sso/internal/crypto/jwt.go:307.55,311.40 4 1
github.com/your-org/sso/internal/crypto/jwt.go:311.40,320.3 1 0
github.com/your-org/sso/internal/crypto/jwt.go:321.2,323.3 1 1
github.com/your-org/sso/internal/crypto/jwt.go:326.38,328.44 2 1
github.com/your-org/sso/internal/crypto/jwt.go:328.44,330.3 1 0
github.com/your-org/sso/internal/crypto/jwt.go:331.2,331.57 1 1
github.com/your-org/sso/internal/crypto/jwt.go:334.60,336.2 1 1
github.com/your-org/sso/internal/crypto/jwt.go:338.56,340.2 1 1
github.com/your-org/sso/internal/crypto/jwt.go:342.61,347.2 1 1
github.com/your-org/sso/internal/crypto/jwt.go:349.61,355.2 2 1
github.com/your-org/sso/internal/crypto/jwt.go:357.54,359.2 1 1
github.com/your-org/sso/internal/crypto/jwt.go:361.58,367.2 2 1
github.com/your-org/sso/internal/crypto/jwt.go:369.78,371.16 2 1
github.com/your-org/sso/internal/crypto/jwt.go:371.16,373.3 1 0
github.com/your-org/sso/internal/crypto/jwt.go:375.2,381.8 1 1
github.com/your-org/sso/internal/crypto/keyloader.go:36.101,37.46 1 1
github.com/your-org/sso/internal/crypto/keyloader.go:37.46,39.3 1 1
github.com/your-org/sso/internal/crypto/keyloader.go:41.2,42.16 2 1
github.com/your-org/sso/internal/crypto/keyloader.go:42.16,43.25 1 0
github.com/your-org/sso/internal/crypto/keyloader.go:43.25,45.4 1 0
github.com/your-org/sso/internal/crypto/keyloader.go:46.3,46.62 1 0
github.com/your-org/sso/internal/crypto/keyloader.go:49.2,49.24 1 1
github.com/your-org/sso/internal/crypto/keyloader.go:53.67,54.75 1 1
github.com/your-org/sso/internal/crypto/keyloader.go:54.75,56.3 1 1
github.com/your-org/sso/internal/crypto/keyloader.go:57.2,57.16 1 1
github.com/your-org/sso/internal/crypto/keyloader.go:57.16,59.3 1 1
github.com/your-org/sso/internal/crypto/keyloader.go:60.2,60.35 1 1
github.com/your-org/sso/internal/crypto/keyloader.go:64.65,65.75 1 1
github.com/your-org/sso/internal/crypto/keyloader.go:65.75,67.3 1 1
github.com/your-org/sso/internal/crypto/keyloader.go:68.2,68.16 1 1
github.com/your-org/sso/internal/crypto/keyloader.go:68.16,70.3 1 1
github.com/your-org/sso/internal/crypto/keyloader.go:71.2,71.34 1 1
github.com/your-org/sso/internal/crypto/keyloader.go:75.60,77.58 1 1
github.com/your-org/sso/internal/crypto/keyloader.go:77.58,79.4 1 1
github.com/your-org/sso/internal/crypto/keyloader.go:80.54,82.4 1 1
github.com/your-org/sso/internal/crypto/keyloader.go:84.2,84.16 1 1
github.com/your-org/sso/internal/crypto/keyloader.go:84.16,86.3 1 1
github.com/your-org/sso/internal/crypto/keyloader.go:88.2,89.9 2 1
github.com/your-org/sso/internal/crypto/keyloader.go:89.9,91.3 1 0
github.com/your-org/sso/internal/crypto/keyloader.go:93.2,93.20 1 1
github.com/your-org/sso/internal/crypto/keyloader.go:97.58,99.57 1 1
github.com/your-org/sso/internal/crypto/keyloader.go:99.57,101.4 1 1
github.com/your-org/sso/internal/crypto/keyloader.go:102.53,104.4 1 1
github.com/your-org/sso/internal/crypto/keyloader.go:106.2,106.16 1 1
github.com/your-org/sso/internal/crypto/keyloader.go:106.16,108.3 1 1
github.com/your-org/sso/internal/crypto/keyloader.go:110.2,111.9 2 1
github.com/your-org/sso/internal/crypto/keyloader.go:111.9,113.3 1 0
github.com/your-org/sso/internal/crypto/keyloader.go:115.2,115.20 1 1
github.com/your-org/sso/internal/crypto/keyloader.go:119.106,121.18 2 1
github.com/your-org/sso/internal/crypto/keyloader.go:121.18,123.3 1 1
github.com/your-org/sso/internal/crypto/keyloader.go:125.2,126.13 2 1
github.com/your-org/sso/internal/crypto/keyloader.go:126.13,128.3 1 0
github.com/your-org/sso/internal/crypto/keyloader.go:130.2,131.16 2 1
github.com/your-org/sso/internal/crypto/keyloader.go:131.16,133.3 1 1
github.com/your-org/sso/internal/crypto/keyloader.go:136.2,136.25 1 1
github.com/your-org/sso/internal/crypto/keyloader.go:137.23,138.21 1 1
github.com/your-org/sso/internal/crypto/keyloader.go:138.21,140.4 1 1
github.com/your-org/sso/internal/crypto/keyloader.go:141.22,142.21 1 1
github.com/your-org/sso/internal/crypto/keyloader.go:142.21,144.4 1 1
github.com/your-org/sso/internal/crypto/keyloader.go:147.2,147.17 1 1
github.com/your-org/sso/internal/crypto/keyloader.go:151.41,152.16 1 1
github.com/your-org/sso/internal/crypto/keyloader.go:152.16,154.3 1 1
github.com/your-org/sso/internal/crypto/keyloader.go:156.2,156.34 1 1
github.com/your-org/sso/internal/crypto/keyloader.go:156.34,158.3 1 1
github.com/your-org/sso/internal/crypto/keyloader.go:160.2,161.16 2 1
github.com/your-org/sso/internal/crypto/keyloader.go:161.16,162.25 1 1
github.com/your-org/sso/internal/crypto/keyloader.go:162.25,164.4 1 1
github.com/your-org/sso/internal/crypto/keyloader.go:165.3,165.13 1 0
github.com/your-org/sso/internal/crypto/keyloader.go:168.2,169.20 2 1
github.com/your-org/sso/internal/crypto/keyloader.go:169.20,171.3 1 1
github.com/your-org/sso/internal/crypto/keyloader.go:173.2,174.16 2 1
github.com/your-org/sso/internal/crypto/keyloader.go:174.16,176.3 1 0
github.com/your-org/sso/internal/crypto/keyloader.go:179.2,183.25 3 1
github.com/your-org/sso/internal/crypto/keyloader.go:183.25,185.3 1 1
github.com/your-org/sso/internal/crypto/keyloader.go:187.2,187.41 1 1
github.com/your-org/sso/internal/crypto/keyloader.go:187.41,188.41 1 1
github.com/your-org/sso/internal/crypto/keyloader.go:188.41,190.4 1 1
github.com/your-org/sso/internal/crypto/keyloader.go:193.2,193.26 1 0
github.com/your-org/sso/internal/crypto/keyloader.go:205.24,208.16 2 1
github.com/your-org/sso/internal/crypto/keyloader.go:208.16,210.3 1 1
github.com/your-org/sso/internal/crypto/keyloader.go:213.2,214.16 2 1
github.com/your-org/sso/internal/crypto/keyloader.go:214.16,216.3 1 1
github.com/your-org/sso/internal/crypto/keyloader.go:219.2,220.16 2 1
github.com/your-org/sso/internal/crypto/keyloader.go:220.16,222.3 1 0
github.com/your-org/sso/internal/crypto/keyloader.go:225.2,228.71 2 1
github.com/your-org/sso/internal/crypto/keyloader.go:228.71,230.3 1 0
github.com/your-org/sso/internal/crypto/keyloader.go:233.2,233.46 1 1
github.com/your-org/sso/internal/crypto/keyloader.go:233.46,234.17 1 1
github.com/your-org/sso/internal/crypto/keyloader.go:234.17,235.12 1 1
github.com/your-org/sso/internal/crypto/keyloader.go:237.3,238.17 2 1
github.com/your-org/sso/internal/crypto/keyloader.go:238.17,241.12 2 0
github.com/your-org/sso/internal/crypto/keyloader.go:243.3,244.17 2 1
github.com/your-org/sso/internal/crypto/keyloader.go:244.17,246.12 2 0
github.com/your-org/sso/internal/crypto/keyloader.go:248.3,248.43 1 1
github.com/your-org/sso/internal/crypto/keyloader.go:251.2,251.17 1 1
github.com/your-org/sso/internal/crypto/password.go:36.40,37.15 1 1
github.com/your-org/sso/internal/crypto/password.go:37.15,39.3 1 1
github.com/your-org/sso/internal/crypto/password.go:40.2,40.15 1 1
github.com/your-org/sso/internal/crypto/password.go:40.15,42.3 1 1
github.com/your-org/sso/internal/crypto/password.go:43.2,43.13 1 1
github.com/your-org/sso/internal/crypto/password.go:58.32,59.25 1 1
github.com/your-org/sso/internal/crypto/password.go:59.25,61.3 1 1
github.com/your-org/sso/internal/crypto/password.go:69.52,70.14 1 1
github.com/your-org/sso/internal/crypto/password.go:70.14,72.3 1 1
github.com/your-org/sso/internal/crypto/password.go:73.2,73.58 1 0
github.com/your-org/sso/internal/crypto/password.go:79.73,81.23 1 1
github.com/your-org/sso/internal/crypto/password.go:81.23,83.3 1 1
github.com/your-org/sso/internal/crypto/password.go:84.2,84.24 1 1
github.com/your-org/sso/internal/crypto/password.go:84.24,86.3 1 1
github.com/your-org/sso/internal/crypto/password.go:93.2,94.16 2 1
github.com/your-org/sso/internal/crypto/password.go:94.16,96.3 1 0
github.com/your-org/sso/internal/crypto/password.go:98.2,98.26 1 1
github.com/your-org/sso/internal/crypto/password.go:103.81,105.16 2 1
github.com/your-org/sso/internal/crypto/password.go:105.16,107.3 1 1
github.com/your-org/sso/internal/crypto/password.go:108.2,108.12 1 1
github.com/your-org/sso/internal/logging/logger.go:28.30,35.2 1 1
github.com/your-org/sso/internal/logging/logger.go:42.30,43.16 1 1
github.com/your-org/sso/internal/logging/logger.go:43.16,45.3 1 1
github.com/your-org/sso/internal/logging/logger.go:48.2,49.16 2 1
github.com/your-org/sso/internal/logging/logger.go:49.16,51.3 1 0
github.com/your-org/sso/internal/logging/logger.go:54.2,60.20 3 1
github.com/your-org/sso/internal/logging/logger.go:61.14,62.50 1 1
github.com/your-org/sso/internal/logging/logger.go:63.10,64.50 1 1
github.com/your-org/sso/internal/logging/logger.go:68.2,70.12 2 1
github.com/your-org/sso/internal/logging/logger.go:74.29,77.13 2 1
github.com/your-org/sso/internal/logging/logger.go:78.20,81.24 3 1
github.com/your-org/sso/internal/logging/logger.go:82.17,85.24 3 1
github.com/your-org/sso/internal/logging/logger.go:86.21,89.23 3 1
github.com/your-org/sso/internal/logging/logger.go:90.10,93.23 3 1
github.com/your-org/sso/internal/logging/logger.go:96.2,96.15 1 1
github.com/your-org/sso/internal/logging/logger.go:100.51,101.15 1 1
github.com/your-org/sso/internal/logging/logger.go:102.15,103.30 1 1
github.com/your-org/sso/internal/logging/logger.go:104.14,105.29 1 1
github.com/your-org/sso/internal/logging/logger.go:106.25,107.29 1 1
github.com/your-org/sso/internal/logging/logger.go:108.15,109.30 1 1
github.com/your-org/sso/internal/logging/logger.go:110.10,111.29 1 1
github.com/your-org/sso/internal/logging/logger.go:120.52,123.75 2 1
github.com/your-org/sso/internal/logging/logger.go:123.75,125.3 1 0
github.com/your-org/sso/internal/logging/logger.go:127.2,127.15 1 1
github.com/your-org/sso/internal/logging/logger.go:131.51,133.2 1 1
github.com/your-org/sso/internal/logging/logger.go:152.39,163.2 1 1
github.com/your-org/sso/internal/logging/logger.go:170.82,177.16 2 1
github.com/your-org/sso/internal/logging/logger.go:177.16,179.3 1 1
github.com/your-org/sso/internal/logging/logger.go:181.2,181.13 1 1
github.com/your-org/sso/internal/logging/logger.go:181.13,183.3 1 1
github.com/your-org/sso/internal/logging/logger.go:183.8,185.3 1 1
github.com/your-org/sso/internal/logging/logger.go:189.85,196.16 2 1
github.com/your-org/sso/internal/logging/logger.go:196.16,198.3 1 1
github.com/your-org/sso/internal/logging/logger.go:200.2,200.13 1 1
github.com/your-org/sso/internal/logging/logger.go:200.13,202.3 1 1
github.com/your-org/sso/internal/logging/logger.go:202.8,204.3 1 1
github.com/your-org/sso/internal/logging/logger.go:208.86,215.16 2 1
github.com/your-org/sso/internal/logging/logger.go:215.16,217.3 1 1
github.com/your-org/sso/internal/logging/logger.go:219.2,219.13 1 1
github.com/your-org/sso/internal/logging/logger.go:219.13,221.3 1 1
github.com/your-org/sso/internal/logging/logger.go:221.8,223.3 1 1
github.com/your-org/sso/internal/logging/logger.go:227.64,229.28 2 1
github.com/your-org/sso/internal/logging/logger.go:229.28,231.3 1 1
github.com/your-org/sso/internal/logging/logger.go:232.2,232.37 1 1
github.com/your-org/sso/internal/logging/logger.go:236.52,239.2 2 1
github.com/your-org/sso/internal/logging/logger.go:242.40,244.2 1 1
github.com/your-org/sso/internal/logging/logger.go:247.41,249.2 1 1
github.com/your-org/sso/internal/logging/logger.go:252.40,254.2 1 1
github.com/your-org/sso/internal/logging/sanitizer.go:11.41,12.17 1 1
github.com/your-org/sso/internal/logging/sanitizer.go:12.17,14.3 1 1
github.com/your-org/sso/internal/logging/sanitizer.go:17.2,18.18 2 1
github.com/your-org/sso/internal/logging/sanitizer.go:18.18,20.3 1 1
github.com/your-org/sso/internal/logging/sanitizer.go:23.2,27.24 3 1
github.com/your-org/sso/internal/logging/sanitizer.go:27.24,29.3 1 1
github.com/your-org/sso/internal/logging/sanitizer.go:29.8,31.3 1 1
github.com/your-org/sso/internal/logging/sanitizer.go:33.2,33.44 1 1
github.com/your-org/sso/internal/logging/sanitizer.go:38.41,39.21 1 1
github.com/your-org/sso/internal/logging/sanitizer.go:39.21,41.3 1 1
github.com/your-org/sso/internal/logging/sanitizer.go:42.2,42.26 1 1
github.com/your-org/sso/internal/logging/sanitizer.go:48.41,49.22 1 1
github.com/your-org/sso/internal/logging/sanitizer.go:49.22,51.3 1 1
github.com/your-org/sso/internal/logging/sanitizer.go:53.2,53.57 1 1
github.com/your-org/sso/internal/logging/sanitizer.go:53.57,55.3 1 1
github.com/your-org/sso/internal/logging/sanitizer.go:57.2,57.26 1 1
github.com/your-org/sso/internal/logging/sanitizer.go:57.26,58.25 1 1
github.com/your-org/sso/internal/logging/sanitizer.go:58.25,60.4 1 0
github.com/your-org/sso/internal/logging/sanitizer.go:63.2,63.39 1 1
github.com/your-org/sso/internal/config/config.go:103.30,183.39 2 1
github.com/your-org/sso/internal/config/config.go:183.39,185.3 1 1
github.com/your-org/sso/internal/config/config.go:187.2,187.17 1 1
github.com/your-org/sso/internal/config/config.go:209.46,211.24 1 1
github.com/your-org/sso/internal/config/config.go:211.24,214.3 2 1
github.com/your-org/sso/internal/config/config.go:217.2,217.55 1 1
github.com/your-org/sso/internal/config/config.go:217.55,220.3 2 1
github.com/your-org/sso/internal/config/config.go:222.2,222.12 1 1
github.com/your-org/sso/internal/config/config.go:244.41,246.31 1 1
github.com/your-org/sso/internal/config/config.go:246.31,249.3 2 1
github.com/your-org/sso/internal/config/config.go:250.2,250.30 1 1
github.com/your-org/sso/internal/config/config.go:250.30,253.3 2 1
github.com/your-org/sso/internal/config/config.go:256.2,256.27 1 1
github.com/your-org/sso/internal/config/config.go:256.27,259.3 2 1
github.com/your-org/sso/internal/config/config.go:260.2,260.28 1 1
github.com/your-org/sso/internal/config/config.go:260.28,263.3 2 1
github.com/your-org/sso/internal/config/config.go:266.2,266.38 1 1
github.com/your-org/sso/internal/config/config.go:266.38,268.3 1 1
github.com/your-org/sso/internal/config/config.go:269.2,269.42 1 1
github.com/your-org/sso/internal/config/config.go:269.42,273.3 1 1
github.com/your-org/sso/internal/config/config.go:275.2,275.12 1 1
github.com/your-org/sso/internal/config/config.go:297.46,299.43 1 1
github.com/your-org/sso/internal/config/config.go:299.43,301.3 1 1
github.com/your-org/sso/internal/config/config.go:304.2,304.48 1 1
github.com/your-org/sso/internal/config/config.go:304.48,307.3 2 1
github.com/your-org/sso/internal/config/config.go:310.2,310.30 1 1
github.com/your-org/sso/internal/config/config.go:310.30,312.3 1 0
github.com/your-org/sso/internal/config/config.go:315.2,315.29 1 1
github.com/your-org/sso/internal/config/config.go:315.29,317.3 1 0
github.com/your-org/sso/internal/config/config.go:318.2,318.28 1 1
github.com/your-org/sso/internal/config/config.go:318.28,320.3 1 0
github.com/your-org/sso/internal/config/config.go:322.2,322.12 1 1
github.com/your-org/sso/internal/config/config.go:347.48,349.27 1 1
github.com/your-org/sso/internal/config/config.go:349.27,351.3 1 1
github.com/your-org/sso/internal/config/config.go:354.2,354.74 1 1
github.com/your-org/sso/internal/config/config.go:354.74,357.3 2 1
github.com/your-org/sso/internal/config/config.go:360.2,360.53 1 1
github.com/your-org/sso/internal/config/config.go:360.53,363.3 2 0
github.com/your-org/sso/internal/config/config.go:366.2,366.26 1 1
github.com/your-org/sso/internal/config/config.go:366.26,368.3 1 1
github.com/your-org/sso/internal/config/config.go:371.2,371.31 1 1
github.com/your-org/sso/internal/config/config.go:371.31,373.3 1 1
github.com/your-org/sso/internal/config/config.go:376.2,376.56 1 1
github.com/your-org/sso/internal/config/config.go:376.56,379.3 2 1
github.com/your-org/sso/internal/config/config.go:381.2,381.12 1 1
github.com/your-org/sso/internal/config/config.go:404.35,406.50 1 1
github.com/your-org/sso/internal/config/config.go:406.50,408.3 1 1
github.com/your-org/sso/internal/config/config.go:411.2,411.45 1 1
github.com/your-org/sso/internal/config/config.go:411.45,413.3 1 1
github.com/your-org/sso/internal/config/config.go:416.2,416.50 1 1
github.com/your-org/sso/internal/config/config.go:416.50,418.3 1 1
github.com/your-org/sso/internal/config/config.go:421.2,421.52 1 1
github.com/your-org/sso/internal/config/config.go:421.52,423.3 1 1
github.com/your-org/sso/internal/config/config.go:426.2,426.53 1 1
github.com/your-org/sso/internal/config/config.go:426.53,428.3 1 0
github.com/your-org/sso/internal/config/config.go:431.2,431.85 1 1
github.com/your-org/sso/internal/config/config.go:431.85,433.3 1 0
github.com/your-org/sso/internal/config/config.go:435.2,435.12 1 1
github.com/your-org/sso/internal/config/config.go:439.39,443.2 1 1
github.com/your-org/sso/internal/config/config.go:446.36,447.27 1 1
github.com/your-org/sso/internal/config/config.go:447.27,449.3 1 1
github.com/your-org/sso/internal/config/config.go:450.2,450.53 1 1
github.com/your-org/sso/internal/config/config.go:454.35,456.2 1 1
github.com/your-org/sso/internal/config/config.go:459.39,461.2 1 1
github.com/your-org/sso/internal/config/config.go:465.46,466.42 1 1
github.com/your-org/sso/internal/config/config.go:466.42,468.3 1 1
github.com/your-org/sso/internal/config/config.go:469.2,469.21 1 1
github.com/your-org/sso/internal/config/config.go:473.50,474.42 1 1
github.com/your-org/sso/internal/config/config.go:474.42,475.55 1 1
github.com/your-org/sso/internal/config/config.go:475.55,477.4 1 1
github.com/your-org/sso/internal/config/config.go:479.2,479.21 1 1
github.com/your-org/sso/internal/config/config.go:484.75,485.42 1 1
github.com/your-org/sso/internal/config/config.go:485.42,486.61 1 1
github.com/your-org/sso/internal/config/config.go:486.61,488.4 1 1
github.com/your-org/sso/internal/config/config.go:490.2,490.21 1 1
github.com/your-org/sso/internal/config/config.go:493.53,494.42 1 1
github.com/your-org/sso/internal/config/config.go:494.42,496.3 1 0
github.com/your-org/sso/internal/config/config.go:497.2,497.21 1 1
github.com/your-org/sso/internal/config/config.go:501.51,503.2 1 1
github.com/your-org/sso/internal/config/config.go:506.57,508.2 1 0
github.com/your-org/sso/internal/config/config.go:511.38,512.13 1 1
github.com/your-org/sso/internal/config/config.go:512.13,514.3 1 0
github.com/your-org/sso/internal/config/config.go:515.2,517.29 3 1
github.com/your-org/sso/internal/config/config.go:517.29,519.20 2 1
github.com/your-org/sso/internal/config/config.go:519.20,521.4 1 1
github.com/your-org/sso/internal/config/config.go:523.2,523.15 1 1
github.com/your-org/sso/internal/metrics/metrics.go:50.28,59.2 3 1
github.com/your-org/sso/internal/metrics/metrics.go:62.38,91.2 19 1
github.com/your-org/sso/internal/metrics/metrics.go:98.70,110.2 3 1
github.com/your-org/sso/internal/metrics/metrics.go:117.42,119.2 1 1
github.com/your-org/sso/internal/metrics/metrics.go:122.59,126.34 3 1
github.com/your-org/sso/internal/metrics/metrics.go:126.34,129.3 2 1
github.com/your-org/sso/internal/metrics/metrics.go:133.51,137.34 3 1
github.com/your-org/sso/internal/metrics/metrics.go:137.34,140.3 2 1
github.com/your-org/sso/internal/metrics/metrics.go:144.44,148.34 3 1
github.com/your-org/sso/internal/metrics/metrics.go:148.34,150.3 1 1
github.com/your-org/sso/internal/metrics/metrics.go:151.2,151.10 1 1
github.com/your-org/sso/internal/metrics/metrics.go:159.47,164.30 4 1
github.com/your-org/sso/internal/metrics/metrics.go:164.30,173.3 3 1
github.com/your-org/sso/internal/metrics/metrics.go:175.2,175.15 1 1
github.com/your-org/sso/internal/metrics/metrics.go:179.36,181.2 1 1
github.com/your-org/sso/internal/metrics/metrics.go:188.66,189.71 1 1
github.com/your-org/sso/internal/metrics/metrics.go:189.71,206.3 8 1
github.com/your-org/sso/internal/metrics/metrics.go:215.49,218.2 2 1
github.com/your-org/sso/internal/model/key.go:28.38,30.2 1 1
github.com/your-org/sso/internal/model/key.go:33.42,35.2 1 1
github.com/your-org/sso/internal/model/key.go:38.39,40.2 1 1
github.com/your-org/sso/internal/model/key.go:44.39,45.34 1 1
github.com/your-org/sso/internal/model/key.go:45.34,47.3 1 1
github.com/your-org/sso/internal/model/key.go:48.2,48.58 1 1
github.com/your-org/sso/internal/model/key.go:48.58,50.3 1 1
github.com/your-org/sso/internal/model/key.go:51.2,51.13 1 1
github.com/your-org/sso/internal/model/model.go:117.38,118.23 1 0
github.com/your-org/sso/internal/model/model.go:118.23,120.3 1 0
github.com/your-org/sso/internal/model/model.go:121.2,121.11 1 0
github.com/your-org/sso/internal/util/auditutil/logging.go:44.67,46.21 1 1
github.com/your-org/sso/internal/util/auditutil/logging.go:46.21,48.3 1 1
github.com/your-org/sso/internal/util/auditutil/logging.go:51.2,51.34 1 1
github.com/your-org/sso/internal/util/auditutil/logging.go:51.34,55.3 1 1
github.com/your-org/sso/internal/util/auditutil/logging.go:85.118,87.21 1 1
github.com/your-org/sso/internal/util/auditutil/logging.go:87.21,89.3 1 1
github.com/your-org/sso/internal/util/auditutil/logging.go:92.2,92.41 1 1
github.com/your-org/sso/internal/util/auditutil/logging.go:92.41,101.22 6 1
github.com/your-org/sso/internal/util/auditutil/logging.go:101.22,102.53 1 1
github.com/your-org/sso/internal/util/auditutil/logging.go:102.53,104.5 1 1
github.com/your-org/sso/internal/util/auditutil/logging.go:105.4,105.53 1 1
github.com/your-org/sso/internal/util/auditutil/logging.go:105.53,107.5 1 1
github.com/your-org/sso/internal/util/auditutil/logging.go:108.4,108.53 1 1
github.com/your-org/sso/internal/util/auditutil/logging.go:108.53,110.5 1 0
github.com/your-org/sso/internal/util/auditutil/logging.go:111.4,111.47 1 1
github.com/your-org/sso/internal/util/auditutil/logging.go:111.47,113.5 1 1
github.com/your-org/sso/internal/util/auditutil/logging.go:116.3,137.13 4 1
github.com/your-org/sso/internal/util/handlerutil/response.go:65.55,77.29 5 1
github.com/your-org/sso/internal/util/handlerutil/response.go:77.29,79.27 2 1
github.com/your-org/sso/internal/util/handlerutil/response.go:79.27,81.4 1 1
github.com/your-org/sso/internal/util/handlerutil/response.go:85.2,85.32 1 1
github.com/your-org/sso/internal/util/handlerutil/response.go:114.64,120.2 2 1
github.com/your-org/sso/internal/util/handlerutil/response.go:152.73,160.2 2 1
github.com/your-org/sso/internal/util/handlerutil/response.go:168.69,172.2 3 1
github.com/your-org/sso/internal/validator/validator.go:34.40,37.17 2 1
github.com/your-org/sso/internal/validator/validator.go:37.17,39.3 1 1
github.com/your-org/sso/internal/validator/validator.go:41.2,42.16 2 1
github.com/your-org/sso/internal/validator/validator.go:42.16,44.3 1 1
github.com/your-org/sso/internal/validator/validator.go:46.2,46.12 1 1
github.com/your-org/sso/internal/validator/validator.go:50.46,51.20 1 1
github.com/your-org/sso/internal/validator/validator.go:51.20,53.3 1 1
github.com/your-org/sso/internal/validator/validator.go:55.2,55.23 1 1
github.com/your-org/sso/internal/validator/validator.go:55.23,57.3 1 1
github.com/your-org/sso/internal/validator/validator.go:59.2,59.24 1 1
github.com/your-org/sso/internal/validator/validator.go:59.24,61.3 1 1
github.com/your-org/sso/internal/validator/validator.go:63.2,64.32 2 1
github.com/your-org/sso/internal/validator/validator.go:64.32,65.10 1 1
github.com/your-org/sso/internal/validator/validator.go:66.30,67.19 1 1
github.com/your-org/sso/internal/validator/validator.go:68.30,69.19 1 1
github.com/your-org/sso/internal/validator/validator.go:70.30,71.19 1 1
github.com/your-org/sso/internal/validator/validator.go:72.56,73.21 1 1
github.com/your-org/sso/internal/validator/validator.go:77.2,77.15 1 1
github.com/your-org/sso/internal/validator/validator.go:77.15,79.3 1 1
github.com/your-org/sso/internal/validator/validator.go:80.2,80.15 1 1
github.com/your-org/sso/internal/validator/validator.go:80.15,82.3 1 1
github.com/your-org/sso/internal/validator/validator.go:83.2,83.15 1 1
github.com/your-org/sso/internal/validator/validator.go:83.15,85.3 1 1
github.com/your-org/sso/internal/validator/validator.go:86.2,86.17 1 1
github.com/your-org/sso/internal/validator/validator.go:86.17,88.3 1 1
github.com/your-org/sso/internal/validator/validator.go:90.2,90.12 1 1
github.com/your-org/sso/internal/validator/validator.go:94.52,95.20 1 1
github.com/your-org/sso/internal/validator/validator.go:95.20,97.3 1 1
github.com/your-org/sso/internal/validator/validator.go:99.2,99.23 1 1
github.com/your-org/sso/internal/validator/validator.go:99.23,101.3 1 1
github.com/your-org/sso/internal/validator/validator.go:103.2,103.24 1 1
github.com/your-org/sso/internal/validator/validator.go:103.24,105.3 1 1
github.com/your-org/sso/internal/validator/validator.go:107.2,107.12 1 1
github.com/your-org/sso/internal/validator/validator.go:111.60,112.45 1 1
github.com/your-org/sso/internal/validator/validator.go:112.45,114.3 1 1
github.com/your-org/sso/internal/validator/validator.go:116.2,116.51 1 1
github.com/your-org/sso/internal/validator/validator.go:116.51,118.3 1 1
github.com/your-org/sso/internal/validator/validator.go:120.2,120.12 1 1
github.com/your-org/sso/internal/validator/validator.go:124.57,125.45 1 1
github.com/your-org/sso/internal/validator/validator.go:125.45,127.3 1 1
github.com/your-org/sso/internal/validator/validator.go:129.2,129.20 1 1
github.com/your-org/sso/internal/validator/validator.go:129.20,131.3 1 1
github.com/your-org/sso/internal/validator/validator.go:133.2,133.12 1 1
github.com/your-org/sso/internal/middleware/auth.go:55.80,57.2 1 1
github.com/your-org/sso/internal/middleware/auth.go:62.108,63.69 1 0
github.com/your-org/sso/internal/middleware/auth.go:63.69,66.17 3 0
github.com/your-org/sso/internal/middleware/auth.go:66.17,68.4 1 0
github.com/your-org/sso/internal/middleware/auth.go:69.3,69.38 1 0
github.com/your-org/sso/internal/middleware/auth.go:76.130,77.69 1 0
github.com/your-org/sso/internal/middleware/auth.go:77.69,83.17 5 0
github.com/your-org/sso/internal/middleware/auth.go:83.17,85.4 1 0
github.com/your-org/sso/internal/middleware/auth.go:87.3,87.56 1 0
github.com/your-org/sso/internal/middleware/auth.go:87.56,89.22 2 0
github.com/your-org/sso/internal/middleware/auth.go:89.22,91.5 1 0
github.com/your-org/sso/internal/middleware/auth.go:92.4,92.73 1 0
github.com/your-org/sso/internal/middleware/auth.go:95.3,96.17 2 0
github.com/your-org/sso/internal/middleware/auth.go:96.17,99.4 2 0
github.com/your-org/sso/internal/middleware/auth.go:101.3,103.17 3 0
github.com/your-org/sso/internal/middleware/auth.go:108.134,109.46 1 1
github.com/your-org/sso/internal/middleware/auth.go:109.46,110.72 1 1
github.com/your-org/sso/internal/middleware/auth.go:110.72,113.24 2 1
github.com/your-org/sso/internal/middleware/auth.go:113.24,116.5 2 1
github.com/your-org/sso/internal/middleware/auth.go:120.4,121.47 2 1
github.com/your-org/sso/internal/middleware/auth.go:121.47,124.5 2 1
github.com/your-org/sso/internal/middleware/auth.go:126.4,129.56 2 1
github.com/your-org/sso/internal/middleware/auth.go:129.56,132.5 2 0
github.com/your-org/sso/internal/middleware/auth.go:135.4,136.18 2 1
github.com/your-org/sso/internal/middleware/auth.go:136.18,139.5 2 1
github.com/your-org/sso/internal/middleware/auth.go:142.4,148.41 5 1
github.com/your-org/sso/internal/middleware/auth.go:159.67,160.46 1 1
github.com/your-org/sso/internal/middleware/auth.go:160.46,161.72 1 1
github.com/your-org/sso/internal/middleware/auth.go:161.72,164.22 2 1
github.com/your-org/sso/internal/middleware/auth.go:164.22,167.5 2 1
github.com/your-org/sso/internal/middleware/auth.go:170.4,170.31 1 1
github.com/your-org/sso/internal/middleware/auth.go:170.31,171.25 1 1
github.com/your-org/sso/internal/middleware/auth.go:171.25,174.6 2 1
github.com/your-org/sso/internal/middleware/auth.go:177.4,177.69 1 1
github.com/your-org/sso/internal/middleware/auth.go:183.53,185.2 1 1
github.com/your-org/sso/internal/middleware/auth.go:188.73,194.2 3 1
github.com/your-org/sso/internal/middleware/auth.go:201.55,202.53 1 1
github.com/your-org/sso/internal/middleware/auth.go:202.53,204.3 1 1
github.com/your-org/sso/internal/middleware/auth.go:205.2,205.11 1 1
github.com/your-org/sso/internal/middleware/auth.go:209.58,210.55 1 1
github.com/your-org/sso/internal/middleware/auth.go:210.55,212.3 1 1
github.com/your-org/sso/internal/middleware/auth.go:213.2,213.11 1 1
github.com/your-org/sso/internal/middleware/auth.go:217.61,218.59 1 1
github.com/your-org/sso/internal/middleware/auth.go:218.59,220.3 1 1
github.com/your-org/sso/internal/middleware/auth.go:221.2,221.12 1 1
github.com/your-org/sso/internal/middleware/auth.go:225.57,226.53 1 1
github.com/your-org/sso/internal/middleware/auth.go:226.53,228.3 1 1
github.com/your-org/sso/internal/middleware/auth.go:229.2,229.11 1 1
github.com/your-org/sso/internal/middleware/auth.go:233.54,234.53 1 1
github.com/your-org/sso/internal/middleware/auth.go:234.53,236.3 1 1
github.com/your-org/sso/internal/middleware/auth.go:237.2,237.14 1 1
github.com/your-org/sso/internal/middleware/auth.go:246.75,247.46 1 1
github.com/your-org/sso/internal/middleware/auth.go:247.46,248.72 1 1
github.com/your-org/sso/internal/middleware/auth.go:248.72,249.40 1 1
github.com/your-org/sso/internal/middleware/auth.go:249.40,252.5 2 1
github.com/your-org/sso/internal/middleware/auth.go:254.4,255.24 2 1
github.com/your-org/sso/internal/middleware/auth.go:255.24,259.5 3 1
github.com/your-org/sso/internal/middleware/auth.go:261.4,262.46 2 1
github.com/your-org/sso/internal/middleware/auth.go:262.46,265.5 2 1
github.com/your-org/sso/internal/middleware/auth.go:267.4,269.18 3 1
github.com/your-org/sso/internal/middleware/auth.go:269.18,272.5 2 1
github.com/your-org/sso/internal/middleware/auth.go:274.4,275.23 2 1
github.com/your-org/sso/internal/middleware/auth.go:275.23,278.5 2 1
github.com/your-org/sso/internal/middleware/auth.go:280.4,283.40 3 1
github.com/your-org/sso/internal/middleware/auth.go:283.40,287.5 3 1
github.com/your-org/sso/internal/middleware/auth.go:289.4,289.24 1 1
github.com/your-org/sso/internal/middleware/auth.go:295.45,297.16 2 1
github.com/your-org/sso/internal/middleware/auth.go:297.16,299.3 1 1
github.com/your-org/sso/internal/middleware/auth.go:300.2,300.29 1 1
github.com/your-org/sso/internal/middleware/cors.go:24.38,31.2 1 1
github.com/your-org/sso/internal/middleware/cors.go:39.63,40.19 1 1
github.com/your-org/sso/internal/middleware/cors.go:40.19,42.3 1 0
github.com/your-org/sso/internal/middleware/cors.go:44.2,44.46 1 1
github.com/your-org/sso/internal/middleware/cors.go:44.46,45.72 1 1
github.com/your-org/sso/internal/middleware/cors.go:45.72,49.70 2 1
github.com/your-org/sso/internal/middleware/cors.go:49.70,56.5 5 1
github.com/your-org/sso/internal/middleware/cors.go:59.4,59.38 1 1
github.com/your-org/sso/internal/middleware/cors.go:59.38,62.5 2 1
github.com/your-org/sso/internal/middleware/cors.go:65.4,65.24 1 1
github.com/your-org/sso/internal/middleware/cors.go:71.67,72.41 1 1
github.com/your-org/sso/internal/middleware/cors.go:72.41,74.21 1 1
github.com/your-org/sso/internal/middleware/cors.go:74.21,76.4 1 0
github.com/your-org/sso/internal/middleware/cors.go:78.3,78.24 1 1
github.com/your-org/sso/internal/middleware/cors.go:78.24,80.4 1 1
github.com/your-org/sso/internal/middleware/cors.go:82.3,82.39 1 1
github.com/your-org/sso/internal/middleware/cors.go:82.39,84.76 2 0
github.com/your-org/sso/internal/middleware/cors.go:84.76,86.5 1 0
github.com/your-org/sso/internal/middleware/cors.go:89.2,89.14 1 1
github.com/your-org/sso/internal/middleware/language.go:29.47,30.71 1 1
github.com/your-org/sso/internal/middleware/language.go:30.71,34.3 3 1
github.com/your-org/sso/internal/middleware/language.go:39.45,41.51 1 1
github.com/your-org/sso/internal/middleware/language.go:41.51,43.3 1 1
github.com/your-org/sso/internal/middleware/language.go:46.2,46.69 1 1
github.com/your-org/sso/internal/middleware/language.go:46.69,48.3 1 1
github.com/your-org/sso/internal/middleware/language.go:51.2,51.16 1 1
github.com/your-org/sso/internal/middleware/language.go:59.57,60.53 1 1
github.com/your-org/sso/internal/middleware/language.go:60.53,62.3 1 1
github.com/your-org/sso/internal/middleware/language.go:63.2,63.16 1 1
github.com/your-org/sso/internal/middleware/logging.go:22.49,25.2 2 1
github.com/your-org/sso/internal/middleware/logging.go:33.45,34.71 1 1
github.com/your-org/sso/internal/middleware/logging.go:34.71,58.3 5 1
github.com/your-org/sso/internal/middleware/ratelimit.go:36.67,48.2 3 1
github.com/your-org/sso/internal/middleware/ratelimit.go:52.31,54.2 1 1
github.com/your-org/sso/internal/middleware/ratelimit.go:61.68,67.2 3 1
github.com/your-org/sso/internal/middleware/ratelimit.go:71.67,72.71 1 1
github.com/your-org/sso/internal/middleware/ratelimit.go:72.71,77.26 2 1
github.com/your-org/sso/internal/middleware/ratelimit.go:77.26,81.4 3 1
github.com/your-org/sso/internal/middleware/ratelimit.go:84.3,84.23 1 1
github.com/your-org/sso/internal/middleware/ratelimit.go:91.42,93.47 1 1
github.com/your-org/sso/internal/middleware/ratelimit.go:93.47,94.51 1 1
github.com/your-org/sso/internal/middleware/ratelimit.go:94.51,96.4 1 1
github.com/your-org/sso/internal/middleware/ratelimit.go:100.2,101.16 2 1
github.com/your-org/sso/internal/middleware/ratelimit.go:101.16,103.3 1 1
github.com/your-org/sso/internal/middleware/ratelimit.go:105.2,105.11 1 1
github.com/your-org/sso/internal/middleware/ratelimit.go:110.52,112.19 1 1
github.com/your-org/sso/internal/middleware/ratelimit.go:112.19,114.3 1 0
github.com/your-org/sso/internal/middleware/ratelimit.go:116.2,122.13 5 1
github.com/your-org/sso/internal/middleware/ratelimit.go:122.13,129.3 2 1
github.com/your-org/sso/internal/middleware/ratelimit.go:132.2,132.44 1 1
github.com/your-org/sso/internal/middleware/ratelimit.go:132.44,136.3 3 0
github.com/your-org/sso/internal/middleware/ratelimit.go:139.2,139.23 1 1
github.com/your-org/sso/internal/middleware/ratelimit.go:139.23,142.3 2 1
github.com/your-org/sso/internal/middleware/ratelimit.go:145.2,145.14 1 1
github.com/your-org/sso/internal/middleware/ratelimit.go:150.34,154.6 3 1
github.com/your-org/sso/internal/middleware/ratelimit.go:154.6,155.10 1 1
github.com/your-org/sso/internal/middleware/ratelimit.go:156.18,157.10 1 1
github.com/your-org/sso/internal/middleware/ratelimit.go:158.19,161.39 3 0
github.com/your-org/sso/internal/middleware/ratelimit.go:161.39,163.49 1 0
github.com/your-org/sso/internal/middleware/ratelimit.go:163.49,165.6 1 0
github.com/your-org/sso/internal/middleware/ratelimit.go:167.4,167.18 1 0
github.com/your-org/sso/internal/middleware/ratelimit_distributed.go:32.134,39.2 1 1
github.com/your-org/sso/internal/middleware/ratelimit_distributed.go:43.79,44.71 1 1
github.com/your-org/sso/internal/middleware/ratelimit_distributed.go:44.71,50.17 3 1
github.com/your-org/sso/internal/middleware/ratelimit_distributed.go:50.17,54.4 2 0
github.com/your-org/sso/internal/middleware/ratelimit_distributed.go:57.3,61.15 4 1
github.com/your-org/sso/internal/middleware/ratelimit_distributed.go:61.15,65.4 3 0
github.com/your-org/sso/internal/middleware/ratelimit_distributed.go:68.3,68.23 1 1
github.com/your-org/sso/internal/middleware/ratelimit_distributed.go:74.110,76.20 1 1
github.com/your-org/sso/internal/middleware/ratelimit_distributed.go:76.20,78.3 1 1
github.com/your-org/sso/internal/middleware/ratelimit_distributed.go:80.2,95.36 8 1
github.com/your-org/sso/internal/middleware/ratelimit_distributed.go:95.36,97.3 1 0
github.com/your-org/sso/internal/middleware/ratelimit_distributed.go:100.2,104.31 3 1
github.com/your-org/sso/internal/middleware/ratelimit_distributed.go:104.31,107.3 2 1
github.com/your-org/sso/internal/middleware/ratelimit_distributed.go:110.2,117.16 5 1
github.com/your-org/sso/internal/middleware/ratelimit_distributed.go:117.16,119.3 1 0
github.com/your-org/sso/internal/middleware/ratelimit_distributed.go:121.2,124.40 3 1
github.com/your-org/sso/internal/middleware/ratelimit_distributed.go:128.69,130.2 1 1
github.com/your-org/sso/internal/middleware/requestid.go:20.48,21.71 1 1
github.com/your-org/sso/internal/middleware/requestid.go:21.71,23.22 2 1
github.com/your-org/sso/internal/middleware/requestid.go:23.22,25.4 1 1
github.com/your-org/sso/internal/middleware/requestid.go:27.3,30.40 3 1
github.com/your-org/sso/internal/middleware/requestid.go:35.33,39.2 3 1
github.com/your-org/sso/internal/middleware/requestid.go:42.58,43.52 1 1
github.com/your-org/sso/internal/middleware/requestid.go:43.52,45.3 1 1
github.com/your-org/sso/internal/middleware/requestid.go:46.2,46.11 1 1
github.com/your-org/sso/internal/middleware/security.go:21.54,22.71 1 1
github.com/your-org/sso/internal/middleware/security.go:22.71,59.3 10 1
github.com/your-org/sso/internal/middleware/security.go:63.32,67.2 3 1
github.com/your-org/sso/internal/middleware/security.go:70.46,71.54 1 1
github.com/your-org/sso/internal/middleware/security.go:71.54,73.3 1 1
github.com/your-org/sso/internal/middleware/security.go:74.2,74.11 1 1
github.com/your-org/sso/internal/service/admin.go:61.55,63.2 1 1
github.com/your-org/sso/internal/service/admin.go:66.86,68.2 1 1
github.com/your-org/sso/internal/service/admin.go:71.104,73.2 1 0
github.com/your-org/sso/internal/service/admin.go:80.102,82.2 1 1
github.com/your-org/sso/internal/service/admin.go:85.89,87.20 1 1
github.com/your-org/sso/internal/service/admin.go:87.20,90.65 3 1
github.com/your-org/sso/internal/service/admin.go:90.65,92.4 1 1
github.com/your-org/sso/internal/service/admin.go:96.2,97.16 2 1
github.com/your-org/sso/internal/service/admin.go:97.16,99.3 1 1
github.com/your-org/sso/internal/service/admin.go:102.2,102.20 1 1
github.com/your-org/sso/internal/service/admin.go:102.20,104.76 2 1
github.com/your-org/sso/internal/service/admin.go:104.76,106.4 1 0
github.com/your-org/sso/internal/service/admin.go:109.2,109.18 1 1
github.com/your-org/sso/internal/service/admin.go:113.78,115.16 2 1
github.com/your-org/sso/internal/service/admin.go:115.16,117.3 1 1
github.com/your-org/sso/internal/service/admin.go:119.2,122.50 3 1
github.com/your-org/sso/internal/service/admin.go:122.50,124.3 1 0
github.com/your-org/sso/internal/service/admin.go:127.2,127.65 1 1
github.com/your-org/sso/internal/service/admin.go:127.65,129.3 1 1
github.com/your-org/sso/internal/service/admin.go:131.2,131.12 1 1
github.com/your-org/sso/internal/service/admin.go:135.77,137.16 2 1
github.com/your-org/sso/internal/service/admin.go:137.16,139.3 1 1
github.com/your-org/sso/internal/service/admin.go:141.2,146.50 5 1
github.com/your-org/sso/internal/service/admin.go:146.50,148.3 1 0
github.com/your-org/sso/internal/service/admin.go:150.2,150.12 1 1
github.com/your-org/sso/internal/service/admin.go:154.77,156.65 1 0
github.com/your-org/sso/internal/service/admin.go:156.65,158.3 1 0
github.com/your-org/sso/internal/service/admin.go:161.2,161.36 1 0
github.com/your-org/sso/internal/service/admin.go:165.127,167.2 1 0
github.com/your-org/sso/internal/service/admin.go:174.85,176.42 2 1
github.com/your-org/sso/internal/service/admin.go:176.42,178.3 1 1
github.com/your-org/sso/internal/service/admin.go:180.2,185.8 1 1
github.com/your-org/sso/internal/service/admin.go:189.66,191.2 1 1
github.com/your-org/sso/internal/service/audit.go:38.55,50.2 3 1
github.com/your-org/sso/internal/service/audit.go:53.39,54.40 1 1
github.com/your-org/sso/internal/service/audit.go:54.40,57.3 2 1
github.com/your-org/sso/internal/service/audit.go:61.39,66.6 4 1
github.com/your-org/sso/internal/service/audit.go:66.6,67.10 1 1
github.com/your-org/sso/internal/service/audit.go:68.21,70.10 2 1
github.com/your-org/sso/internal/service/audit.go:71.27,72.75 1 1
github.com/your-org/sso/internal/service/audit.go:72.75,74.5 1 0
github.com/your-org/sso/internal/service/audit.go:80.32,84.2 3 1
github.com/your-org/sso/internal/service/audit.go:87.70,89.18 1 1
github.com/your-org/sso/internal/service/audit.go:89.18,91.3 1 1
github.com/your-org/sso/internal/service/audit.go:94.2,94.28 1 1
github.com/your-org/sso/internal/service/audit.go:94.28,96.3 1 1
github.com/your-org/sso/internal/service/audit.go:99.2,115.9 3 1
github.com/your-org/sso/internal/service/audit.go:116.24,116.24 0 1
github.com/your-org/sso/internal/service/audit.go:118.10,120.26 1 0
github.com/your-org/sso/internal/service/audit.go:126.78,134.12 2 0
github.com/your-org/sso/internal/service/audit.go:134.12,137.57 3 0
github.com/your-org/sso/internal/service/audit.go:137.57,143.4 1 0
github.com/your-org/sso/internal/service/audit.go:148.108,157.2 2 1
github.com/your-org/sso/internal/service/audit.go:160.116,170.2 2 1
github.com/your-org/sso/internal/service/audit.go:173.96,181.2 1 1
github.com/your-org/sso/internal/service/audit.go:184.100,192.2 1 1
github.com/your-org/sso/internal/service/audit.go:195.97,203.2 1 1
github.com/your-org/sso/internal/service/audit.go:206.108,216.2 2 1
github.com/your-org/sso/internal/service/audit.go:223.31,225.16 2 1
github.com/your-org/sso/internal/service/audit.go:225.16,227.3 1 0
github.com/your-org/sso/internal/service/audit.go:228.2,228.62 1 1
github.com/your-org/sso/internal/service/audit.go:231.85,238.2 1 1
github.com/your-org/sso/internal/service/audit.go:240.97,248.2 1 1
github.com/your-org/sso/internal/service/audit.go:250.96,258.2 1 1
github.com/your-org/sso/internal/service/audit.go:261.116,271.2 2 1
github.com/your-org/sso/internal/service/audit.go:273.84,280.2 1 1
github.com/your-org/sso/internal/service/audit.go:282.104,289.2 1 1
github.com/your-org/sso/internal/service/audit.go:291.88,298.2 1 1
github.com/your-org/sso/internal/service/audit.go:300.88,307.2 1 1
github.com/your-org/sso/internal/service/audit.go:309.90,316.2 1 1
github.com/your-org/sso/internal/service/audit.go:318.83,325.2 1 1
github.com/your-org/sso/internal/service/audit.go:327.85,334.2 1 1
github.com/your-org/sso/internal/service/audit.go:336.86,343.2 1 1
github.com/your-org/sso/internal/service/audit.go:345.73,352.2 2 1
github.com/your-org/sso/internal/service/audit.go:354.73,361.2 2 1
github.com/your-org/sso/internal/service/audit.go:363.76,370.2 2 1
github.com/your-org/sso/internal/service/auth.go:45.56,46.30 1 1
github.com/your-org/sso/internal/service/auth.go:46.30,48.3 1 1
github.com/your-org/sso/internal/service/auth.go:52.62,53.30 1 0
github.com/your-org/sso/internal/service/auth.go:53.30,55.3 1 0
github.com/your-org/sso/internal/service/auth.go:59.58,60.30 1 1
github.com/your-org/sso/internal/service/auth.go:60.30,62.3 1 1
github.com/your-org/sso/internal/service/auth.go:66.65,67.30 1 0
github.com/your-org/sso/internal/service/auth.go:67.30,69.3 1 0
github.com/your-org/sso/internal/service/auth.go:96.16,98.25 2 1
github.com/your-org/sso/internal/service/auth.go:98.25,100.3 1 1
github.com/your-org/sso/internal/service/auth.go:101.2,110.3 1 1
github.com/your-org/sso/internal/service/auth.go:121.16,132.30 2 1
github.com/your-org/sso/internal/service/auth.go:132.30,134.3 1 1
github.com/your-org/sso/internal/service/auth.go:136.2,136.12 1 1
github.com/your-org/sso/internal/service/auth.go:140.52,141.25 1 1
github.com/your-org/sso/internal/service/auth.go:141.25,143.3 1 1
github.com/your-org/sso/internal/service/auth.go:155.102,157.83 1 1
github.com/your-org/sso/internal/service/auth.go:157.83,159.3 1 1
github.com/your-org/sso/internal/service/auth.go:162.2,163.57 2 1
github.com/your-org/sso/internal/service/auth.go:163.57,165.3 1 1
github.com/your-org/sso/internal/service/auth.go:166.2,166.25 1 1
github.com/your-org/sso/internal/service/auth.go:166.25,168.3 1 1
github.com/your-org/sso/internal/service/auth.go:171.2,172.16 2 1
github.com/your-org/sso/internal/service/auth.go:172.16,174.3 1 0
github.com/your-org/sso/internal/service/auth.go:177.2,187.50 3 1
github.com/your-org/sso/internal/service/auth.go:187.50,189.3 1 1
github.com/your-org/sso/internal/service/auth.go:192.2,192.59 1 1
github.com/your-org/sso/internal/service/auth.go:192.59,195.3 1 0
github.com/your-org/sso/internal/service/auth.go:198.2,200.18 2 1
github.com/your-org/sso/internal/service/auth.go:204.90,205.22 1 1
github.com/your-org/sso/internal/service/auth.go:205.22,207.3 1 1
github.com/your-org/sso/internal/service/auth.go:208.2,208.54 1 0
github.com/your-org/sso/internal/service/auth.go:252.113,255.16 2 1
github.com/your-org/sso/internal/service/auth.go:255.16,257.3 1 1
github.com/your-org/sso/internal/service/auth.go:260.2,260.25 1 1
github.com/your-org/sso/internal/service/auth.go:260.25,263.3 2 1
github.com/your-org/sso/internal/service/auth.go:266.2,266.45 1 1
github.com/your-org/sso/internal/service/auth.go:266.45,268.3 1 1
github.com/your-org/sso/internal/service/auth.go:270.2,270.43 1 1
github.com/your-org/sso/internal/service/auth.go:270.43,271.68 1 1
github.com/your-org/sso/internal/service/auth.go:271.68,273.4 1 1
github.com/your-org/sso/internal/service/auth.go:275.3,275.80 1 1
github.com/your-org/sso/internal/service/auth.go:275.80,276.51 1 0
github.com/your-org/sso/internal/service/auth.go:276.51,278.5 1 0
github.com/your-org/sso/internal/service/auth.go:284.2,284.82 1 1
github.com/your-org/sso/internal/service/auth.go:284.82,286.3 1 1
github.com/your-org/sso/internal/service/auth.go:288.2,288.18 1 1
github.com/your-org/sso/internal/service/auth.go:311.101,314.19 2 1
github.com/your-org/sso/internal/service/auth.go:314.19,317.3 1 1
github.com/your-org/sso/internal/service/auth.go:320.2,321.19 2 1
github.com/your-org/sso/internal/service/auth.go:321.19,324.3 2 0
github.com/your-org/sso/internal/service/auth.go:327.2,327.12 1 1
github.com/your-org/sso/internal/service/auth.go:327.12,330.22 2 1
github.com/your-org/sso/internal/service/auth.go:330.22,335.4 1 0
github.com/your-org/sso/internal/service/auth.go:336.3,336.100 1 1
github.com/your-org/sso/internal/service/auth.go:340.2,343.21 2 1
github.com/your-org/sso/internal/service/auth.go:343.21,350.3 1 1
github.com/your-org/sso/internal/service/auth.go:372.135,374.65 1 1
github.com/your-org/sso/internal/service/auth.go:374.65,376.3 1 0
github.com/your-org/sso/internal/service/auth.go:379.2,382.21 2 1
github.com/your-org/sso/internal/service/auth.go:382.21,388.3 1 1
github.com/your-org/sso/internal/service/auth.go:391.2,391.110 1 1
github.com/your-org/sso/internal/service/auth.go:417.138,418.80 1 1
github.com/your-org/sso/internal/service/auth.go:418.80,420.3 1 0
github.com/your-org/sso/internal/service/auth.go:422.2,423.16 2 1
github.com/your-org/sso/internal/service/auth.go:423.16,425.47 1 1
github.com/your-org/sso/internal/service/auth.go:425.47,427.4 1 1
github.com/your-org/sso/internal/service/auth.go:428.3,428.18 1 1
github.com/your-org/sso/internal/service/auth.go:432.2,432.50 1 1
github.com/your-org/sso/internal/service/auth.go:435.105,437.2 1 1
github.com/your-org/sso/internal/service/auth.go:450.91,452.40 2 1
github.com/your-org/sso/internal/service/auth.go:452.40,453.63 1 1
github.com/your-org/sso/internal/service/auth.go:453.63,461.12 4 1
github.com/your-org/sso/internal/service/auth.go:465.3,465.21 1 1
github.com/your-org/sso/internal/service/auth.go:465.21,467.56 2 0
github.com/your-org/sso/internal/service/auth.go:467.56,469.5 1 0
github.com/your-org/sso/internal/service/auth.go:472.3,472.13 1 1
github.com/your-org/sso/internal/service/auth.go:474.2,474.88 1 1
github.com/your-org/sso/internal/service/auth.go:478.141,481.16 3 1
github.com/your-org/sso/internal/service/auth.go:481.16,485.3 2 1
github.com/your-org/sso/internal/service/auth.go:486.2,488.34 2 1
github.com/your-org/sso/internal/service/auth.go:488.34,491.3 2 1
github.com/your-org/sso/internal/service/auth.go:493.2,494.16 2 1
github.com/your-org/sso/internal/service/auth.go:494.16,497.3 2 1
github.com/your-org/sso/internal/service/auth.go:498.2,500.89 2 1
github.com/your-org/sso/internal/service/auth.go:500.89,508.3 2 1
github.com/your-org/sso/internal/service/auth.go:509.2,513.21 3 1
github.com/your-org/sso/internal/service/auth.go:513.21,518.3 1 1
github.com/your-org/sso/internal/service/auth.go:520.2,520.107 1 1
github.com/your-org/sso/internal/service/auth.go:523.108,525.2 1 1
github.com/your-org/sso/internal/service/auth.go:532.110,534.35 2 1
github.com/your-org/sso/internal/service/auth.go:534.35,538.3 1 1
github.com/your-org/sso/internal/service/auth.go:539.2,539.65 1 1
github.com/your-org/sso/internal/service/auth.go:539.65,545.3 2 1
github.com/your-org/sso/internal/service/auth.go:546.2,547.12 2 1
github.com/your-org/sso/internal/service/auth.go:551.77,553.2 1 1
github.com/your-org/sso/internal/service/auth.go:556.108,557.65 1 1
github.com/your-org/sso/internal/service/auth.go:557.65,563.3 2 1
github.com/your-org/sso/internal/service/auth.go:566.2,566.20 1 1
github.com/your-org/sso/internal/service/auth.go:566.20,567.80 1 0
github.com/your-org/sso/internal/service/auth.go:567.80,569.4 1 0
github.com/your-org/sso/internal/service/auth.go:572.2,573.21 2 1
github.com/your-org/sso/internal/service/auth.go:573.21,577.3 1 1
github.com/your-org/sso/internal/service/auth.go:578.2,578.12 1 1
github.com/your-org/sso/internal/service/auth.go:582.75,584.2 1 1
github.com/your-org/sso/internal/service/auth.go:587.37,588.21 1 1
github.com/your-org/sso/internal/service/auth.go:588.21,590.3 1 0
github.com/your-org/sso/internal/service/auth.go:591.2,591.26 1 1
github.com/your-org/sso/internal/service/auth.go:599.113,601.16 2 1
github.com/your-org/sso/internal/service/auth.go:601.16,603.3 1 1
github.com/your-org/sso/internal/service/auth.go:606.2,606.20 1 1
github.com/your-org/sso/internal/service/auth.go:606.20,609.66 3 0
github.com/your-org/sso/internal/service/auth.go:609.66,610.36 1 0
github.com/your-org/sso/internal/service/auth.go:610.36,612.5 1 0
github.com/your-org/sso/internal/service/auth.go:613.4,613.22 1 0
github.com/your-org/sso/internal/service/auth.go:618.2,619.16 2 1
github.com/your-org/sso/internal/service/auth.go:619.16,622.3 1 1
github.com/your-org/sso/internal/service/auth.go:623.2,623.34 1 1
github.com/your-org/sso/internal/service/auth.go:623.34,625.3 1 1
github.com/your-org/sso/internal/service/auth.go:628.2,628.20 1 1
github.com/your-org/sso/internal/service/auth.go:628.20,630.81 2 0
github.com/your-org/sso/internal/service/auth.go:630.81,632.4 1 0
github.com/your-org/sso/internal/service/auth.go:635.2,635.20 1 1
github.com/your-org/sso/internal/service/auth.go:649.33,652.16 3 1
github.com/your-org/sso/internal/service/auth.go:652.16,654.3 1 1
github.com/your-org/sso/internal/service/auth.go:655.2,655.18 1 1
github.com/your-org/sso/internal/service/email.go:44.105,45.28 1 1
github.com/your-org/sso/internal/service/email.go:45.28,47.3 1 0
github.com/your-org/sso/internal/service/email.go:48.2,48.55 1 1
github.com/your-org/sso/internal/service/email.go:64.88,66.41 2 1
github.com/your-org/sso/internal/service/email.go:66.41,68.3 1 1
github.com/your-org/sso/internal/service/email.go:71.2,72.16 2 1
github.com/your-org/sso/internal/service/email.go:72.16,74.3 1 0
github.com/your-org/sso/internal/service/email.go:76.2,81.8 1 1
github.com/your-org/sso/internal/service/email.go:91.91,103.28 9 1
github.com/your-org/sso/internal/service/email.go:103.28,105.3 1 1
github.com/your-org/sso/internal/service/email.go:106.2,115.30 5 1
github.com/your-org/sso/internal/service/email.go:115.30,117.3 1 1
github.com/your-org/sso/internal/service/email.go:117.8,119.3 1 1
github.com/your-org/sso/internal/service/email.go:121.2,121.16 1 1
github.com/your-org/sso/internal/service/email.go:121.16,124.3 2 1
github.com/your-org/sso/internal/service/email.go:126.2,127.12 2 1
github.com/your-org/sso/internal/service/email.go:131.90,134.16 2 0
github.com/your-org/sso/internal/service/email.go:134.16,136.3 1 0
github.com/your-org/sso/internal/service/email.go:138.2,144.16 3 0
github.com/your-org/sso/internal/service/email.go:144.16,146.3 1 0
github.com/your-org/sso/internal/service/email.go:147.2,151.16 3 0
github.com/your-org/sso/internal/service/email.go:151.16,153.3 1 0
github.com/your-org/sso/internal/service/email.go:154.2,157.27 2 0
github.com/your-org/sso/internal/service/email.go:157.27,159.42 2 0
github.com/your-org/sso/internal/service/email.go:159.42,161.4 1 0
github.com/your-org/sso/internal/service/email.go:165.2,165.41 1 0
github.com/your-org/sso/internal/service/email.go:165.41,167.3 1 0
github.com/your-org/sso/internal/service/email.go:168.2,168.26 1 0
github.com/your-org/sso/internal/service/email.go:168.26,169.42 1 0
github.com/your-org/sso/internal/service/email.go:169.42,171.4 1 0
github.com/your-org/sso/internal/service/email.go:174.2,175.16 2 0
github.com/your-org/sso/internal/service/email.go:175.16,177.3 1 0
github.com/your-org/sso/internal/service/email.go:178.2,179.16 2 0
github.com/your-org/sso/internal/service/email.go:179.16,181.3 1 0
github.com/your-org/sso/internal/service/email.go:182.2,183.16 2 0
github.com/your-org/sso/internal/service/email.go:183.16,185.3 1 0
github.com/your-org/sso/internal/service/email.go:187.2,187.22 1 0
github.com/your-org/sso/internal/service/email.go:191.95,193.16 2 1
github.com/your-org/sso/internal/service/email.go:193.16,195.3 1 0
github.com/your-org/sso/internal/service/email.go:198.2,199.27 2 1
github.com/your-org/sso/internal/service/email.go:199.27,201.3 1 0
github.com/your-org/sso/internal/service/email.go:205.2,205.49 1 1
github.com/your-org/sso/internal/service/email.go:213.106,218.16 2 1
github.com/your-org/sso/internal/service/email.go:218.16,220.3 1 0
github.com/your-org/sso/internal/service/email.go:222.2,222.69 1 1
github.com/your-org/sso/internal/service/email.go:230.106,235.16 2 1
github.com/your-org/sso/internal/service/email.go:235.16,237.3 1 0
[...]
github.com/your-org/sso/internal/store/postgres/key.go:191.68,197.16 5 0
github.com/your-org/sso/internal/store/postgres/key.go:197.16,199.3 1 0
github.com/your-org/sso/internal/store/postgres/key.go:200.2,201.16 2 0
github.com/your-org/sso/internal/store/postgres/key.go:201.16,203.3 1 0
github.com/your-org/sso/internal/store/postgres/key.go:204.2,204.15 1 0
github.com/your-org/sso/internal/store/postgres/key.go:204.15,206.3 1 0
github.com/your-org/sso/internal/store/postgres/key.go:207.2,207.12 1 0
github.com/your-org/sso/internal/store/postgres/key.go:211.68,217.16 5 0
github.com/your-org/sso/internal/store/postgres/key.go:217.16,219.3 1 0
github.com/your-org/sso/internal/store/postgres/key.go:220.2,221.16 2 0
github.com/your-org/sso/internal/store/postgres/key.go:221.16,223.3 1 0
github.com/your-org/sso/internal/store/postgres/key.go:224.2,224.15 1 0
github.com/your-org/sso/internal/store/postgres/key.go:224.15,226.3 1 0
github.com/your-org/sso/internal/store/postgres/key.go:227.2,227.12 1 0
github.com/your-org/sso/internal/store/postgres/mfa_recovery.go:16.102,22.16 4 0
github.com/your-org/sso/internal/store/postgres/mfa_recovery.go:22.16,24.3 1 0
github.com/your-org/sso/internal/store/postgres/mfa_recovery.go:27.2,27.38 1 0
github.com/your-org/sso/internal/store/postgres/mfa_recovery.go:27.38,32.17 2 0
github.com/your-org/sso/internal/store/postgres/mfa_recovery.go:32.17,34.4 1 0
github.com/your-org/sso/internal/store/postgres/mfa_recovery.go:37.2,37.12 1 0
github.com/your-org/sso/internal/store/postgres/mfa_recovery.go:41.97,47.16 5 0
github.com/your-org/sso/internal/store/postgres/mfa_recovery.go:47.16,49.3 1 0
github.com/your-org/sso/internal/store/postgres/mfa_recovery.go:50.2,53.18 3 0
github.com/your-org/sso/internal/store/postgres/mfa_recovery.go:53.18,55.42 2 0
github.com/your-org/sso/internal/store/postgres/mfa_recovery.go:55.42,57.4 1 0
github.com/your-org/sso/internal/store/postgres/mfa_recovery.go:58.3,58.30 1 0
github.com/your-org/sso/internal/store/postgres/mfa_recovery.go:61.2,61.35 1 0
github.com/your-org/sso/internal/store/postgres/mfa_recovery.go:61.35,63.3 1 0
github.com/your-org/sso/internal/store/postgres/mfa_recovery.go:65.2,65.19 1 0
github.com/your-org/sso/internal/store/postgres/mfa_recovery.go:71.101,78.16 5 0
github.com/your-org/sso/internal/store/postgres/mfa_recovery.go:78.16,80.3 1 0
github.com/your-org/sso/internal/store/postgres/mfa_recovery.go:81.2,84.18 3 0
github.com/your-org/sso/internal/store/postgres/mfa_recovery.go:84.18,86.42 2 0
github.com/your-org/sso/internal/store/postgres/mfa_recovery.go:86.42,88.4 1 0
github.com/your-org/sso/internal/store/postgres/mfa_recovery.go:90.3,90.83 1 0
github.com/your-org/sso/internal/store/postgres/mfa_recovery.go:90.83,92.9 2 0
github.com/your-org/sso/internal/store/postgres/mfa_recovery.go:96.2,96.35 1 0
github.com/your-org/sso/internal/store/postgres/mfa_recovery.go:96.35,98.3 1 0
github.com/your-org/sso/internal/store/postgres/mfa_recovery.go:100.2,100.21 1 0
github.com/your-org/sso/internal/store/postgres/mfa_recovery.go:100.21,102.3 1 0
github.com/your-org/sso/internal/store/postgres/mfa_recovery.go:105.2,109.16 2 0
github.com/your-org/sso/internal/store/postgres/mfa_recovery.go:109.16,111.3 1 0
github.com/your-org/sso/internal/store/postgres/mfa_recovery.go:113.2,113.18 1 0
github.com/your-org/sso/internal/store/postgres/mfa_recovery.go:117.86,126.2 4 0
github.com/your-org/sso/internal/store/postgres/postgres.go:49.55,52.2 2 0
github.com/your-org/sso/internal/store/postgres/postgres.go:61.29,66.2 1 0
github.com/your-org/sso/internal/store/postgres/postgres.go:69.53,71.2 1 1
github.com/your-org/sso/internal/store/postgres/postgres.go:75.87,77.16 2 1
github.com/your-org/sso/internal/store/postgres/postgres.go:77.16,79.3 1 0
github.com/your-org/sso/internal/store/postgres/postgres.go:82.2,84.44 3 1
github.com/your-org/sso/internal/store/postgres/postgres.go:84.44,86.3 1 1
github.com/your-org/sso/internal/store/postgres/postgres.go:88.2,91.8 1 0
github.com/your-org/sso/internal/store/postgres/postgres.go:95.133,97.16 2 0
github.com/your-org/sso/internal/store/postgres/postgres.go:97.16,99.3 1 0
github.com/your-org/sso/internal/store/postgres/postgres.go:102.2,108.44 6 0
github.com/your-org/sso/internal/store/postgres/postgres.go:108.44,110.3 1 0
github.com/your-org/sso/internal/store/postgres/postgres.go:112.2,115.8 1 0
github.com/your-org/sso/internal/store/postgres/postgres.go:119.88,121.40 1 0
github.com/your-org/sso/internal/store/postgres/postgres.go:121.40,123.28 2 0
github.com/your-org/sso/internal/store/postgres/postgres.go:123.28,125.4 1 0
github.com/your-org/sso/internal/store/postgres/postgres.go:127.2,127.44 1 0
github.com/your-org/sso/internal/store/postgres/postgres.go:131.31,133.2 1 0
github.com/your-org/sso/internal/store/postgres/postgres.go:136.49,138.2 1 0
github.com/your-org/sso/internal/store/postgres/postgres.go:165.25,182.16 4 0
github.com/your-org/sso/internal/store/postgres/postgres.go:182.16,184.3 1 0
github.com/your-org/sso/internal/store/postgres/postgres.go:185.2,185.21 1 0
github.com/your-org/sso/internal/store/postgres/postgres.go:185.21,187.3 1 0
github.com/your-org/sso/internal/store/postgres/postgres.go:188.2,188.18 1 0
github.com/your-org/sso/internal/store/postgres/token.go:22.98,39.2 3 0
github.com/your-org/sso/internal/store/postgres/token.go:42.106,63.16 4 0
github.com/your-org/sso/internal/store/postgres/token.go:63.16,64.36 1 0
github.com/your-org/sso/internal/store/postgres/token.go:64.36,66.4 1 0
github.com/your-org/sso/internal/store/postgres/token.go:67.3,67.18 1 0
github.com/your-org/sso/internal/store/postgres/token.go:70.2,70.22 1 0
github.com/your-org/sso/internal/store/postgres/token.go:74.83,78.2 3 0
github.com/your-org/sso/internal/store/postgres/token.go:81.99,92.2 5 0
github.com/your-org/sso/internal/store/postgres/token.go:95.75,111.2 3 0
github.com/your-org/sso/internal/store/postgres/token.go:114.104,116.2 1 0
github.com/your-org/sso/internal/store/postgres/token.go:119.102,121.2 1 0
github.com/your-org/sso/internal/store/postgres/token.go:124.97,125.32 1 0
github.com/your-org/sso/internal/store/postgres/token.go:125.32,127.3 1 0
github.com/your-org/sso/internal/store/postgres/token.go:129.2,147.16 4 0
github.com/your-org/sso/internal/store/postgres/token.go:147.16,148.36 1 0
github.com/your-org/sso/internal/store/postgres/token.go:148.36,150.4 1 0
github.com/your-org/sso/internal/store/postgres/token.go:151.3,151.18 1 0
github.com/your-org/sso/internal/store/postgres/token.go:154.2,154.19 1 0
github.com/your-org/sso/internal/store/postgres/token.go:158.76,162.2 3 0
github.com/your-org/sso/internal/store/postgres/token.go:165.79,169.2 3 0
github.com/your-org/sso/internal/store/postgres/token.go:173.59,177.66 2 0
github.com/your-org/sso/internal/store/postgres/token.go:177.66,179.3 1 0
github.com/your-org/sso/internal/store/postgres/token.go:182.2,182.79 1 0
github.com/your-org/sso/internal/store/postgres/token.go:182.79,184.3 1 0
github.com/your-org/sso/internal/store/postgres/token.go:187.2,187.79 1 0
github.com/your-org/sso/internal/store/postgres/token.go:187.79,189.3 1 0
github.com/your-org/sso/internal/store/postgres/token.go:192.2,192.72 1 0
github.com/your-org/sso/internal/store/postgres/token.go:192.72,194.3 1 0
github.com/your-org/sso/internal/store/postgres/token.go:196.2,196.12 1 0
github.com/your-org/sso/internal/store/postgres/token.go:201.100,203.38 1 0
github.com/your-org/sso/internal/store/postgres/token.go:203.38,205.3 1 0
github.com/your-org/sso/internal/store/postgres/token.go:208.2,209.9 2 0
github.com/your-org/sso/internal/store/postgres/token.go:209.9,211.3 1 0
github.com/your-org/sso/internal/store/postgres/token.go:214.2,224.6 3 0
github.com/your-org/sso/internal/store/postgres/token.go:224.6,226.17 2 0
github.com/your-org/sso/internal/store/postgres/token.go:226.17,228.4 1 0
github.com/your-org/sso/internal/store/postgres/token.go:230.3,231.17 2 0
github.com/your-org/sso/internal/store/postgres/token.go:231.17,233.4 1 0
github.com/your-org/sso/internal/store/postgres/token.go:235.3,238.34 2 0
github.com/your-org/sso/internal/store/postgres/token.go:238.34,239.9 1 0
github.com/your-org/sso/internal/store/postgres/token.go:243.3,243.10 1 0
github.com/your-org/sso/internal/store/postgres/token.go:244.21,245.20 1 0
github.com/your-org/sso/internal/store/postgres/token.go:246.44,246.44 0 0
github.com/your-org/sso/internal/store/postgres/token.go:250.2,251.12 2 0
github.com/your-org/sso/internal/store/postgres/user.go:22.69,44.16 5 0
github.com/your-org/sso/internal/store/postgres/user.go:44.16,46.64 1 0
github.com/your-org/sso/internal/store/postgres/user.go:46.64,48.4 1 0
github.com/your-org/sso/internal/store/postgres/user.go:49.3,49.13 1 0
github.com/your-org/sso/internal/store/postgres/user.go:52.2,52.12 1 0
github.com/your-org/sso/internal/store/postgres/user.go:56.78,58.2 1 0
github.com/your-org/sso/internal/store/postgres/user.go:61.84,63.2 1 0
github.com/your-org/sso/internal/store/postgres/user.go:66.95,68.31 1 0
github.com/your-org/sso/internal/store/postgres/user.go:68.31,70.3 1 0
github.com/your-org/sso/internal/store/postgres/user.go:72.2,82.16 5 0
github.com/your-org/sso/internal/store/postgres/user.go:82.16,83.36 1 0
github.com/your-org/sso/internal/store/postgres/user.go:83.36,85.4 1 0
github.com/your-org/sso/internal/store/postgres/user.go:86.3,86.18 1 0
github.com/your-org/sso/internal/store/postgres/user.go:89.2,89.18 1 0
github.com/your-org/sso/internal/store/postgres/user.go:93.69,117.2 5 0
github.com/your-org/sso/internal/store/postgres/user.go:120.117,128.2 3 0
github.com/your-org/sso/internal/store/postgres/user.go:132.187,154.16 6 0
github.com/your-org/sso/internal/store/postgres/user.go:154.16,156.3 1 0
github.com/your-org/sso/internal/store/postgres/user.go:158.2,159.43 2 0
github.com/your-org/sso/internal/store/postgres/user.go:163.78,180.2 5 0
github.com/your-org/sso/internal/store/postgres/user.go:184.80,199.16 5 0
github.com/your-org/sso/internal/store/postgres/user.go:199.16,201.3 1 0
github.com/your-org/sso/internal/store/postgres/user.go:203.2,204.16 2 0
github.com/your-org/sso/internal/store/postgres/user.go:204.16,206.3 1 0
github.com/your-org/sso/internal/store/postgres/user.go:209.2,209.15 1 0
github.com/your-org/sso/internal/store/postgres/user.go:209.15,211.3 1 0
github.com/your-org/sso/internal/store/postgres/user.go:213.2,213.12 1 0
github.com/your-org/sso/internal/store/postgres/user.go:217.62,221.2 3 0
github.com/your-org/sso/internal/store/postgres/user.go:224.95,231.75 5 0
github.com/your-org/sso/internal/store/postgres/user.go:231.75,233.3 1 0
github.com/your-org/sso/internal/store/postgres/user.go:236.2,245.16 3 0
github.com/your-org/sso/internal/store/postgres/user.go:245.16,247.3 1 0
github.com/your-org/sso/internal/store/postgres/user.go:248.2,252.18 3 0
github.com/your-org/sso/internal/store/postgres/user.go:252.18,254.17 2 0
github.com/your-org/sso/internal/store/postgres/user.go:254.17,256.4 1 0
github.com/your-org/sso/internal/store/postgres/user.go:257.3,257.30 1 0
github.com/your-org/sso/internal/store/postgres/user.go:260.2,260.35 1 0
github.com/your-org/sso/internal/store/postgres/user.go:260.35,262.3 1 0
github.com/your-org/sso/internal/store/postgres/user.go:264.2,264.26 1 0
github.com/your-org/sso/internal/store/postgres/verification.go:20.109,28.2 4 0
github.com/your-org/sso/internal/store/postgres/verification.go:31.82,34.2 2 0
github.com/your-org/sso/internal/store/postgres/verification.go:37.117,39.2 1 0
github.com/your-org/sso/internal/store/postgres/verification.go:42.108,46.16 4 0
github.com/your-org/sso/internal/store/postgres/verification.go:46.16,47.36 1 0
github.com/your-org/sso/internal/store/postgres/verification.go:47.36,49.4 1 0
github.com/your-org/sso/internal/store/postgres/verification.go:50.3,50.18 1 0
github.com/your-org/sso/internal/store/postgres/verification.go:52.2,52.20 1 0
github.com/your-org/sso/internal/store/postgres/verification.go:56.83,58.2 1 0
github.com/your-org/sso/internal/store/postgres/verification.go:61.110,63.2 1 0
github.com/your-org/sso/internal/store/postgres/verification.go:66.94,70.16 4 0
github.com/your-org/sso/internal/store/postgres/verification.go:70.16,71.36 1 0
github.com/your-org/sso/internal/store/postgres/verification.go:71.36,73.4 1 0
github.com/your-org/sso/internal/store/postgres/verification.go:74.3,74.18 1 0
github.com/your-org/sso/internal/store/postgres/verification.go:76.2,76.20 1 0
github.com/your-org/sso/internal/store/postgres/verification.go:80.76,82.2 1 0
github.com/your-org/sso/internal/cache/lru.go:32.42,38.2 1 1
github.com/your-org/sso/internal/cache/lru.go:41.77,46.9 4 1
github.com/your-org/sso/internal/cache/lru.go:46.9,48.3 1 1
github.com/your-org/sso/internal/cache/lru.go:50.2,53.68 2 1
github.com/your-org/sso/internal/cache/lru.go:53.68,56.3 2 1
github.com/your-org/sso/internal/cache/lru.go:59.2,60.26 2 1
github.com/your-org/sso/internal/cache/lru.go:64.95,69.34 3 1
github.com/your-org/sso/internal/cache/lru.go:69.34,73.14 3 1
github.com/your-org/sso/internal/cache/lru.go:73.14,75.4 1 0
github.com/your-org/sso/internal/cache/lru.go:76.3,77.9 2 1
github.com/your-org/sso/internal/cache/lru.go:81.2,81.37 1 1
github.com/your-org/sso/internal/cache/lru.go:81.37,83.3 1 1
github.com/your-org/sso/internal/cache/lru.go:86.2,87.13 2 1
github.com/your-org/sso/internal/cache/lru.go:87.13,89.3 1 1
github.com/your-org/sso/internal/cache/lru.go:91.2,98.21 3 1
github.com/your-org/sso/internal/cache/lru.go:102.60,106.34 3 1
github.com/your-org/sso/internal/cache/lru.go:106.34,108.3 1 1
github.com/your-org/sso/internal/cache/lru.go:112.30,116.2 3 1
github.com/your-org/sso/internal/cache/lru.go:119.35,121.17 2 1
github.com/your-org/sso/internal/cache/lru.go:121.17,123.3 1 1
github.com/your-org/sso/internal/cache/lru.go:127.54,131.2 3 1
github.com/your-org/sso/internal/cache/lru.go:134.28,139.2 4 1
github.com/your-org/sso/internal/cache/redis.go:61.42,63.2 1 1
github.com/your-org/sso/internal/cache/redis.go:66.38,68.2 1 1
github.com/your-org/sso/internal/cache/redis.go:71.40,73.2 1 1
github.com/your-org/sso/internal/cache/redis.go:76.40,78.2 1 1
github.com/your-org/sso/internal/cache/redis.go:100.36,107.2 3 1
github.com/your-org/sso/internal/cache/redis.go:111.84,116.13 4 1
github.com/your-org/sso/internal/cache/redis.go:116.13,118.3 1 1
github.com/your-org/sso/internal/cache/redis.go:121.2,121.38 1 1
github.com/your-org/sso/internal/cache/redis.go:121.38,124.78 2 1
github.com/your-org/sso/internal/cache/redis.go:124.78,126.4 1 1
github.com/your-org/sso/internal/cache/redis.go:127.3,128.22 2 1
github.com/your-org/sso/internal/cache/redis.go:132.2,132.90 1 1
github.com/your-org/sso/internal/cache/redis.go:132.90,134.3 1 0
github.com/your-org/sso/internal/cache/redis.go:136.2,136.41 1 1
github.com/your-org/sso/internal/cache/redis.go:141.104,143.16 2 1
github.com/your-org/sso/internal/cache/redis.go:143.16,145.3 1 1
github.com/your-org/sso/internal/cache/redis.go:147.2,154.12 4 1
github.com/your-org/sso/internal/cache/redis.go:160.143,164.18 3 1
github.com/your-org/sso/internal/cache/redis.go:164.18,171.3 2 1
github.com/your-org/sso/internal/cache/redis.go:174.2,175.16 2 1
github.com/your-org/sso/internal/cache/redis.go:175.16,177.3 1 1
github.com/your-org/sso/internal/cache/redis.go:179.2,184.12 2 1
github.com/your-org/sso/internal/cache/redis.go:188.69,193.2 4 1
github.com/your-org/sso/internal/cache/redis.go:197.80,199.26 2 1
github.com/your-org/sso/internal/cache/redis.go:199.26,200.35 1 1
github.com/your-org/sso/internal/cache/redis.go:200.35,202.4 1 1
github.com/your-org/sso/internal/cache/redis.go:204.2,205.12 2 1
github.com/your-org/sso/internal/cache/redis.go:209.37,214.9 3 1
github.com/your-org/sso/internal/cache/redis.go:215.18,215.18 0 1
github.com/your-org/sso/internal/cache/redis.go:217.10,218.18 1 1
github.com/your-org/sso/internal/cache/redis.go:221.2,222.12 2 1
github.com/your-org/sso/internal/cache/redis.go:225.33,229.6 3 1
github.com/your-org/sso/internal/cache/redis.go:229.6,230.10 1 1
github.com/your-org/sso/internal/cache/redis.go:231.19,232.10 1 1
github.com/your-org/sso/internal/cache/redis.go:233.19,235.21 2 0
github.com/your-org/sso/internal/cache/redis.go:235.21,238.5 2 0
github.com/your-org/sso/internal/cache/redis.go:239.4,243.34 4 0
github.com/your-org/sso/internal/cache/redis.go:243.34,244.34 1 0
github.com/your-org/sso/internal/cache/redis.go:244.34,246.6 1 0
github.com/your-org/sso/internal/cache/redis.go:248.4,248.17 1 0
github.com/your-org/sso/internal/cache/redis.go:253.47,254.20 1 1
github.com/your-org/sso/internal/cache/redis.go:254.20,256.3 1 1
github.com/your-org/sso/internal/cache/redis.go:258.2,258.56 1 1
github.com/your-org/sso/internal/cache/redis.go:258.56,260.3 1 1
github.com/your-org/sso/internal/cache/redis.go:262.2,262.23 1 1
github.com/your-org/sso/internal/cache/redis.go:284.72,296.47 4 1
github.com/your-org/sso/internal/cache/redis.go:296.47,298.3 1 1
github.com/your-org/sso/internal/cache/redis.go:300.2,300.41 1 0
github.com/your-org/sso/internal/cache/redis.go:304.73,310.47 4 0
github.com/your-org/sso/internal/cache/redis.go:310.47,312.3 1 0
github.com/your-org/sso/internal/cache/redis.go:314.2,314.41 1 0
github.com/your-org/sso/internal/cache/redis.go:318.54,320.2 1 0
github.com/your-org/sso/internal/cache/redis.go:323.83,325.16 2 0
github.com/your-org/sso/internal/cache/redis.go:325.16,326.23 1 0
github.com/your-org/sso/internal/cache/redis.go:326.23,328.4 1 0
github.com/your-org/sso/internal/cache/redis.go:329.3,329.13 1 0
github.com/your-org/sso/internal/cache/redis.go:332.2,332.76 1 0
github.com/your-org/sso/internal/cache/redis.go:332.76,334.3 1 0
github.com/your-org/sso/internal/cache/redis.go:336.2,336.34 1 0
github.com/your-org/sso/internal/cache/redis.go:340.103,342.16 2 0
github.com/your-org/sso/internal/cache/redis.go:342.16,344.3 1 0
github.com/your-org/sso/internal/cache/redis.go:346.2,346.48 1 0
github.com/your-org/sso/internal/cache/redis.go:350.142,351.18 1 0
github.com/your-org/sso/internal/cache/redis.go:351.18,353.3 1 0
github.com/your-org/sso/internal/cache/redis.go:355.2,356.16 2 0
github.com/your-org/sso/internal/cache/redis.go:356.16,358.3 1 0
github.com/your-org/sso/internal/cache/redis.go:360.2,360.48 1 0
github.com/your-org/sso/internal/cache/redis.go:364.68,366.2 1 0
github.com/your-org/sso/internal/cache/redis.go:370.79,374.6 3 0
github.com/your-org/sso/internal/cache/redis.go:374.6,377.17 2 0
github.com/your-org/sso/internal/cache/redis.go:377.17,379.4 1 0
github.com/your-org/sso/internal/cache/redis.go:382.3,382.20 1 0
github.com/your-org/sso/internal/cache/redis.go:382.20,383.59 1 0
github.com/your-org/sso/internal/cache/redis.go:383.59,385.5 1 0
github.com/your-org/sso/internal/cache/redis.go:386.4,386.29 1 0
github.com/your-org/sso/internal/cache/redis.go:390.3,391.18 2 0
github.com/your-org/sso/internal/cache/redis.go:391.18,392.9 1 0
github.com/your-org/sso/internal/cache/redis.go:396.3,396.10 1 0
github.com/your-org/sso/internal/cache/redis.go:397.21,398.20 1 0
github.com/your-org/sso/internal/cache/redis.go:399.44,399.44 0 0
github.com/your-org/sso/internal/cache/redis.go:403.2,404.12 2 0
github.com/your-org/sso/internal/cache/redis.go:408.36,410.2 1 0
github.com/your-org/sso/internal/cache/redis.go:428.43,429.22 1 1
github.com/your-org/sso/internal/cache/redis.go:429.22,431.3 1 1
github.com/your-org/sso/internal/cache/redis.go:433.2,434.16 2 1
github.com/your-org/sso/internal/cache/redis.go:434.16,436.3 1 1
github.com/your-org/sso/internal/cache/redis.go:438.2,438.24 1 0
github.com/your-org/sso/internal/cache/redis.go:443.55,444.22 1 1
github.com/your-org/sso/internal/cache/redis.go:444.22,447.3 2 1
github.com/your-org/sso/internal/cache/redis.go:449.2,450.16 2 1
github.com/your-org/sso/internal/cache/redis.go:450.16,453.3 2 1
github.com/your-org/sso/internal/cache/redis.go:455.2,456.24 2 0
