mode: set
github.com/your-org/sso/internal/handler/admin.go:39.76,41.2 1 1
github.com/your-org/sso/internal/handler/admin.go:50.80,55.57 3 1
github.com/your-org/sso/internal/handler/admin.go:55.57,56.59 1 1
github.com/your-org/sso/internal/handler/admin.go:56.59,58.4 1 1
github.com/your-org/sso/internal/handler/admin.go:61.2,61.69 1 1
github.com/your-org/sso/internal/handler/admin.go:61.69,62.86 1 1
github.com/your-org/sso/internal/handler/admin.go:62.86,64.4 1 1
github.com/your-org/sso/internal/handler/admin.go:68.2,72.16 3 1
github.com/your-org/sso/internal/handler/admin.go:72.16,75.3 2 0
github.com/your-org/sso/internal/handler/admin.go:78.2,79.29 2 1
github.com/your-org/sso/internal/handler/admin.go:79.29,89.3 1 1
github.com/your-org/sso/internal/handler/admin.go:91.2,97.4 1 1
github.com/your-org/sso/internal/handler/admin.go:103.78,109.18 3 1
github.com/your-org/sso/internal/handler/admin.go:109.18,111.3 1 1
github.com/your-org/sso/internal/handler/admin.go:113.2,113.18 1 1
github.com/your-org/sso/internal/handler/admin.go:113.18,116.3 2 1
github.com/your-org/sso/internal/handler/admin.go:119.2,120.16 2 1
github.com/your-org/sso/internal/handler/admin.go:120.16,123.3 2 1
github.com/your-org/sso/internal/handler/admin.go:125.2,133.4 1 1
github.com/your-org/sso/internal/handler/admin.go:147.3,152.42 3 1
github.com/your-org/sso/internal/handler/admin.go:152.42,154.3 1 0
github.com/your-org/sso/internal/handler/admin.go:154.8,159.45 2 1
github.com/your-org/sso/internal/handler/admin.go:159.45,162.4 2 1
github.com/your-org/sso/internal/handler/admin.go:163.3,163.22 1 1
github.com/your-org/sso/internal/handler/admin.go:166.2,166.18 1 1
github.com/your-org/sso/internal/handler/admin.go:166.18,169.3 2 0
github.com/your-org/sso/internal/handler/admin.go:171.2,171.52 1 1
github.com/your-org/sso/internal/handler/admin.go:171.52,174.3 2 1
github.com/your-org/sso/internal/handler/admin.go:176.2,176.53 1 1
github.com/your-org/sso/internal/handler/admin.go:182.82,184.2 1 1
github.com/your-org/sso/internal/handler/admin.go:189.81,191.2 1 1
github.com/your-org/sso/internal/handler/admin.go:196.81,200.18 3 1
github.com/your-org/sso/internal/handler/admin.go:200.18,203.3 2 1
github.com/your-org/sso/internal/handler/admin.go:205.2,205.67 1 1
github.com/your-org/sso/internal/handler/admin.go:205.67,208.3 2 1
github.com/your-org/sso/internal/handler/admin.go:210.2,210.56 1 1
github.com/your-org/sso/internal/handler/admin.go:216.80,221.57 3 1
github.com/your-org/sso/internal/handler/admin.go:221.57,222.59 1 1
github.com/your-org/sso/internal/handler/admin.go:222.59,224.4 1 1
github.com/your-org/sso/internal/handler/admin.go:227.2,227.69 1 1
github.com/your-org/sso/internal/handler/admin.go:227.69,228.86 1 1
github.com/your-org/sso/internal/handler/admin.go:228.86,230.4 1 1
github.com/your-org/sso/internal/handler/admin.go:234.2,241.16 4 1
github.com/your-org/sso/internal/handler/admin.go:241.16,244.3 2 0
github.com/your-org/sso/internal/handler/admin.go:247.2,248.27 2 1
github.com/your-org/sso/internal/handler/admin.go:248.27,258.3 1 1
github.com/your-org/sso/internal/handler/admin.go:260.2,266.4 1 1
github.com/your-org/sso/internal/handler/admin.go:276.83,279.16 2 1
github.com/your-org/sso/internal/handler/admin.go:279.16,282.3 2 0
github.com/your-org/sso/internal/handler/admin.go:284.2,289.4 1 1
github.com/your-org/sso/internal/handler/admin.go:295.78,297.63 1 1
github.com/your-org/sso/internal/handler/admin.go:297.63,300.3 2 0
github.com/your-org/sso/internal/handler/admin.go:302.2,302.53 1 1
github.com/your-org/sso/internal/handler/authorize.go:24.84,26.2 1 1
github.com/your-org/sso/internal/handler/authorize.go:31.84,42.67 8 1
github.com/your-org/sso/internal/handler/authorize.go:42.67,45.3 2 1
github.com/your-org/sso/internal/handler/authorize.go:48.2,48.36 1 1
github.com/your-org/sso/internal/handler/authorize.go:48.36,51.3 2 1
github.com/your-org/sso/internal/handler/authorize.go:54.2,60.18 3 1
github.com/your-org/sso/internal/handler/authorize.go:60.18,67.3 2 1
github.com/your-org/sso/internal/handler/authorize.go:70.2,79.16 2 0
github.com/your-org/sso/internal/handler/authorize.go:79.16,82.3 2 0
github.com/your-org/sso/internal/handler/authorize.go:85.2,88.4 1 0
github.com/your-org/sso/internal/handler/authorize.go:93.82,96.18 2 1
github.com/your-org/sso/internal/handler/authorize.go:96.18,99.3 2 1
github.com/your-org/sso/internal/handler/authorize.go:102.2,110.44 2 1
github.com/your-org/sso/internal/handler/authorize.go:110.44,113.3 2 1
github.com/your-org/sso/internal/handler/authorize.go:116.2,116.44 1 1
github.com/your-org/sso/internal/handler/authorize.go:116.44,119.3 2 1
github.com/your-org/sso/internal/handler/authorize.go:122.2,134.16 3 1
github.com/your-org/sso/internal/handler/authorize.go:134.16,137.3 2 1
github.com/your-org/sso/internal/handler/authorize.go:140.2,143.4 1 0
github.com/your-org/sso/internal/handler/helpers.go:33.67,36.2 2 1
github.com/your-org/sso/internal/handler/helpers.go:39.69,43.2 3 1
github.com/your-org/sso/internal/handler/helpers.go:46.68,50.2 1 1
github.com/your-org/sso/internal/handler/helpers.go:53.94,56.2 2 0
github.com/your-org/sso/internal/handler/helpers.go:59.88,63.17 2 1
github.com/your-org/sso/internal/handler/helpers.go:63.17,65.3 1 1
github.com/your-org/sso/internal/handler/helpers.go:66.2,66.32 1 1
github.com/your-org/sso/internal/handler/helpers.go:70.55,76.42 4 1
github.com/your-org/sso/internal/handler/helpers.go:76.42,78.37 2 1
github.com/your-org/sso/internal/handler/helpers.go:78.37,80.4 1 1
github.com/your-org/sso/internal/handler/helpers.go:81.3,81.13 1 1
github.com/your-org/sso/internal/handler/helpers.go:84.2,84.55 1 1
github.com/your-org/sso/internal/handler/helpers.go:84.55,86.3 1 0
github.com/your-org/sso/internal/handler/helpers.go:88.2,88.12 1 1
github.com/your-org/sso/internal/handler/helpers.go:93.79,94.9 1 1
github.com/your-org/sso/internal/handler/helpers.go:95.46,96.103 1 1
github.com/your-org/sso/internal/handler/helpers.go:97.47,98.93 1 0
github.com/your-org/sso/internal/handler/helpers.go:99.10,100.93 1 1
github.com/your-org/sso/internal/handler/helpers.go:106.73,110.29 3 1
github.com/your-org/sso/internal/handler/helpers.go:110.29,113.3 2 1
github.com/your-org/sso/internal/handler/helpers.go:116.2,116.9 1 0
github.com/your-org/sso/internal/handler/helpers.go:117.48,118.92 1 0
github.com/your-org/sso/internal/handler/helpers.go:119.53,120.97 1 0
github.com/your-org/sso/internal/handler/helpers.go:121.53,122.99 1 0
github.com/your-org/sso/internal/handler/helpers.go:123.48,124.91 1 0
github.com/your-org/sso/internal/handler/helpers.go:125.50,126.93 1 0
github.com/your-org/sso/internal/handler/helpers.go:127.47,128.93 1 0
github.com/your-org/sso/internal/handler/helpers.go:129.51,130.97 1 0
github.com/your-org/sso/internal/handler/helpers.go:131.10,132.96 1 0
github.com/your-org/sso/internal/handler/helpers.go:169.83,172.38 2 1
github.com/your-org/sso/internal/handler/helpers.go:172.38,173.29 1 1
github.com/your-org/sso/internal/handler/helpers.go:173.29,178.4 2 1
github.com/your-org/sso/internal/handler/helpers.go:181.2,181.14 1 0
github.com/your-org/sso/internal/handler/helpers.go:186.109,187.37 1 0
github.com/your-org/sso/internal/handler/helpers.go:187.37,189.3 1 0
github.com/your-org/sso/internal/handler/helpers.go:192.2,195.4 2 0
github.com/your-org/sso/internal/handler/login.go:23.74,25.2 1 1
github.com/your-org/sso/internal/handler/login.go:29.71,30.15 1 1
github.com/your-org/sso/internal/handler/login.go:30.15,31.35 1 1
github.com/your-org/sso/internal/handler/login.go:31.35,34.4 2 0
github.com/your-org/sso/internal/handler/login.go:38.2,39.44 2 1
github.com/your-org/sso/internal/handler/login.go:39.44,42.3 2 1
github.com/your-org/sso/internal/handler/login.go:45.2,46.16 2 1
github.com/your-org/sso/internal/handler/login.go:46.16,50.3 2 1
github.com/your-org/sso/internal/handler/login.go:53.2,53.35 1 1
github.com/your-org/sso/internal/handler/metrics.go:22.66,26.2 1 1
github.com/your-org/sso/internal/handler/metrics.go:31.80,35.2 3 1
github.com/your-org/sso/internal/handler/mfa.go:26.68,28.2 1 1
github.com/your-org/sso/internal/handler/mfa.go:32.77,34.18 2 1
github.com/your-org/sso/internal/handler/mfa.go:34.18,37.3 2 1
github.com/your-org/sso/internal/handler/mfa.go:39.2,40.16 2 1
github.com/your-org/sso/internal/handler/mfa.go:40.16,41.51 1 1
github.com/your-org/sso/internal/handler/mfa.go:41.51,44.4 2 1
github.com/your-org/sso/internal/handler/mfa.go:45.3,46.9 2 1
github.com/your-org/sso/internal/handler/mfa.go:49.2,53.4 1 1
github.com/your-org/sso/internal/handler/mfa.go:58.78,60.18 2 1
github.com/your-org/sso/internal/handler/mfa.go:60.18,63.3 2 1
github.com/your-org/sso/internal/handler/mfa.go:65.2,68.44 2 1
github.com/your-org/sso/internal/handler/mfa.go:68.44,71.3 2 1
github.com/your-org/sso/internal/handler/mfa.go:73.2,73.20 1 1
github.com/your-org/sso/internal/handler/mfa.go:73.20,76.3 2 1
github.com/your-org/sso/internal/handler/mfa.go:78.2,79.16 2 1
github.com/your-org/sso/internal/handler/mfa.go:79.16,80.49 1 1
github.com/your-org/sso/internal/handler/mfa.go:80.49,83.4 2 0
github.com/your-org/sso/internal/handler/mfa.go:84.3,85.9 2 1
github.com/your-org/sso/internal/handler/mfa.go:88.2,88.53 1 0
github.com/your-org/sso/internal/handler/mfa.go:93.79,95.18 2 1
github.com/your-org/sso/internal/handler/mfa.go:95.18,98.3 2 1
github.com/your-org/sso/internal/handler/mfa.go:100.2,103.44 2 1
github.com/your-org/sso/internal/handler/mfa.go:103.44,106.3 2 1
github.com/your-org/sso/internal/handler/mfa.go:108.2,108.20 1 1
github.com/your-org/sso/internal/handler/mfa.go:108.20,111.3 2 1
github.com/your-org/sso/internal/handler/mfa.go:113.2,114.16 2 1
github.com/your-org/sso/internal/handler/mfa.go:114.16,115.47 1 1
github.com/your-org/sso/internal/handler/mfa.go:115.47,118.4 2 1
github.com/your-org/sso/internal/handler/mfa.go:119.3,119.49 1 1
github.com/your-org/sso/internal/handler/mfa.go:119.49,122.4 2 1
github.com/your-org/sso/internal/handler/mfa.go:123.3,124.9 2 0
github.com/your-org/sso/internal/handler/mfa.go:127.2,127.53 1 0
github.com/your-org/sso/internal/handler/mfa.go:132.78,134.18 2 1
github.com/your-org/sso/internal/handler/mfa.go:134.18,137.3 2 1
github.com/your-org/sso/internal/handler/mfa.go:139.2,140.16 2 1
github.com/your-org/sso/internal/handler/mfa.go:140.16,143.3 2 0
github.com/your-org/sso/internal/handler/mfa.go:145.2,145.37 1 1
github.com/your-org/sso/internal/handler/mfa.go:154.90,156.18 2 0
github.com/your-org/sso/internal/handler/mfa.go:156.18,159.3 2 0
github.com/your-org/sso/internal/handler/mfa.go:161.2,164.61 2 0
github.com/your-org/sso/internal/handler/mfa.go:164.61,167.3 2 0
github.com/your-org/sso/internal/handler/mfa.go:169.2,170.16 2 0
github.com/your-org/sso/internal/handler/mfa.go:170.16,172.3 1 0
github.com/your-org/sso/internal/handler/mfa.go:174.2,175.16 2 0
github.com/your-org/sso/internal/handler/mfa.go:175.16,178.3 2 0
github.com/your-org/sso/internal/handler/mfa.go:180.2,182.4 1 0
github.com/your-org/sso/internal/handler/mfa.go:187.87,189.18 2 0
github.com/your-org/sso/internal/handler/mfa.go:189.18,192.3 2 0
github.com/your-org/sso/internal/handler/mfa.go:194.2,197.61 2 0
github.com/your-org/sso/internal/handler/mfa.go:197.61,200.3 2 0
github.com/your-org/sso/internal/handler/mfa.go:202.2,202.20 1 0
github.com/your-org/sso/internal/handler/mfa.go:202.20,205.3 2 0
github.com/your-org/sso/internal/handler/mfa.go:207.2,208.16 2 0
github.com/your-org/sso/internal/handler/mfa.go:208.16,211.3 2 0
github.com/your-org/sso/internal/handler/mfa.go:213.2,213.12 1 0
github.com/your-org/sso/internal/handler/mfa.go:213.12,216.3 2 0
github.com/your-org/sso/internal/handler/mfa.go:218.2,220.4 1 0
github.com/your-org/sso/internal/handler/mfa.go:225.90,227.18 2 0
github.com/your-org/sso/internal/handler/mfa.go:227.18,230.3 2 0
github.com/your-org/sso/internal/handler/mfa.go:232.2,233.16 2 0
github.com/your-org/sso/internal/handler/mfa.go:233.16,236.3 2 0
github.com/your-org/sso/internal/handler/mfa.go:238.2,240.4 1 0
github.com/your-org/sso/internal/handler/register.go:23.80,25.2 1 1
github.com/your-org/sso/internal/handler/register.go:29.74,32.44 2 1
github.com/your-org/sso/internal/handler/register.go:32.44,35.3 2 1
github.com/your-org/sso/internal/handler/register.go:38.2,39.16 2 1
github.com/your-org/sso/internal/handler/register.go:39.16,41.39 1 1
github.com/your-org/sso/internal/handler/register.go:41.39,44.4 1 0
github.com/your-org/sso/internal/handler/register.go:45.3,45.9 1 1
github.com/your-org/sso/internal/handler/register.go:49.2,52.4 1 1
github.com/your-org/sso/internal/handler/social.go:23.95,25.2 1 1
github.com/your-org/sso/internal/handler/social.go:29.82,32.20 2 1
github.com/your-org/sso/internal/handler/social.go:32.20,36.20 2 1
github.com/your-org/sso/internal/handler/social.go:36.20,38.4 1 1
github.com/your-org/sso/internal/handler/social.go:42.2,43.23 2 1
github.com/your-org/sso/internal/handler/social.go:43.23,45.3 1 1
github.com/your-org/sso/internal/handler/social.go:48.2,52.16 3 1
github.com/your-org/sso/internal/handler/social.go:52.16,55.3 2 1
github.com/your-org/sso/internal/handler/social.go:58.2,58.60 1 1
github.com/your-org/sso/internal/handler/social.go:63.85,66.20 2 1
github.com/your-org/sso/internal/handler/social.go:66.20,69.21 2 1
github.com/your-org/sso/internal/handler/social.go:69.21,71.4 1 1
github.com/your-org/sso/internal/handler/social.go:75.2,76.16 2 1
github.com/your-org/sso/internal/handler/social.go:76.16,79.3 2 1
github.com/your-org/sso/internal/handler/social.go:82.2,83.17 2 1
github.com/your-org/sso/internal/handler/social.go:83.17,86.3 2 0
github.com/your-org/sso/internal/handler/social.go:89.2,93.16 3 1
github.com/your-org/sso/internal/handler/social.go:93.16,95.56 1 1
github.com/your-org/sso/internal/handler/social.go:95.56,98.4 2 0
github.com/your-org/sso/internal/handler/social.go:99.3,100.9 2 1
github.com/your-org/sso/internal/handler/social.go:104.2,109.4 1 0
github.com/your-org/sso/internal/handler/social.go:114.86,131.2 3 1
github.com/your-org/sso/internal/handler/token.go:28.114,33.2 1 1
github.com/your-org/sso/internal/handler/token.go:37.76,39.44 2 1
github.com/your-org/sso/internal/handler/token.go:39.44,42.3 2 1
github.com/your-org/sso/internal/handler/token.go:45.2,45.23 1 1
github.com/your-org/sso/internal/handler/token.go:46.35,48.47 2 1
github.com/your-org/sso/internal/handler/token.go:49.40,50.40 1 1
github.com/your-org/sso/internal/handler/token.go:51.10,52.93 1 1
github.com/your-org/sso/internal/handler/token.go:57.104,59.24 2 1
github.com/your-org/sso/internal/handler/token.go:59.24,63.3 3 1
github.com/your-org/sso/internal/handler/token.go:65.2,67.16 3 1
github.com/your-org/sso/internal/handler/token.go:67.16,71.3 3 1
github.com/your-org/sso/internal/handler/token.go:73.2,74.35 2 1
github.com/your-org/sso/internal/handler/token.go:79.113,81.20 1 1
github.com/your-org/sso/internal/handler/token.go:81.20,84.3 2 1
github.com/your-org/sso/internal/handler/token.go:85.2,85.24 1 1
github.com/your-org/sso/internal/handler/token.go:85.24,88.3 2 1
github.com/your-org/sso/internal/handler/token.go:89.2,89.27 1 1
github.com/your-org/sso/internal/handler/token.go:89.27,92.3 2 1
github.com/your-org/sso/internal/handler/token.go:95.2,103.16 2 1
github.com/your-org/sso/internal/handler/token.go:103.16,106.3 2 1
github.com/your-org/sso/internal/handler/token.go:109.2,115.4 1 0
github.com/your-org/sso/internal/handler/token.go:120.77,124.44 2 1
github.com/your-org/sso/internal/handler/token.go:124.44,127.3 2 1
github.com/your-org/sso/internal/handler/token.go:129.2,129.21 1 1
github.com/your-org/sso/internal/handler/token.go:129.21,132.3 2 1
github.com/your-org/sso/internal/handler/token.go:134.2,134.65 1 1
github.com/your-org/sso/internal/handler/token.go:134.65,137.3 2 0
github.com/your-org/sso/internal/handler/token.go:139.2,139.55 1 1
github.com/your-org/sso/internal/handler/token.go:144.80,147.18 2 0
github.com/your-org/sso/internal/handler/token.go:147.18,150.3 2 0
github.com/your-org/sso/internal/handler/token.go:153.2,153.65 1 0
github.com/your-org/sso/internal/handler/token.go:153.65,156.3 2 0
github.com/your-org/sso/internal/handler/token.go:158.2,158.62 1 0
github.com/your-org/sso/internal/handler/user.go:23.72,25.2 1 1
github.com/your-org/sso/internal/handler/user.go:29.91,32.18 2 1
github.com/your-org/sso/internal/handler/user.go:32.18,35.3 2 1
github.com/your-org/sso/internal/handler/user.go:38.2,39.16 2 1
github.com/your-org/sso/internal/handler/user.go:39.16,42.3 2 1
github.com/your-org/sso/internal/handler/user.go:44.2,44.62 1 0
github.com/your-org/sso/internal/handler/user.go:49.81,54.33 3 1
github.com/your-org/sso/internal/handler/user.go:54.33,57.3 2 1
github.com/your-org/sso/internal/handler/user.go:60.2,61.16 2 1
github.com/your-org/sso/internal/handler/user.go:61.16,64.3 2 1
github.com/your-org/sso/internal/handler/user.go:66.2,66.59 1 1
github.com/your-org/sso/internal/handler/user.go:71.84,75.44 2 1
github.com/your-org/sso/internal/handler/user.go:75.44,78.3 2 1
github.com/your-org/sso/internal/handler/user.go:80.2,80.21 1 1
github.com/your-org/sso/internal/handler/user.go:80.21,83.3 2 1
github.com/your-org/sso/internal/handler/user.go:86.2,87.16 2 1
github.com/your-org/sso/internal/handler/user.go:87.16,91.3 2 0
github.com/your-org/sso/internal/handler/user.go:93.2,93.89 1 1
github.com/your-org/sso/internal/handler/user.go:98.83,104.44 2 1
github.com/your-org/sso/internal/handler/user.go:104.44,107.3 2 1
github.com/your-org/sso/internal/handler/user.go:109.2,109.66 1 1
github.com/your-org/sso/internal/handler/user.go:109.66,112.3 2 1
github.com/your-org/sso/internal/handler/user.go:115.2,116.16 2 1
github.com/your-org/sso/internal/handler/user.go:116.16,119.3 2 1
github.com/your-org/sso/internal/handler/user.go:121.2,121.59 1 0
github.com/your-org/sso/internal/handler/user.go:126.84,129.18 2 1
github.com/your-org/sso/internal/handler/user.go:129.18,132.3 2 1
github.com/your-org/sso/internal/handler/user.go:134.2,138.44 2 1
github.com/your-org/sso/internal/handler/user.go:138.44,141.3 2 1
github.com/your-org/sso/internal/handler/user.go:143.2,143.52 1 1
github.com/your-org/sso/internal/handler/user.go:143.52,146.3 2 1
github.com/your-org/sso/internal/handler/user.go:149.2,150.16 2 1
github.com/your-org/sso/internal/handler/user.go:150.16,153.3 2 1
github.com/your-org/sso/internal/handler/user.go:155.2,155.59 1 0
github.com/your-org/sso/internal/handler/userinfo.go:24.61,26.2 1 1
github.com/your-org/sso/internal/handler/userinfo.go:31.74,37.18 4 1
github.com/your-org/sso/internal/handler/userinfo.go:37.18,40.3 2 1
github.com/your-org/sso/internal/handler/userinfo.go:43.2,44.16 2 1
github.com/your-org/sso/internal/handler/userinfo.go:44.16,52.3 3 1
github.com/your-org/sso/internal/handler/userinfo.go:55.2,60.4 1 0
github.com/your-org/sso/internal/handler/wellknown.go:26.86,31.2 1 1
github.com/your-org/sso/internal/handler/wellknown.go:34.101,39.2 1 1
github.com/your-org/sso/internal/handler/wellknown.go:44.84,103.2 2 1
github.com/your-org/sso/internal/handler/wellknown.go:108.79,110.21 1 1
github.com/your-org/sso/internal/handler/wellknown.go:110.21,114.3 3 1
github.com/your-org/sso/internal/handler/wellknown.go:117.2,117.24 1 1
github.com/your-org/sso/internal/handler/wellknown.go:117.24,122.3 2 0
github.com/your-org/sso/internal/handler/wellknown.go:126.2,138.35 3 1
github.com/your-org/sso/internal/handler/wellknown.go:143.42,145.2 1 1
