mode: set
github.com/your-org/sso/internal/store/postgres/audit.go:16.79,36.2 5 1
github.com/your-org/sso/internal/store/postgres/audit.go:41.136,50.18 6 1
github.com/your-org/sso/internal/store/postgres/audit.go:50.18,54.3 3 1
github.com/your-org/sso/internal/store/postgres/audit.go:56.2,56.21 1 1
github.com/your-org/sso/internal/store/postgres/audit.go:56.21,60.3 3 1
github.com/your-org/sso/internal/store/postgres/audit.go:63.2,65.84 3 1
github.com/your-org/sso/internal/store/postgres/audit.go:65.84,67.3 1 0
github.com/your-org/sso/internal/store/postgres/audit.go:70.2,81.16 4 1
github.com/your-org/sso/internal/store/postgres/audit.go:81.16,83.3 1 0
github.com/your-org/sso/internal/store/postgres/audit.go:84.2,88.18 3 1
github.com/your-org/sso/internal/store/postgres/audit.go:88.18,101.17 3 1
github.com/your-org/sso/internal/store/postgres/audit.go:101.17,103.4 1 0
github.com/your-org/sso/internal/store/postgres/audit.go:104.3,104.27 1 1
github.com/your-org/sso/internal/store/postgres/audit.go:107.2,107.35 1 1
github.com/your-org/sso/internal/store/postgres/audit.go:107.35,109.3 1 0
github.com/your-org/sso/internal/store/postgres/audit.go:111.2,111.25 1 1
github.com/your-org/sso/internal/store/postgres/client.go:20.92,40.16 4 1
github.com/your-org/sso/internal/store/postgres/client.go:40.16,41.36 1 1
github.com/your-org/sso/internal/store/postgres/client.go:41.36,43.4 1 1
github.com/your-org/sso/internal/store/postgres/client.go:44.3,44.18 1 0
github.com/your-org/sso/internal/store/postgres/client.go:47.2,47.20 1 1
github.com/your-org/sso/internal/store/postgres/client.go:51.79,68.2 3 1
github.com/your-org/sso/internal/store/postgres/client.go:72.100,79.16 6 1
github.com/your-org/sso/internal/store/postgres/client.go:79.16,81.3 1 0
github.com/your-org/sso/internal/store/postgres/client.go:82.2,82.15 1 1
github.com/your-org/sso/internal/store/postgres/key.go:19.76,36.2 5 1
github.com/your-org/sso/internal/store/postgres/key.go:39.78,61.16 6 1
github.com/your-org/sso/internal/store/postgres/key.go:61.16,62.36 1 1
github.com/your-org/sso/internal/store/postgres/key.go:62.36,64.4 1 1
github.com/your-org/sso/internal/store/postgres/key.go:65.3,65.18 1 0
github.com/your-org/sso/internal/store/postgres/key.go:68.2,68.17 1 1
github.com/your-org/sso/internal/store/postgres/key.go:72.90,92.16 6 1
github.com/your-org/sso/internal/store/postgres/key.go:92.16,93.36 1 1
github.com/your-org/sso/internal/store/postgres/key.go:93.36,95.4 1 1
github.com/your-org/sso/internal/store/postgres/key.go:96.3,96.18 1 0
github.com/your-org/sso/internal/store/postgres/key.go:99.2,99.17 1 1
github.com/your-org/sso/internal/store/postgres/key.go:104.78,106.18 2 1
github.com/your-org/sso/internal/store/postgres/key.go:106.18,116.17 3 1
github.com/your-org/sso/internal/store/postgres/key.go:116.17,118.4 1 0
github.com/your-org/sso/internal/store/postgres/key.go:119.3,119.27 1 1
github.com/your-org/sso/internal/store/postgres/key.go:122.2,122.35 1 1
github.com/your-org/sso/internal/store/postgres/key.go:122.35,124.3 1 0
github.com/your-org/sso/internal/store/postgres/key.go:126.2,126.18 1 1
github.com/your-org/sso/internal/store/postgres/key.go:130.82,142.16 5 1
github.com/your-org/sso/internal/store/postgres/key.go:142.16,144.3 1 0
github.com/your-org/sso/internal/store/postgres/key.go:145.2,147.32 2 1
github.com/your-org/sso/internal/store/postgres/key.go:151.79,162.16 5 1
github.com/your-org/sso/internal/store/postgres/key.go:162.16,164.3 1 0
github.com/your-org/sso/internal/store/postgres/key.go:165.2,167.32 2 1
github.com/your-org/sso/internal/store/postgres/key.go:171.92,177.16 5 1
github.com/your-org/sso/internal/store/postgres/key.go:177.16,179.3 1 0
github.com/your-org/sso/internal/store/postgres/key.go:180.2,181.16 2 1
github.com/your-org/sso/internal/store/postgres/key.go:181.16,183.3 1 0
github.com/your-org/sso/internal/store/postgres/key.go:184.2,184.15 1 1
github.com/your-org/sso/internal/store/postgres/key.go:184.15,186.3 1 1
github.com/your-org/sso/internal/store/postgres/key.go:187.2,187.12 1 1
github.com/your-org/sso/internal/store/postgres/key.go:191.68,197.16 5 1
github.com/your-org/sso/internal/store/postgres/key.go:197.16,199.3 1 0
github.com/your-org/sso/internal/store/postgres/key.go:200.2,201.16 2 1
github.com/your-org/sso/internal/store/postgres/key.go:201.16,203.3 1 0
github.com/your-org/sso/internal/store/postgres/key.go:204.2,204.15 1 1
github.com/your-org/sso/internal/store/postgres/key.go:204.15,206.3 1 1
github.com/your-org/sso/internal/store/postgres/key.go:207.2,207.12 1 1
github.com/your-org/sso/internal/store/postgres/key.go:211.68,217.16 5 1
github.com/your-org/sso/internal/store/postgres/key.go:217.16,219.3 1 0
github.com/your-org/sso/internal/store/postgres/key.go:220.2,221.16 2 1
github.com/your-org/sso/internal/store/postgres/key.go:221.16,223.3 1 0
github.com/your-org/sso/internal/store/postgres/key.go:224.2,224.15 1 1
github.com/your-org/sso/internal/store/postgres/key.go:224.15,226.3 1 1
github.com/your-org/sso/internal/store/postgres/key.go:227.2,227.12 1 1
github.com/your-org/sso/internal/store/postgres/mfa_recovery.go:16.102,22.16 4 1
github.com/your-org/sso/internal/store/postgres/mfa_recovery.go:22.16,24.3 1 0
github.com/your-org/sso/internal/store/postgres/mfa_recovery.go:27.2,27.38 1 1
github.com/your-org/sso/internal/store/postgres/mfa_recovery.go:27.38,32.17 2 1
github.com/your-org/sso/internal/store/postgres/mfa_recovery.go:32.17,34.4 1 0
github.com/your-org/sso/internal/store/postgres/mfa_recovery.go:37.2,37.12 1 1
github.com/your-org/sso/internal/store/postgres/mfa_recovery.go:41.97,47.16 5 1
github.com/your-org/sso/internal/store/postgres/mfa_recovery.go:47.16,49.3 1 0
github.com/your-org/sso/internal/store/postgres/mfa_recovery.go:50.2,53.18 3 1
github.com/your-org/sso/internal/store/postgres/mfa_recovery.go:53.18,55.42 2 1
github.com/your-org/sso/internal/store/postgres/mfa_recovery.go:55.42,57.4 1 0
github.com/your-org/sso/internal/store/postgres/mfa_recovery.go:58.3,58.30 1 1
github.com/your-org/sso/internal/store/postgres/mfa_recovery.go:61.2,61.35 1 1
github.com/your-org/sso/internal/store/postgres/mfa_recovery.go:61.35,63.3 1 0
github.com/your-org/sso/internal/store/postgres/mfa_recovery.go:65.2,65.19 1 1
github.com/your-org/sso/internal/store/postgres/mfa_recovery.go:71.101,78.16 5 0
github.com/your-org/sso/internal/store/postgres/mfa_recovery.go:78.16,80.3 1 0
github.com/your-org/sso/internal/store/postgres/mfa_recovery.go:81.2,84.18 3 0
github.com/your-org/sso/internal/store/postgres/mfa_recovery.go:84.18,86.42 2 0
github.com/your-org/sso/internal/store/postgres/mfa_recovery.go:86.42,88.4 1 0
github.com/your-org/sso/internal/store/postgres/mfa_recovery.go:90.3,90.83 1 0
github.com/your-org/sso/internal/store/postgres/mfa_recovery.go:90.83,92.9 2 0
github.com/your-org/sso/internal/store/postgres/mfa_recovery.go:96.2,96.35 1 0
github.com/your-org/sso/internal/store/postgres/mfa_recovery.go:96.35,98.3 1 0
github.com/your-org/sso/internal/store/postgres/mfa_recovery.go:100.2,100.21 1 0
github.com/your-org/sso/internal/store/postgres/mfa_recovery.go:100.21,102.3 1 0
github.com/your-org/sso/internal/store/postgres/mfa_recovery.go:105.2,109.16 2 0
github.com/your-org/sso/internal/store/postgres/mfa_recovery.go:109.16,111.3 1 0
github.com/your-org/sso/internal/store/postgres/mfa_recovery.go:113.2,113.18 1 0
github.com/your-org/sso/internal/store/postgres/mfa_recovery.go:117.86,126.2 4 1
github.com/your-org/sso/internal/store/postgres/postgres.go:49.55,52.2 2 1
github.com/your-org/sso/internal/store/postgres/postgres.go:61.29,66.2 1 1
github.com/your-org/sso/internal/store/postgres/postgres.go:69.53,71.2 1 1
github.com/your-org/sso/internal/store/postgres/postgres.go:75.87,77.16 2 1
github.com/your-org/sso/internal/store/postgres/postgres.go:77.16,79.3 1 0
github.com/your-org/sso/internal/store/postgres/postgres.go:82.2,84.44 3 1
github.com/your-org/sso/internal/store/postgres/postgres.go:84.44,86.3 1 1
github.com/your-org/sso/internal/store/postgres/postgres.go:88.2,91.8 1 1
github.com/your-org/sso/internal/store/postgres/postgres.go:95.133,97.16 2 1
github.com/your-org/sso/internal/store/postgres/postgres.go:97.16,99.3 1 0
github.com/your-org/sso/internal/store/postgres/postgres.go:102.2,108.44 6 1
github.com/your-org/sso/internal/store/postgres/postgres.go:108.44,110.3 1 0
github.com/your-org/sso/internal/store/postgres/postgres.go:112.2,115.8 1 1
github.com/your-org/sso/internal/store/postgres/postgres.go:119.88,121.40 1 1
github.com/your-org/sso/internal/store/postgres/postgres.go:121.40,123.28 2 0
github.com/your-org/sso/internal/store/postgres/postgres.go:123.28,125.4 1 0
github.com/your-org/sso/internal/store/postgres/postgres.go:127.2,127.44 1 1
github.com/your-org/sso/internal/store/postgres/postgres.go:131.31,133.2 1 1
github.com/your-org/sso/internal/store/postgres/postgres.go:136.49,138.2 1 1
github.com/your-org/sso/internal/store/postgres/postgres.go:165.25,182.16 4 1
github.com/your-org/sso/internal/store/postgres/postgres.go:182.16,184.3 1 1
github.com/your-org/sso/internal/store/postgres/postgres.go:185.2,185.21 1 1
github.com/your-org/sso/internal/store/postgres/postgres.go:185.21,187.3 1 1
github.com/your-org/sso/internal/store/postgres/postgres.go:188.2,188.18 1 1
github.com/your-org/sso/internal/store/postgres/token.go:22.98,39.2 3 1
github.com/your-org/sso/internal/store/postgres/token.go:42.106,63.16 4 1
github.com/your-org/sso/internal/store/postgres/token.go:63.16,64.36 1 1
github.com/your-org/sso/internal/store/postgres/token.go:64.36,66.4 1 1
github.com/your-org/sso/internal/store/postgres/token.go:67.3,67.18 1 0
github.com/your-org/sso/internal/store/postgres/token.go:70.2,70.22 1 1
github.com/your-org/sso/internal/store/postgres/token.go:74.83,78.2 3 0
github.com/your-org/sso/internal/store/postgres/token.go:81.99,92.2 5 1
github.com/your-org/sso/internal/store/postgres/token.go:95.75,111.2 3 1
github.com/your-org/sso/internal/store/postgres/token.go:114.104,116.2 1 1
github.com/your-org/sso/internal/store/postgres/token.go:119.102,121.2 1 1
github.com/your-org/sso/internal/store/postgres/token.go:124.97,125.32 1 1
github.com/your-org/sso/internal/store/postgres/token.go:125.32,127.3 1 0
github.com/your-org/sso/internal/store/postgres/token.go:129.2,147.16 4 1
github.com/your-org/sso/internal/store/postgres/token.go:147.16,148.36 1 1
github.com/your-org/sso/internal/store/postgres/token.go:148.36,150.4 1 1
github.com/your-org/sso/internal/store/postgres/token.go:151.3,151.18 1 0
github.com/your-org/sso/internal/store/postgres/token.go:154.2,154.19 1 1
github.com/your-org/sso/internal/store/postgres/token.go:158.76,162.2 3 1
github.com/your-org/sso/internal/store/postgres/token.go:165.79,169.2 3 1
github.com/your-org/sso/internal/store/postgres/token.go:173.59,177.66 2 1
github.com/your-org/sso/internal/store/postgres/token.go:177.66,179.3 1 0
github.com/your-org/sso/internal/store/postgres/token.go:182.2,182.79 1 1
github.com/your-org/sso/internal/store/postgres/token.go:182.79,184.3 1 0
github.com/your-org/sso/internal/store/postgres/token.go:187.2,187.79 1 1
github.com/your-org/sso/internal/store/postgres/token.go:187.79,189.3 1 0
github.com/your-org/sso/internal/store/postgres/token.go:192.2,192.72 1 1
github.com/your-org/sso/internal/store/postgres/token.go:192.72,194.3 1 0
github.com/your-org/sso/internal/store/postgres/token.go:196.2,196.12 1 1
github.com/your-org/sso/internal/store/postgres/token.go:201.100,203.38 1 1
github.com/your-org/sso/internal/store/postgres/token.go:203.38,205.3 1 0
github.com/your-org/sso/internal/store/postgres/token.go:208.2,209.9 2 1
github.com/your-org/sso/internal/store/postgres/token.go:209.9,211.3 1 0
github.com/your-org/sso/internal/store/postgres/token.go:214.2,224.6 3 1
github.com/your-org/sso/internal/store/postgres/token.go:224.6,226.17 2 1
github.com/your-org/sso/internal/store/postgres/token.go:226.17,228.4 1 0
github.com/your-org/sso/internal/store/postgres/token.go:230.3,231.17 2 1
github.com/your-org/sso/internal/store/postgres/token.go:231.17,233.4 1 0
github.com/your-org/sso/internal/store/postgres/token.go:235.3,238.34 2 1
github.com/your-org/sso/internal/store/postgres/token.go:238.34,239.9 1 1
github.com/your-org/sso/internal/store/postgres/token.go:243.3,243.10 1 0
github.com/your-org/sso/internal/store/postgres/token.go:244.21,245.20 1 0
github.com/your-org/sso/internal/store/postgres/token.go:246.44,246.44 0 0
github.com/your-org/sso/internal/store/postgres/token.go:250.2,251.12 2 1
github.com/your-org/sso/internal/store/postgres/user.go:22.69,44.16 5 1
github.com/your-org/sso/internal/store/postgres/user.go:44.16,46.64 1 1
github.com/your-org/sso/internal/store/postgres/user.go:46.64,48.4 1 1
github.com/your-org/sso/internal/store/postgres/user.go:49.3,49.13 1 0
github.com/your-org/sso/internal/store/postgres/user.go:52.2,52.12 1 1
github.com/your-org/sso/internal/store/postgres/user.go:56.78,58.2 1 1
github.com/your-org/sso/internal/store/postgres/user.go:61.84,63.2 1 1
github.com/your-org/sso/internal/store/postgres/user.go:66.95,68.31 1 1
github.com/your-org/sso/internal/store/postgres/user.go:68.31,70.3 1 0
github.com/your-org/sso/internal/store/postgres/user.go:72.2,82.16 5 1
github.com/your-org/sso/internal/store/postgres/user.go:82.16,83.36 1 1
github.com/your-org/sso/internal/store/postgres/user.go:83.36,85.4 1 1
github.com/your-org/sso/internal/store/postgres/user.go:86.3,86.18 1 1
github.com/your-org/sso/internal/store/postgres/user.go:89.2,89.18 1 1
github.com/your-org/sso/internal/store/postgres/user.go:93.69,117.2 5 1
github.com/your-org/sso/internal/store/postgres/user.go:120.117,128.2 3 1
github.com/your-org/sso/internal/store/postgres/user.go:132.187,154.16 6 1
github.com/your-org/sso/internal/store/postgres/user.go:154.16,156.3 1 1
github.com/your-org/sso/internal/store/postgres/user.go:158.2,159.43 2 1
github.com/your-org/sso/internal/store/postgres/user.go:163.78,180.2 5 1
github.com/your-org/sso/internal/store/postgres/user.go:184.80,199.16 5 1
github.com/your-org/sso/internal/store/postgres/user.go:199.16,201.3 1 1
github.com/your-org/sso/internal/store/postgres/user.go:203.2,204.16 2 1
github.com/your-org/sso/internal/store/postgres/user.go:204.16,206.3 1 0
github.com/your-org/sso/internal/store/postgres/user.go:209.2,209.15 1 1
github.com/your-org/sso/internal/store/postgres/user.go:209.15,211.3 1 1
github.com/your-org/sso/internal/store/postgres/user.go:213.2,213.12 1 1
github.com/your-org/sso/internal/store/postgres/user.go:217.62,221.2 3 1
github.com/your-org/sso/internal/store/postgres/user.go:224.95,231.75 5 1
github.com/your-org/sso/internal/store/postgres/user.go:231.75,233.3 1 0
github.com/your-org/sso/internal/store/postgres/user.go:236.2,245.16 3 1
github.com/your-org/sso/internal/store/postgres/user.go:245.16,247.3 1 0
github.com/your-org/sso/internal/store/postgres/user.go:248.2,252.18 3 1
github.com/your-org/sso/internal/store/postgres/user.go:252.18,254.17 2 1
github.com/your-org/sso/internal/store/postgres/user.go:254.17,256.4 1 0
github.com/your-org/sso/internal/store/postgres/user.go:257.3,257.30 1 1
github.com/your-org/sso/internal/store/postgres/user.go:260.2,260.35 1 1
github.com/your-org/sso/internal/store/postgres/user.go:260.35,262.3 1 0
github.com/your-org/sso/internal/store/postgres/user.go:264.2,264.26 1 1
github.com/your-org/sso/internal/store/postgres/verification.go:20.109,28.2 4 1
github.com/your-org/sso/internal/store/postgres/verification.go:31.82,34.2 2 1
github.com/your-org/sso/internal/store/postgres/verification.go:37.117,39.2 1 1
github.com/your-org/sso/internal/store/postgres/verification.go:42.108,46.16 4 1
github.com/your-org/sso/internal/store/postgres/verification.go:46.16,47.36 1 0
github.com/your-org/sso/internal/store/postgres/verification.go:47.36,49.4 1 0
github.com/your-org/sso/internal/store/postgres/verification.go:50.3,50.18 1 0
github.com/your-org/sso/internal/store/postgres/verification.go:52.2,52.20 1 1
github.com/your-org/sso/internal/store/postgres/verification.go:56.83,58.2 1 1
github.com/your-org/sso/internal/store/postgres/verification.go:61.110,63.2 1 1
github.com/your-org/sso/internal/store/postgres/verification.go:66.94,70.16 4 1
github.com/your-org/sso/internal/store/postgres/verification.go:70.16,71.36 1 0
github.com/your-org/sso/internal/store/postgres/verification.go:71.36,73.4 1 0
github.com/your-org/sso/internal/store/postgres/verification.go:74.3,74.18 1 0
github.com/your-org/sso/internal/store/postgres/verification.go:76.2,76.20 1 1
github.com/your-org/sso/internal/store/postgres/verification.go:80.76,82.2 1 1
